Running: ./testmodel.py --libraries=/home/runner/.openmodelica/libraries/ --ompython_omhome= PNlib_master_PNlib.Examples.ConTest.TCtoPCfunction.conf.json
loadFile("/home/runner/.openmodelica/libraries/ModelicaServices 4.0.0+maint.om/package.mo", uses=false)
loadFile("/home/runner/.openmodelica/libraries/Complex 4.0.0+maint.om/package.mo", uses=false)
loadFile("/home/runner/.openmodelica/libraries/Modelica 4.0.0+maint.om/package.mo", uses=false)
loadFile("/home/runner/work/PNlib/PNlib/PNlib/package.mo", uses=false)
Using package PNlib with version 3.0.0 (/home/runner/work/PNlib/PNlib/PNlib/package.mo)
Using package Modelica with version 4.0.0 (/home/runner/.openmodelica/libraries/Modelica 4.0.0+maint.om/package.mo)
Using package Complex with version 4.0.0 (/home/runner/.openmodelica/libraries/Complex 4.0.0+maint.om/package.mo)
Using package ModelicaServices with version 4.0.0 (/home/runner/.openmodelica/libraries/ModelicaServices 4.0.0+maint.om/package.mo)
Running command: translateModel(PNlib.Examples.ConTest.TCtoPCfunction,tolerance=1e-06,outputFormat="mat",numberOfIntervals=5000,variableFilter="P1.t|T1.fire|T1.instantaneousSpeed|T1.maximumSpeed|time",fileNamePrefix="PNlib_master_PNlib.Examples.ConTest.TCtoPCfunction")
translateModel(PNlib.Examples.ConTest.TCtoPCfunction,tolerance=1e-06,outputFormat="mat",numberOfIntervals=5000,variableFilter="P1.t|T1.fire|T1.instantaneousSpeed|T1.maximumSpeed|time",fileNamePrefix="PNlib_master_PNlib.Examples.ConTest.TCtoPCfunction")
Notification: Performance of loadFile(/home/runner/.openmodelica/libraries/ModelicaServices 4.0.0+maint.om/package.mo): time 0.000994/0.0009942, allocations: 97.55 kB / 15.59 MB, free: 4.789 MB / 13.93 MB
Notification: Performance of loadFile(/home/runner/.openmodelica/libraries/Complex 4.0.0+maint.om/package.mo): time 0.001025/0.001025, allocations: 177.5 kB / 16.51 MB, free: 4.348 MB / 13.93 MB
Notification: Performance of loadFile(/home/runner/.openmodelica/libraries/Modelica 4.0.0+maint.om/package.mo): time 1.617/1.617, allocations: 222.1 MB / 239.4 MB, free: 11.05 MB / 202.7 MB
Notification: Performance of loadFile(/home/runner/work/PNlib/PNlib/PNlib/package.mo): time 0.09567/0.09567, allocations: 16.59 MB / 306.2 MB, free: 10.53 MB / 250.7 MB
Notification: Performance of FrontEnd - loaded program: time 0.0004506/0.0004507, allocations: 7.984 kB / 370.6 MB, free: 44.97 MB / 298.7 MB
Notification: Performance of FrontEnd - Absyn->SCode: time 0.0821/0.08256, allocations: 53.48 MB / 424.1 MB, free: 5.871 MB / 298.7 MB
Notification: Performance of NFInst.instantiate(PNlib.Examples.ConTest.TCtoPCfunction): time 0.002877/0.0855, allocations: 1.992 MB / 426.1 MB, free: 3.871 MB / 298.7 MB
Notification: Performance of NFInst.instExpressions: time 0.002727/0.08825, allocations: 1.681 MB / 427.8 MB, free: 2.191 MB / 298.7 MB
Notification: Performance of NFInst.updateImplicitVariability: time 0.0002192/0.08849, allocations: 7.938 kB / 427.8 MB, free: 2.184 MB / 298.7 MB
Notification: Performance of NFTyping.typeComponents: time 0.0002945/0.08879, allocations: 127 kB / 427.9 MB, free: 2.059 MB / 298.7 MB
Notification: Performance of NFTyping.typeBindings: time 0.0004423/0.08924, allocations: 127 kB / 428 MB, free: 1.934 MB / 298.7 MB
Notification: Performance of NFTyping.typeClassSections: time 0.001171/0.09043, allocations: 0.6967 MB / 428.7 MB, free: 1.238 MB / 298.7 MB
Notification: Performance of NFFlatten.flatten: time 0.001143/0.09158, allocations: 1.416 MB / 430.1 MB, free: 15.82 MB / 314.7 MB
Notification: Performance of NFFlatten.resolveConnections: time 0.0004423/0.09204, allocations: 143.9 kB / 430.3 MB, free: 15.67 MB / 314.7 MB
Notification: Performance of NFEvalConstants.evaluate: time 0.0004082/0.09246, allocations: 0.5336 MB / 430.8 MB, free: 15.14 MB / 314.7 MB
Notification: Performance of NFSimplifyModel.simplify: time 0.0003764/0.09285, allocations: 334.3 kB / 431.1 MB, free: 14.81 MB / 314.7 MB
Notification: Performance of NFPackage.collectConstants: time 0.0001188/0.09298, allocations: 72 kB / 431.2 MB, free: 14.74 MB / 314.7 MB
Notification: Performance of NFFlatten.collectFunctions: time 0.0005874/0.09357, allocations: 467.4 kB / 431.7 MB, free: 14.29 MB / 314.7 MB
Notification: Performance of NFScalarize.scalarize: time 0.0001543/0.09374, allocations: 151.4 kB / 431.8 MB, free: 14.14 MB / 314.7 MB
Notification: Performance of NFVerifyModel.verify: time 0.0002748/0.09402, allocations: 354.3 kB / 432.1 MB, free: 13.79 MB / 314.7 MB
Notification: Performance of NFConvertDAE.convert: time 0.00108/0.09511, allocations: 1.04 MB / 433.2 MB, free: 12.75 MB / 314.7 MB
Notification: Performance of FrontEnd - DAE generated: time 3.817e-06/0.09513, allocations: 0 / 433.2 MB, free: 12.75 MB / 314.7 MB
Notification: Performance of FrontEnd: time 1.383e-06/0.09514, allocations: 0 / 433.2 MB, free: 12.75 MB / 314.7 MB
Notification: Performance of Transformations before backend: time 9.287e-06/0.09515, allocations: 0 / 433.2 MB, free: 12.75 MB / 314.7 MB
Notification: Model statistics after passing the front-end and creating the data structures used by the back-end:
 * Number of equations: 165
 * Number of variables: 165
Notification: Performance of Generate backend data structure: time 0.001595/0.09675, allocations: 1.259 MB / 434.4 MB, free: 11.37 MB / 314.7 MB
Notification: Performance of prepare preOptimizeDAE: time 3.014e-05/0.09679, allocations: 8.031 kB / 434.5 MB, free: 11.36 MB / 314.7 MB
Notification: Performance of preOpt normalInlineFunction (simulation): time 0.0007643/0.09756, allocations: 144 kB / 434.6 MB, free: 11.22 MB / 314.7 MB
Notification: Performance of preOpt evaluateParameters (simulation): time 0.0005076/0.09808, allocations: 403 kB / 435 MB, free: 10.79 MB / 314.7 MB
Notification: Performance of preOpt simplifyIfEquations (simulation): time 0.0001186/0.09821, allocations: 142.7 kB / 435.1 MB, free: 10.63 MB / 314.7 MB
Notification: Performance of preOpt expandDerOperator (simulation): time 0.0001176/0.09834, allocations: 71.98 kB / 435.2 MB, free: 10.56 MB / 314.7 MB
Notification: Performance of preOpt clockPartitioning (simulation): time 0.001909/0.1003, allocations: 1.133 MB / 436.3 MB, free: 9.375 MB / 314.7 MB
Notification: Performance of preOpt findStateOrder (simulation): time 2.321e-05/0.1003, allocations: 3.984 kB / 436.3 MB, free: 9.371 MB / 314.7 MB
Notification: Performance of preOpt replaceEdgeChange (simulation): time 9.108e-05/0.1004, allocations: 39.92 kB / 436.4 MB, free: 9.332 MB / 314.7 MB
Notification: Performance of preOpt inlineArrayEqn (simulation): time 9.629e-05/0.1005, allocations: 52.95 kB / 436.4 MB, free: 9.281 MB / 314.7 MB
Notification: Performance of preOpt removeEqualRHS (simulation): time 0.001426/0.1019, allocations: 0.7731 MB / 437.2 MB, free: 8.508 MB / 314.7 MB
Notification: Performance of preOpt removeSimpleEquations (simulation): time 0.003568/0.1055, allocations: 2.812 MB / 440 MB, free: 5.562 MB / 314.7 MB
Notification: Performance of preOpt comSubExp (simulation): time 0.001328/0.1069, allocations: 1.087 MB / 441.1 MB, free: 4.457 MB / 314.7 MB
Notification: Performance of preOpt resolveLoops (simulation): time 0.001158/0.108, allocations: 0.9711 MB / 442.1 MB, free: 3.48 MB / 314.7 MB
Notification: Performance of preOpt evalFunc (simulation): time 0.002197/0.1102, allocations: 2.876 MB / 444.9 MB, free: 15.98 MB / 330.7 MB
Notification: Performance of preOpt encapsulateWhenConditions (simulation): time 0.001345/0.1116, allocations: 0.6879 MB / 445.6 MB, free: 15.26 MB / 330.7 MB
Notification: Performance of pre-optimization done (n=68): time 2.384e-06/0.1116, allocations: 0 / 445.6 MB, free: 15.26 MB / 330.7 MB
Notification: Performance of matching and sorting (n=68): time 0.004043/0.1157, allocations: 2.172 MB / 447.8 MB, free: 13.01 MB / 330.7 MB
Notification: Performance of inlineWhenForInitialization (initialization): time 0.0003417/0.116, allocations: 0.5282 MB / 448.3 MB, free: 12.37 MB / 330.7 MB
Notification: Performance of selectInitializationVariablesDAE (initialization): time 0.0003106/0.1163, allocations: 364.1 kB / 448.7 MB, free: 12 MB / 330.7 MB
Notification: Performance of collectPreVariables (initialization): time 6.97e-05/0.1164, allocations: 53.7 kB / 448.7 MB, free: 11.95 MB / 330.7 MB
Notification: Performance of collectInitialEqns (initialization): time 0.000132/0.1166, allocations: 264.3 kB / 449 MB, free: 11.68 MB / 330.7 MB
Notification: Performance of collectInitialBindings (initialization): time 0.0001301/0.1167, allocations: 173.8 kB / 449.2 MB, free: 11.51 MB / 330.7 MB
Notification: Performance of simplifyInitialFunctions (initialization): time 0.0002742/0.117, allocations: 198.5 kB / 449.4 MB, free: 11.31 MB / 330.7 MB
Notification: Performance of setup shared object (initialization): time 6.802e-05/0.1171, allocations: 374.8 kB / 449.7 MB, free: 10.93 MB / 330.7 MB
Notification: Performance of preBalanceInitialSystem (initialization): time 0.00075/0.1178, allocations: 329.8 kB / 450 MB, free: 10.61 MB / 330.7 MB
Notification: Performance of partitionIndependentBlocks (initialization): time 0.0006702/0.1185, allocations: 0.6382 MB / 450.7 MB, free: 9.836 MB / 330.7 MB
Notification: Performance of analyzeInitialSystem (initialization): time 0.001752/0.1203, allocations: 1.614 MB / 452.3 MB, free: 7.973 MB / 330.7 MB
Notification: Performance of solveInitialSystemEqSystem (initialization): time 6.933e-06/0.1203, allocations: 4 kB / 452.3 MB, free: 7.969 MB / 330.7 MB
Notification: Performance of matching and sorting (n=125) (initialization): time 0.002208/0.1225, allocations: 1.565 MB / 453.9 MB, free: 6.324 MB / 330.7 MB
Notification: Performance of prepare postOptimizeDAE: time 0.0001543/0.1227, allocations: 351.5 kB / 454.2 MB, free: 5.914 MB / 330.7 MB
Notification: Performance of postOpt simplifyComplexFunction (initialization): time 0.001335/0.124, allocations: 0.751 MB / 455 MB, free: 5.133 MB / 330.7 MB
Notification: Performance of postOpt tearingSystem (initialization): time 0.000395/0.1244, allocations: 80.8 kB / 455 MB, free: 5.051 MB / 330.7 MB
Notification: Performance of postOpt solveSimpleEquations (initialization): time 0.0003608/0.1248, allocations: 103.8 kB / 455.1 MB, free: 4.949 MB / 330.7 MB
Notification: Performance of postOpt calculateStrongComponentJacobians (initialization): time 0.0005556/0.1254, allocations: 0.6225 MB / 455.8 MB, free: 4.301 MB / 330.7 MB
Notification: Performance of postOpt simplifyAllExpressions (initialization): time 0.0004389/0.1258, allocations: 99.11 kB / 455.9 MB, free: 4.203 MB / 330.7 MB
Notification: Performance of postOpt collapseArrayExpressions (initialization): time 8.471e-05/0.1259, allocations: 48 kB / 455.9 MB, free: 4.156 MB / 330.7 MB
Warning: Assuming fixed start value for the following 18 variables:
         P1.enableOut.Index:DISCRETE(fixed = true protected = true )  type: Integer
         P1.enableOut.endWhile:DISCRETE(fixed = true protected = true )  type: Boolean
         P1.enableOut.sumEnablingProbTAout:DISCRETE(fixed = true protected = true )  "sum of the enabling probabilities of the active output transitions" type: Real
         P1.enableOut.posTE:DISCRETE(fixed = true protected = true )  "possible enabled transition" type: Integer
         P1.enableOut.k:DISCRETE(fixed = true protected = true )  "iteration index" type: Integer
         P1.enableOut.nTAout:DISCRETE(fixed = true protected = true )  "number of active output transitions" type: Integer
         P1.enableOut.nremTAout:DISCRETE(fixed = true protected = true )  "number of remaining active output transitions" type: Integer
         P1.enableOut.arcWeightSum:DISCRETE(fixed = true protected = true )  "arc weight sum" type: Real
         P1.enableIn.posTE:DISCRETE(fixed = true protected = true )  "possible enabled transition" type: Integer
         P1.enableIn.k:DISCRETE(fixed = true protected = true )  "iteration index" type: Integer
         P1.enableIn.endWhile:DISCRETE(fixed = true protected = true )  type: Boolean
         P1.enableIn.sumEnablingProbTAin:DISCRETE(fixed = true protected = true )  "sum of the enabling probabilities of the active input transitions" type: Real
         P1.enableIn.nTAin:DISCRETE(fixed = true protected = true )  "number ofactive input transitions" type: Integer
         P1.enableIn.nremTAin:DISCRETE(fixed = true protected = true )  "number of remaining active input transitions" type: Integer
         P1.enableIn.Index:DISCRETE(fixed = true protected = true )  "priority Index" type: Integer
         P1.enableIn.arcWeightSum:DISCRETE(fixed = true protected = true )  "arc weight sum" type: Real
         P1.disMarksIn.anytrue:DISCRETE(fixed = true protected = true )  type: Boolean
         P1.disMarksOut.anytrue:DISCRETE(fixed = true protected = true )  type: Boolean
Notification: Model statistics after passing the back-end for initialization:
 * Number of independent subsystems: 42
 * Number of states: 0 ()
 * Number of discrete variables: 101 ($PRE.P1.enableOut.Index,P1.enableOut.Index,$PRE.P1.enableOut.endWhile,P1.enableOut.endWhile,$PRE.P1.enableOut.sumEnablingProbTAout,P1.enableOut.sumEnablingProbTAout,P1.enableOut.randNum,$PRE.P1.enableOut.randNum,P1.enableOut.state128[4],$PRE.P1.enableOut.state128[4],P1.enableOut.state128[3],$PRE.P1.enableOut.state128[3],P1.enableOut.state128[2],$PRE.P1.enableOut.state128[2],P1.enableOut.state128[1],$PRE.P1.enableOut.state128[1],$PRE.P1.enableOut.posTE,P1.enableOut.posTE,$PRE.P1.enableOut.k,P1.enableOut.k,$PRE.P1.enableOut.nTAout,P1.enableOut.nTAout,$PRE.P1.enableOut.nremTAout,P1.enableOut.nremTAout,$PRE.P1.enableOut.arcWeightSum,P1.enableOut.arcWeightSum,P1.delayPassedOut.numtrue,P1.delayPassedOut.anytrue,$whenCondition3,$PRE.P1.enableIn.posTE,P1.enableIn.posTE,$PRE.P1.enableIn.k,P1.enableIn.k,$PRE.P1.enableIn.endWhile,P1.enableIn.endWhile,P1.enableIn.randNum,$PRE.P1.enableIn.randNum,P1.enableIn.state128[4],$PRE.P1.enableIn.state128[4],P1.enableIn.state128[3],$PRE.P1.enableIn.state128[3],P1.enableIn.state128[2],$PRE.P1.enableIn.state128[2],P1.enableIn.state128[1],$PRE.P1.enableIn.state128[1],P1.enableIn.cumEnablingProb[1],$PRE.P1.enableIn.cumEnablingProb[1],$PRE.P1.enableIn.sumEnablingProbTAin,P1.enableIn.sumEnablingProbTAin,$PRE.P1.enableIn.nTAin,P1.enableIn.nTAin,$PRE.P1.enableIn.nremTAin,P1.enableIn.nremTAin,P1.enableIn.remTAin[1],$PRE.P1.enableIn.remTAin[1],$PRE.P1.enableIn.Index,P1.enableIn.Index,$PRE.P1.enableIn.arcWeightSum,P1.enableIn.arcWeightSum,P1.enableIn.disTAin[1],$PRE.P1.enableIn.disTAin[1],$PRE.P1.disMarksIn.anytrue,$PRE.P1.disMarksOut.anytrue,P1.disMarksInOut,$whenCondition2,P1.disMarksOut.numtrue,P1.disMarksOut.anytrue,P1.inTransition[1].disPlace,P1.inTransition[1].maxTokensint,P1.inTransition[1].tint,T1.outPlaces[1].disTransition,T1.outPlaces[1].enabledByInPlaces,P1.reStart,T1.firingCon,P1.disMarksIn.vec[1],P1.disMarksIn.numtrue,P1.disMarksIn.anytrue,T1.fire_,T1.activation.arcWeightIntOut[1],P1.delayPassedIn.vec[1],T1.activation.disPlaceOut[1],T1.activation.maxTokensInt[1],T1.activation.tIntOut[1],P1.emptying.numtrue,P1.emptying.anytrue,P1.feeding.numtrue,P1.feeding.anytrue,P1.feeding.vec[1],P1.delayPassedIn.numtrue,P1.delayPassedIn.anytrue,P1.enableIn.TEin[1],$PRE.P1.enableIn.TEin[1],P1.enableIn.TEin_[1],P1.enableIn.active[1],P1.fireIn[1],$PRE.P1.fireIn[1],T1.activation.NoTokens,T1.activation.weaklyOutputActiveVec[1],T1.activation.active,T1.activation.emptied[1],$whenCondition1)
 * Number of discrete states: 0 ()
 * Number of clocked states: 0 ()
 * Top-level inputs: 0
Notification: Strong component statistics for initialization (105):
 * Single equations (assignments): 93
 * Array equations: 0
 * Algorithm blocks: 11
 * Record equations: 0
 * When equations: 0
 * If-equations: 0
 * Equation systems (not torn): 0
 * Torn equation systems: 1
 * Mixed (continuous/discrete) equation systems: 0
Notification: Torn system details for strict tearing set:
 * Linear torn systems (#iteration vars, #inner vars, density): 0 systems
 * Non-linear torn systems (#iteration vars, #inner vars): 1 system
   {(1,3)}
Notification: Performance of prepare postOptimizeDAE: time 0.0006236/0.1265, allocations: 0.7125 MB / 456.6 MB, free: 3.379 MB / 330.7 MB
Notification: Performance of postOpt lateInlineFunction (simulation): time 0.0001913/0.1267, allocations: 75.38 kB / 456.7 MB, free: 3.305 MB / 330.7 MB
Notification: Performance of postOpt wrapFunctionCalls (simulation): time 0.002697/0.1295, allocations: 1.675 MB / 458.4 MB, free: 1.574 MB / 330.7 MB
Notification: Performance of postOpt inlineArrayEqn (simulation): time 6.642e-06/0.1295, allocations: 4 kB / 458.4 MB, free: 1.57 MB / 330.7 MB
Notification: Performance of postOpt constantLinearSystem (simulation): time 4.809e-06/0.1295, allocations: 0 / 458.4 MB, free: 1.57 MB / 330.7 MB
Notification: Performance of postOpt simplifysemiLinear (simulation): time 5.811e-06/0.1295, allocations: 0 / 458.4 MB, free: 1.57 MB / 330.7 MB
Notification: Performance of postOpt removeSimpleEquations (simulation): time 0.004178/0.1337, allocations: 2.558 MB / 460.9 MB, free: 14.91 MB / 346.7 MB
Notification: Performance of postOpt simplifyComplexFunction (simulation): time 0.002511/0.1362, allocations: 1.566 MB / 462.5 MB, free: 13.29 MB / 346.7 MB
Notification: Performance of postOpt solveSimpleEquations (simulation): time 0.0001697/0.1364, allocations: 31.86 kB / 462.5 MB, free: 13.26 MB / 346.7 MB
Notification: Performance of postOpt tearingSystem (simulation): time 0.0002119/0.1366, allocations: 64.8 kB / 462.6 MB, free: 13.19 MB / 346.7 MB
Notification: Performance of postOpt inputDerivativesUsed (simulation): time 8.816e-05/0.1367, allocations: 39.98 kB / 462.6 MB, free: 13.15 MB / 346.7 MB
Notification: Performance of postOpt calculateStrongComponentJacobians (simulation): time 0.0003388/0.1371, allocations: 0.607 MB / 463.2 MB, free: 12.52 MB / 346.7 MB
Notification: Performance of postOpt calculateStateSetsJacobians (simulation): time 2.094e-06/0.1371, allocations: 0 / 463.2 MB, free: 12.52 MB / 346.7 MB
Notification: Performance of postOpt symbolicJacobian (simulation): time 0.004009/0.1411, allocations: 2.608 MB / 465.8 MB, free: 9.832 MB / 346.7 MB
Notification: Performance of postOpt removeConstants (simulation): time 0.0002274/0.1413, allocations: 132.4 kB / 466 MB, free: 9.684 MB / 346.7 MB
Notification: Performance of postOpt simplifyTimeIndepFuncCalls (simulation): time 0.0001806/0.1415, allocations: 67.98 kB / 466 MB, free: 9.617 MB / 346.7 MB
Notification: Performance of postOpt simplifyAllExpressions (simulation): time 0.0004601/0.142, allocations: 55.95 kB / 466.1 MB, free: 9.562 MB / 346.7 MB
Notification: Performance of postOpt findZeroCrossings (simulation): time 0.0001729/0.1422, allocations: 67.75 kB / 466.2 MB, free: 9.5 MB / 346.7 MB
Notification: Performance of postOpt collapseArrayExpressions (simulation): time 9.827e-05/0.1423, allocations: 43.97 kB / 466.2 MB, free: 9.457 MB / 346.7 MB
Notification: Performance of sorting global known variables: time 0.0001859/0.1425, allocations: 219 kB / 466.4 MB, free: 9.246 MB / 346.7 MB
Notification: Performance of sort global known variables: time 6.21e-07/0.1425, allocations: 0 / 466.4 MB, free: 9.246 MB / 346.7 MB
Notification: Performance of remove unused functions: time 0.0009256/0.1434, allocations: 303.5 kB / 466.7 MB, free: 8.949 MB / 346.7 MB
Notification: Model statistics after passing the back-end for simulation:
 * Number of independent subsystems: 2
 * Number of states: 1 (P1.t_)
 * Number of discrete variables: 54 (P1.disMarksInOut,$whenCondition2,$whenCondition1,T1.activation.emptied[1],T1.activation.active,T1.activation.weaklyOutputActiveVec[1],T1.activation.NoTokens,P1.fireIn[1],P1.enableIn.active[1],P1.enableIn.TEin_[1],P1.enableIn.state128[1],P1.enableIn.state128[2],P1.enableIn.state128[3],P1.enableIn.state128[4],P1.enableIn.TEin[1],P1.enableIn.disTAin[1],P1.enableIn.remTAin[1],P1.enableIn.cumEnablingProb[1],P1.enableIn.arcWeightSum,P1.enableIn.nremTAin,P1.enableIn.nTAin,P1.enableIn.k,P1.enableIn.posTE,P1.enableIn.randNum,P1.enableIn.sumEnablingProbTAin,P1.enableIn.endWhile,P1.enableIn.Index,P1.delayPassedIn.anytrue,P1.delayPassedIn.numtrue,P1.disMarksOut.anytrue,P1.disMarksOut.numtrue,P1.disMarksIn.anytrue,P1.disMarksIn.numtrue,P1.feeding.vec[1],P1.feeding.anytrue,P1.feeding.numtrue,P1.emptying.anytrue,P1.emptying.numtrue,$whenCondition3,P1.enableOut.state128[1],P1.enableOut.state128[2],P1.enableOut.state128[3],P1.enableOut.state128[4],P1.enableOut.arcWeightSum,P1.enableOut.nremTAout,P1.enableOut.nTAout,P1.enableOut.k,P1.enableOut.posTE,P1.enableOut.randNum,P1.enableOut.sumEnablingProbTAout,P1.enableOut.endWhile,P1.enableOut.Index,P1.delayPassedOut.anytrue,P1.delayPassedOut.numtrue)
 * Number of discrete states: 50 (P1.delayPassedOut.numtrue,P1.delayPassedOut.anytrue,P1.enableOut.Index,P1.enableOut.endWhile,P1.enableOut.sumEnablingProbTAout,P1.enableOut.state128[4],P1.enableOut.state128[3],P1.enableOut.state128[2],P1.enableOut.state128[1],P1.enableOut.randNum,P1.enableOut.posTE,P1.enableOut.k,P1.enableOut.nTAout,P1.enableOut.nremTAout,P1.enableOut.arcWeightSum,$whenCondition3,P1.fireIn[1],P1.disMarksOut.anytrue,P1.disMarksIn.anytrue,P1.emptying.numtrue,P1.emptying.anytrue,P1.feeding.numtrue,P1.feeding.anytrue,P1.disMarksIn.numtrue,P1.disMarksOut.numtrue,P1.delayPassedIn.numtrue,P1.delayPassedIn.anytrue,T1.activation.weaklyOutputActiveVec[1],T1.activation.active,T1.activation.NoTokens,P1.enableIn.TEin_[1],P1.enableIn.posTE,P1.enableIn.k,P1.enableIn.endWhile,P1.enableIn.state128[4],P1.enableIn.state128[3],P1.enableIn.state128[2],P1.enableIn.state128[1],P1.enableIn.randNum,P1.enableIn.cumEnablingProb[1],P1.enableIn.sumEnablingProbTAin,P1.enableIn.nTAin,P1.enableIn.nremTAin,P1.enableIn.remTAin[1],P1.enableIn.Index,P1.enableIn.arcWeightSum,P1.enableIn.disTAin[1],$whenCondition1,P1.enableIn.TEin[1],P1.disMarkChange)
 * Number of clocked states: 0 ()
 * Top-level inputs: 0
Notification: Strong component statistics for simulation (27):
 * Single equations (assignments): 17
 * Array equations: 0
 * Algorithm blocks: 9
 * Record equations: 0
 * When equations: 0
 * If-equations: 0
 * Equation systems (not torn): 0
 * Torn equation systems: 1
 * Mixed (continuous/discrete) equation systems: 0
Notification: Torn system details for strict tearing set:
 * Linear torn systems (#iteration vars, #inner vars, density): 0 systems
 * Non-linear torn systems (#iteration vars, #inner vars): 1 system
   {(1,4)}
Notification: Performance of Backend phase and start with SimCode phase: time 0.0006902/0.1441, allocations: 340.1 kB / 467 MB, free: 8.609 MB / 346.7 MB
Notification: Performance of simCode: created initialization part: time 0.002366/0.1465, allocations: 1.871 MB / 468.9 MB, free: 6.598 MB / 346.7 MB
Notification: Performance of simCode: created event and clocks part: time 3.116e-06/0.1465, allocations: 0 / 468.9 MB, free: 6.598 MB / 346.7 MB
Notification: Performance of simCode: created simulation system equations: time 0.001903/0.1484, allocations: 2.297 MB / 471.2 MB, free: 4.184 MB / 346.7 MB
Notification: Performance of simCode: created of all other equations (e.g. parameter, nominal, assert, etc): time 0.0006441/0.1491, allocations: 103.1 kB / 471.3 MB, free: 4.09 MB / 346.7 MB
Notification: Performance of simCode: created linear, non-linear and system jacobian parts: time 0.00251/0.1516, allocations: 1.376 MB / 472.7 MB, free: 2.68 MB / 346.7 MB
Notification: Performance of simCode: some other stuff during SimCode phase: time 0.0003121/0.1519, allocations: 0.9143 MB / 473.6 MB, free: 1.738 MB / 346.7 MB
Notification: Performance of simCode: alias equations: time 0.0003514/0.1523, allocations: 128.2 kB / 473.7 MB, free: 1.613 MB / 346.7 MB
Notification: Performance of simCode: all other stuff during SimCode phase: time 0.0001072/0.1524, allocations: 47.42 kB / 473.8 MB, free: 1.566 MB / 346.7 MB
Notification: Performance of SimCode: time 3.31e-07/0.1524, allocations: 0 / 473.8 MB, free: 1.566 MB / 346.7 MB
Notification: Performance of Templates: time 0.01924/0.1717, allocations: 10.96 MB / 484.7 MB, free: 6.566 MB / 362.7 MB
make -j1 -f PNlib_master_PNlib.Examples.ConTest.TCtoPCfunction.makefile
(rm -f PNlib_master_PNlib.Examples.ConTest.TCtoPCfunction.pipe ; mkfifo PNlib_master_PNlib.Examples.ConTest.TCtoPCfunction.pipe ; head -c 1048576 < PNlib_master_PNlib.Examples.ConTest.TCtoPCfunction.pipe >> ../files/PNlib_master_PNlib.Examples.ConTest.TCtoPCfunction.sim & ./PNlib_master_PNlib.Examples.ConTest.TCtoPCfunction  -abortSlowSimulation -alarm=480  -emit_protected -lv LOG_STATS > PNlib_master_PNlib.Examples.ConTest.TCtoPCfunction.pipe 2>&1)
diffSimulationResults("PNlib_master_PNlib.Examples.ConTest.TCtoPCfunction_res.mat","/home/runner/work/PNlib/PNlib/ReferenceFiles/PNlib.Examples.ConTest.TCtoPCfunction.mat","../files/PNlib_master_PNlib.Examples.ConTest.TCtoPCfunction.diff",relTol=0.003,relTolDiffMinMax=0.003,rangeDelta=0.001)
Reference file matches
