Running: ./testmodel.py --libraries=/home/runner/.openmodelica/libraries/ --ompython_omhome= PNlib_master_PNlib.Examples.ConTest.Speed.conf.json
loadFile("/home/runner/.openmodelica/libraries/ModelicaServices 4.0.0+maint.om/package.mo", uses=false)
loadFile("/home/runner/.openmodelica/libraries/Complex 4.0.0+maint.om/package.mo", uses=false)
loadFile("/home/runner/.openmodelica/libraries/Modelica 4.0.0+maint.om/package.mo", uses=false)
loadFile("/home/runner/work/PNlib/PNlib/PNlib/package.mo", uses=false)
Using package PNlib with version 3.0.0 (/home/runner/work/PNlib/PNlib/PNlib/package.mo)
Using package Modelica with version 4.0.0 (/home/runner/.openmodelica/libraries/Modelica 4.0.0+maint.om/package.mo)
Using package Complex with version 4.0.0 (/home/runner/.openmodelica/libraries/Complex 4.0.0+maint.om/package.mo)
Using package ModelicaServices with version 4.0.0 (/home/runner/.openmodelica/libraries/ModelicaServices 4.0.0+maint.om/package.mo)
Running command: translateModel(PNlib.Examples.ConTest.Speed,tolerance=1e-06,outputFormat="mat",numberOfIntervals=5000,variableFilter="P1.t|P2.t|T1.fire|T1.instantaneousSpeed|T1.maximumSpeed|T2.fire|T2.instantaneousSpeed|T2.maximumSpeed|T3.fire|T3.instantaneousSpeed|T3.maximumSpeed|time",fileNamePrefix="PNlib_master_PNlib.Examples.ConTest.Speed")
translateModel(PNlib.Examples.ConTest.Speed,tolerance=1e-06,outputFormat="mat",numberOfIntervals=5000,variableFilter="P1.t|P2.t|T1.fire|T1.instantaneousSpeed|T1.maximumSpeed|T2.fire|T2.instantaneousSpeed|T2.maximumSpeed|T3.fire|T3.instantaneousSpeed|T3.maximumSpeed|time",fileNamePrefix="PNlib_master_PNlib.Examples.ConTest.Speed")
Notification: Performance of loadFile(/home/runner/.openmodelica/libraries/ModelicaServices 4.0.0+maint.om/package.mo): time 0.0009659/0.000966, allocations: 96.62 kB / 15.59 MB, free: 5.219 MB / 13.93 MB
Notification: Performance of loadFile(/home/runner/.openmodelica/libraries/Complex 4.0.0+maint.om/package.mo): time 0.001017/0.001017, allocations: 175.7 kB / 16.51 MB, free: 4.621 MB / 13.93 MB
Notification: Performance of loadFile(/home/runner/.openmodelica/libraries/Modelica 4.0.0+maint.om/package.mo): time 1.672/1.672, allocations: 222.1 MB / 239.4 MB, free: 11.12 MB / 202.7 MB
Notification: Performance of loadFile(/home/runner/work/PNlib/PNlib/PNlib/package.mo): time 0.09518/0.09518, allocations: 16.59 MB / 306.2 MB, free: 10.6 MB / 250.7 MB
Notification: Performance of FrontEnd - loaded program: time 0.000626/0.000626, allocations: 15.28 kB / 370.6 MB, free: 44.79 MB / 298.7 MB
Notification: Performance of FrontEnd - Absyn->SCode: time 0.08782/0.08846, allocations: 53.46 MB / 424.1 MB, free: 5.996 MB / 298.7 MB
Notification: Performance of NFInst.instantiate(PNlib.Examples.ConTest.Speed): time 0.003871/0.09238, allocations: 3.519 MB / 427.6 MB, free: 2.469 MB / 298.7 MB
Notification: Performance of NFInst.instExpressions: time 0.004221/0.09662, allocations: 2.71 MB / 430.3 MB, free: 15.76 MB / 314.7 MB
Notification: Performance of NFInst.updateImplicitVariability: time 0.0004346/0.09708, allocations: 23.88 kB / 430.3 MB, free: 15.74 MB / 314.7 MB
Notification: Performance of NFTyping.typeComponents: time 0.00068/0.09777, allocations: 309.6 kB / 430.6 MB, free: 15.43 MB / 314.7 MB
Notification: Performance of NFTyping.typeBindings: time 0.0009064/0.09869, allocations: 293.6 kB / 430.9 MB, free: 15.14 MB / 314.7 MB
Notification: Performance of NFTyping.typeClassSections: time 0.002402/0.1011, allocations: 1.216 MB / 432.1 MB, free: 13.93 MB / 314.7 MB
Notification: Performance of NFFlatten.flatten: time 0.002608/0.1037, allocations: 3.324 MB / 435.4 MB, free: 10.6 MB / 314.7 MB
Notification: Performance of NFFlatten.resolveConnections: time 0.0005517/0.1043, allocations: 0.5334 MB / 436 MB, free: 10.04 MB / 314.7 MB
Notification: Performance of NFEvalConstants.evaluate: time 0.0009875/0.1053, allocations: 1.301 MB / 437.3 MB, free: 8.734 MB / 314.7 MB
Notification: Performance of NFSimplifyModel.simplify: time 0.0007927/0.1061, allocations: 0.9369 MB / 438.2 MB, free: 7.793 MB / 314.7 MB
Notification: Performance of NFPackage.collectConstants: time 0.0003044/0.1064, allocations: 240 kB / 438.5 MB, free: 7.559 MB / 314.7 MB
Notification: Performance of NFFlatten.collectFunctions: time 0.0007893/0.1072, allocations: 0.6049 MB / 439.1 MB, free: 6.953 MB / 314.7 MB
Notification: Performance of NFScalarize.scalarize: time 0.0005278/0.1077, allocations: 490.3 kB / 439.5 MB, free: 6.473 MB / 314.7 MB
Notification: Performance of NFVerifyModel.verify: time 0.0007644/0.1085, allocations: 1.05 MB / 440.6 MB, free: 5.418 MB / 314.7 MB
Notification: Performance of NFConvertDAE.convert: time 0.002163/0.1107, allocations: 2.626 MB / 443.2 MB, free: 2.785 MB / 314.7 MB
Notification: Performance of FrontEnd - DAE generated: time 3.977e-06/0.1107, allocations: 0 / 443.2 MB, free: 2.785 MB / 314.7 MB
Notification: Performance of FrontEnd: time 1.533e-06/0.1107, allocations: 0 / 443.2 MB, free: 2.785 MB / 314.7 MB
Notification: Performance of Transformations before backend: time 1.599e-05/0.1107, allocations: 0 / 443.2 MB, free: 2.785 MB / 314.7 MB
Notification: Model statistics after passing the front-end and creating the data structures used by the back-end:
 * Number of equations: 530
 * Number of variables: 530
Notification: Performance of Generate backend data structure: time 0.00367/0.1144, allocations: 2.752 MB / 446 MB, free: 15.84 MB / 330.7 MB
Notification: Performance of prepare preOptimizeDAE: time 4.308e-05/0.1145, allocations: 8.031 kB / 446 MB, free: 15.83 MB / 330.7 MB
Notification: Performance of preOpt normalInlineFunction (simulation): time 0.002401/0.1169, allocations: 402.4 kB / 446.4 MB, free: 15.43 MB / 330.7 MB
Notification: Performance of preOpt evaluateParameters (simulation): time 0.001273/0.1182, allocations: 0.8799 MB / 447.2 MB, free: 14.51 MB / 330.7 MB
Notification: Performance of preOpt simplifyIfEquations (simulation): time 0.0002961/0.1185, allocations: 0.4997 MB / 447.7 MB, free: 13.94 MB / 330.7 MB
Notification: Performance of preOpt expandDerOperator (simulation): time 0.0003293/0.1188, allocations: 224 kB / 448 MB, free: 13.72 MB / 330.7 MB
Notification: Performance of preOpt clockPartitioning (simulation): time 0.005672/0.1245, allocations: 3.787 MB / 451.8 MB, free: 9.789 MB / 330.7 MB
Notification: Performance of preOpt findStateOrder (simulation): time 4.588e-05/0.1246, allocations: 3.938 kB / 451.8 MB, free: 9.785 MB / 330.7 MB
Notification: Performance of preOpt replaceEdgeChange (simulation): time 0.0002566/0.1248, allocations: 112 kB / 451.9 MB, free: 9.676 MB / 330.7 MB
Notification: Performance of preOpt inlineArrayEqn (simulation): time 0.0004565/0.1253, allocations: 207.1 kB / 452.1 MB, free: 9.473 MB / 330.7 MB
Notification: Performance of preOpt removeEqualRHS (simulation): time 0.00447/0.1298, allocations: 2.761 MB / 454.8 MB, free: 6.707 MB / 330.7 MB
Notification: Performance of preOpt removeSimpleEquations (simulation): time 0.01037/0.1402, allocations: 7.575 MB / 462.4 MB, free: 14.89 MB / 346.7 MB
Notification: Performance of preOpt comSubExp (simulation): time 0.004272/0.1445, allocations: 3.63 MB / 466 MB, free: 11.21 MB / 346.7 MB
Notification: Performance of preOpt resolveLoops (simulation): time 0.003343/0.1478, allocations: 3.207 MB / 469.2 MB, free: 7.996 MB / 346.7 MB
Notification: Performance of preOpt evalFunc (simulation): time 0.001951/0.1498, allocations: 3.074 MB / 472.3 MB, free: 4.258 MB / 346.7 MB
Notification: Performance of preOpt encapsulateWhenConditions (simulation): time 0.002866/0.1527, allocations: 1.977 MB / 474.3 MB, free: 2.234 MB / 346.7 MB
Notification: Performance of pre-optimization done (n=177): time 3.426e-06/0.1527, allocations: 0 / 474.3 MB, free: 2.234 MB / 346.7 MB
Notification: Performance of matching and sorting (n=177): time 0.01161/0.1643, allocations: 6.383 MB / 480.7 MB, free: 11.71 MB / 362.7 MB
Notification: Performance of inlineWhenForInitialization (initialization): time 0.0005614/0.1649, allocations: 1.155 MB / 481.8 MB, free: 10.35 MB / 362.7 MB
Notification: Performance of selectInitializationVariablesDAE (initialization): time 0.0008792/0.1658, allocations: 0.8583 MB / 482.7 MB, free: 9.48 MB / 362.7 MB
Notification: Performance of collectPreVariables (initialization): time 0.0001689/0.166, allocations: 117.3 kB / 482.8 MB, free: 9.363 MB / 362.7 MB
Notification: Performance of collectInitialEqns (initialization): time 0.0005162/0.1665, allocations: 0.6553 MB / 483.5 MB, free: 8.695 MB / 362.7 MB
Notification: Performance of collectInitialBindings (initialization): time 0.0003332/0.1668, allocations: 478.2 kB / 483.9 MB, free: 8.223 MB / 362.7 MB
Notification: Performance of simplifyInitialFunctions (initialization): time 0.000719/0.1675, allocations: 0.5677 MB / 484.5 MB, free: 7.648 MB / 362.7 MB
Notification: Performance of setup shared object (initialization): time 0.0002399/0.1678, allocations: 341.9 kB / 484.8 MB, free: 7.309 MB / 362.7 MB
Notification: Performance of preBalanceInitialSystem (initialization): time 0.001677/0.1695, allocations: 1.09 MB / 485.9 MB, free: 6.215 MB / 362.7 MB
Notification: Performance of partitionIndependentBlocks (initialization): time 0.002208/0.1717, allocations: 1.957 MB / 487.9 MB, free: 3.867 MB / 362.7 MB
Notification: Performance of analyzeInitialSystem (initialization): time 0.005033/0.1768, allocations: 4.238 MB / 492.1 MB, free: 15.01 MB / 378.7 MB
Notification: Performance of solveInitialSystemEqSystem (initialization): time 2.053e-05/0.1768, allocations: 8 kB / 492.1 MB, free: 15 MB / 378.7 MB
Notification: Performance of matching and sorting (n=343) (initialization): time 0.006748/0.1835, allocations: 4.501 MB / 496.6 MB, free: 10.35 MB / 378.7 MB
Notification: Performance of prepare postOptimizeDAE: time 0.0004748/0.184, allocations: 0.7685 MB / 497.4 MB, free: 9.441 MB / 378.7 MB
Notification: Performance of postOpt simplifyComplexFunction (initialization): time 0.003788/0.1878, allocations: 2.645 MB / 0.4883 GB, free: 6.707 MB / 378.7 MB
Notification: Performance of postOpt tearingSystem (initialization): time 0.00176/0.1896, allocations: 408.5 kB / 0.4887 GB, free: 6.305 MB / 378.7 MB
Notification: Performance of postOpt solveSimpleEquations (initialization): time 0.00106/0.1907, allocations: 287.3 kB / 0.489 GB, free: 6.023 MB / 378.7 MB
Notification: Performance of postOpt calculateStrongComponentJacobians (initialization): time 0.0009683/0.1917, allocations: 1.001 MB / 0.49 GB, free: 5.004 MB / 378.7 MB
Notification: Performance of postOpt simplifyAllExpressions (initialization): time 0.001379/0.1931, allocations: 317.2 kB / 0.4903 GB, free: 4.691 MB / 378.7 MB
Notification: Performance of postOpt collapseArrayExpressions (initialization): time 0.0002205/0.1933, allocations: 140 kB / 0.4904 GB, free: 4.555 MB / 378.7 MB
Warning: Assuming fixed start value for the following 36 variables:
         P2.enableOut.Index:DISCRETE(fixed = true protected = true )  type: Integer
         P2.enableOut.endWhile:DISCRETE(fixed = true protected = true )  type: Boolean
         P2.enableOut.sumEnablingProbTAout:DISCRETE(fixed = true protected = true )  "sum of the enabling probabilities of the active output transitions" type: Real
         P2.enableOut.posTE:DISCRETE(fixed = true protected = true )  "possible enabled transition" type: Integer
         P2.enableOut.k:DISCRETE(fixed = true protected = true )  "iteration index" type: Integer
         P2.enableOut.nTAout:DISCRETE(fixed = true protected = true )  "number of active output transitions" type: Integer
         P2.enableOut.nremTAout:DISCRETE(fixed = true protected = true )  "number of remaining active output transitions" type: Integer
         P2.enableOut.arcWeightSum:DISCRETE(fixed = true protected = true )  "arc weight sum" type: Real
         P2.enableIn.posTE:DISCRETE(fixed = true protected = true )  "possible enabled transition" type: Integer
         P2.enableIn.k:DISCRETE(fixed = true protected = true )  "iteration index" type: Integer
         P2.enableIn.endWhile:DISCRETE(fixed = true protected = true )  type: Boolean
         P2.enableIn.sumEnablingProbTAin:DISCRETE(fixed = true protected = true )  "sum of the enabling probabilities of the active input transitions" type: Real
         P2.enableIn.nTAin:DISCRETE(fixed = true protected = true )  "number ofactive input transitions" type: Integer
         P2.enableIn.nremTAin:DISCRETE(fixed = true protected = true )  "number of remaining active input transitions" type: Integer
         P2.enableIn.Index:DISCRETE(fixed = true protected = true )  "priority Index" type: Integer
         P2.enableIn.arcWeightSum:DISCRETE(fixed = true protected = true )  "arc weight sum" type: Real
         P1.enableOut.posTE:DISCRETE(fixed = true protected = true )  "possible enabled transition" type: Integer
         P1.enableOut.k:DISCRETE(fixed = true protected = true )  "iteration index" type: Integer
         P1.enableOut.endWhile:DISCRETE(fixed = true protected = true )  type: Boolean
         P1.enableOut.sumEnablingProbTAout:DISCRETE(fixed = true protected = true )  "sum of the enabling probabilities of the active output transitions" type: Real
         P1.enableOut.nTAout:DISCRETE(fixed = true protected = true )  "number of active output transitions" type: Integer
         P1.enableOut.nremTAout:DISCRETE(fixed = true protected = true )  "number of remaining active output transitions" type: Integer
         P1.enableOut.Index:DISCRETE(fixed = true protected = true )  type: Integer
         P1.enableOut.arcWeightSum:DISCRETE(fixed = true protected = true )  "arc weight sum" type: Real
         P1.enableIn.posTE:DISCRETE(fixed = true protected = true )  "possible enabled transition" type: Integer
         P1.enableIn.k:DISCRETE(fixed = true protected = true )  "iteration index" type: Integer
         P1.enableIn.endWhile:DISCRETE(fixed = true protected = true )  type: Boolean
         P1.enableIn.sumEnablingProbTAin:DISCRETE(fixed = true protected = true )  "sum of the enabling probabilities of the active input transitions" type: Real
         P1.enableIn.nTAin:DISCRETE(fixed = true protected = true )  "number ofactive input transitions" type: Integer
         P1.enableIn.nremTAin:DISCRETE(fixed = true protected = true )  "number of remaining active input transitions" type: Integer
         P1.enableIn.Index:DISCRETE(fixed = true protected = true )  "priority Index" type: Integer
         P1.enableIn.arcWeightSum:DISCRETE(fixed = true protected = true )  "arc weight sum" type: Real
         P2.disMarksIn.anytrue:DISCRETE(fixed = true protected = true )  type: Boolean
         P2.disMarksOut.anytrue:DISCRETE(fixed = true protected = true )  type: Boolean
         P1.disMarksIn.anytrue:DISCRETE(fixed = true protected = true )  type: Boolean
         P1.disMarksOut.anytrue:DISCRETE(fixed = true protected = true )  type: Boolean
Notification: Model statistics after passing the back-end for initialization:
 * Number of independent subsystems: 117
 * Number of states: 0 ()
 * Number of discrete variables: 265 ($PRE.P2.enableOut.Index,P2.enableOut.Index,$PRE.P2.enableOut.endWhile,P2.enableOut.endWhile,$PRE.P2.enableOut.sumEnablingProbTAout,P2.enableOut.sumEnablingProbTAout,P2.enableOut.randNum,$PRE.P2.enableOut.randNum,P2.enableOut.state128[4],$PRE.P2.enableOut.state128[4],P2.enableOut.state128[3],$PRE.P2.enableOut.state128[3],P2.enableOut.state128[2],$PRE.P2.enableOut.state128[2],P2.enableOut.state128[1],$PRE.P2.enableOut.state128[1],$PRE.P2.enableOut.posTE,P2.enableOut.posTE,$PRE.P2.enableOut.k,P2.enableOut.k,$PRE.P2.enableOut.nTAout,P2.enableOut.nTAout,$PRE.P2.enableOut.nremTAout,P2.enableOut.nremTAout,$PRE.P2.enableOut.arcWeightSum,P2.enableOut.arcWeightSum,P2.delayPassedOut.numtrue,P2.delayPassedOut.anytrue,$whenCondition6,$PRE.P2.enableIn.posTE,P2.enableIn.posTE,$PRE.P2.enableIn.k,P2.enableIn.k,$PRE.P2.enableIn.endWhile,P2.enableIn.endWhile,P2.enableIn.randNum,$PRE.P2.enableIn.randNum,P2.enableIn.state128[4],$PRE.P2.enableIn.state128[4],P2.enableIn.state128[3],$PRE.P2.enableIn.state128[3],P2.enableIn.state128[2],$PRE.P2.enableIn.state128[2],P2.enableIn.state128[1],$PRE.P2.enableIn.state128[1],P2.enableIn.cumEnablingProb[1],$PRE.P2.enableIn.cumEnablingProb[1],$PRE.P2.enableIn.sumEnablingProbTAin,P2.enableIn.sumEnablingProbTAin,$PRE.P2.enableIn.nTAin,P2.enableIn.nTAin,$PRE.P2.enableIn.nremTAin,P2.enableIn.nremTAin,P2.enableIn.remTAin[1],$PRE.P2.enableIn.remTAin[1],$PRE.P2.enableIn.Index,P2.enableIn.Index,$PRE.P2.enableIn.arcWeightSum,P2.enableIn.arcWeightSum,P2.enableIn.disTAin[1],$PRE.P2.enableIn.disTAin[1],$PRE.P1.enableOut.posTE,P1.enableOut.posTE,$PRE.P1.enableOut.k,P1.enableOut.k,$PRE.P1.enableOut.endWhile,P1.enableOut.endWhile,P1.enableOut.randNum,$PRE.P1.enableOut.randNum,P1.enableOut.state128[4],$PRE.P1.enableOut.state128[4],P1.enableOut.state128[3],$PRE.P1.enableOut.state128[3],P1.enableOut.state128[2],$PRE.P1.enableOut.state128[2],P1.enableOut.state128[1],$PRE.P1.enableOut.state128[1],P1.enableOut.cumEnablingProb[1],$PRE.P1.enableOut.cumEnablingProb[1],$PRE.P1.enableOut.sumEnablingProbTAout,P1.enableOut.sumEnablingProbTAout,$PRE.P1.enableOut.nTAout,P1.enableOut.nTAout,$PRE.P1.enableOut.nremTAout,P1.enableOut.nremTAout,P1.enableOut.remTAout[1],$PRE.P1.enableOut.remTAout[1],$PRE.P1.enableOut.Index,P1.enableOut.Index,$PRE.P1.enableOut.arcWeightSum,P1.enableOut.arcWeightSum,P1.enableOut.disTAout[1],$PRE.P1.enableOut.disTAout[1],$PRE.P1.enableIn.posTE,P1.enableIn.posTE,$PRE.P1.enableIn.k,P1.enableIn.k,$PRE.P1.enableIn.endWhile,P1.enableIn.endWhile,P1.enableIn.randNum,$PRE.P1.enableIn.randNum,P1.enableIn.state128[4],$PRE.P1.enableIn.state128[4],P1.enableIn.state128[3],$PRE.P1.enableIn.state128[3],P1.enableIn.state128[2],$PRE.P1.enableIn.state128[2],P1.enableIn.state128[1],$PRE.P1.enableIn.state128[1],P1.enableIn.cumEnablingProb[2],$PRE.P1.enableIn.cumEnablingProb[2],P1.enableIn.cumEnablingProb[1],$PRE.P1.enableIn.cumEnablingProb[1],$PRE.P1.enableIn.sumEnablingProbTAin,P1.enableIn.sumEnablingProbTAin,$PRE.P1.enableIn.nTAin,P1.enableIn.nTAin,$PRE.P1.enableIn.nremTAin,P1.enableIn.nremTAin,P1.enableIn.remTAin[2],$PRE.P1.enableIn.remTAin[2],P1.enableIn.remTAin[1],$PRE.P1.enableIn.remTAin[1],$PRE.P1.enableIn.Index,P1.enableIn.Index,$PRE.P1.enableIn.arcWeightSum,P1.enableIn.arcWeightSum,P1.enableIn.disTAin[2],$PRE.P1.enableIn.disTAin[2],P1.enableIn.disTAin[1],$PRE.P1.enableIn.disTAin[1],T3.inPlaces[1].tokenInOut,$PRE.P1.disMarksInOut,$PRE.P2.disMarksIn.anytrue,$PRE.P2.disMarksOut.anytrue,P2.disMarksInOut,$whenCondition5,$PRE.P1.disMarksIn.anytrue,$PRE.P1.disMarksOut.anytrue,P1.disMarksInOut,$whenCondition4,P2.disMarksOut.numtrue,P2.disMarksOut.anytrue,P2.inTransition[1].disPlace,P2.inTransition[1].maxTokensint,P2.inTransition[1].tint,T3.outPlaces[1].disTransition,T3.outPlaces[1].enabledByInPlaces,P2.reStart,T3.firingCon,T3.inPlaces[1].disTransition,P1.outTransition[1].normalArc,P1.outTransition[1].testValueint,P1.outTransition[1].arcType,P1.outTransition[1].disPlace,P1.outTransition[1].minTokensint,P1.outTransition[1].tint,T2.firingCon,T2.outPlaces[1].disTransition,T2.outPlaces[1].enabledByInPlaces,P1.inTransition[2].disPlace,P1.inTransition[2].maxTokensint,P1.inTransition[2].tint,P1.inTransition[1].disPlace,P1.inTransition[1].maxTokensint,P1.inTransition[1].tint,T1.outPlaces[1].disTransition,T1.outPlaces[1].enabledByInPlaces,P1.reStart,T1.firingCon,P1.disMarksOut.vec[1],P1.disMarksOut.numtrue,P1.disMarksOut.anytrue,P1.disMarksIn.vec[1],P1.disMarksIn.vec[2],P1.disMarksIn.numtrue,P1.disMarksIn.anytrue,P2.disMarksIn.vec[1],P2.disMarksIn.numtrue,P2.disMarksIn.anytrue,T2.fire_,T1.fire_,T1.activation.arcWeightIntOut[1],P1.delayPassedOut.vec[1],P1.delayPassedIn.vec[1],P1.delayPassedIn.vec[2],T2.activation.arcWeightIntOut[1],T3.activation.arcWeightIntIn[1],T3.activation.arcWeightIntOut[1],P2.delayPassedIn.vec[1],T3.activation.disPlaceOut[1],T3.activation.maxTokensInt[1],T3.activation.tIntOut[1],T3.activation.normalArc[1],T3.activation.testValueInt[1],T3.activation.arcType[1],T3.activation.disPlaceIn[1],T3.activation.minTokensInt[1],T3.activation.tIntIn[1],T2.activation.disPlaceOut[1],T2.activation.maxTokensInt[1],T2.activation.tIntOut[1],T1.activation.disPlaceOut[1],T1.activation.maxTokensInt[1],T1.activation.tIntOut[1],P2.emptying.numtrue,P2.emptying.anytrue,P2.feeding.numtrue,P2.feeding.anytrue,P2.feeding.vec[1],P2.delayPassedIn.numtrue,P2.delayPassedIn.anytrue,P2.enableIn.TEin[1],$PRE.P2.enableIn.TEin[1],P2.enableIn.TEin_[1],P2.enableIn.active[1],P2.fireIn[1],$PRE.P2.fireIn[1],T3.fire_,T3.activation.NoTokens,T3.activation.weaklyOutputActiveVec[1],T3.activation.weaklyInputActiveVec[1],T3.activation.active,T3.activation.emptied[1],T3.activation.fed[1],T2.activation.NoTokens,T2.activation.weaklyOutputActiveVec[1],T2.activation.active,T2.activation.emptied[1],P1.emptying.numtrue,P1.emptying.anytrue,P1.emptying.vec[1],P1.feeding.numtrue,P1.feeding.anytrue,P1.feeding.vec[2],P1.feeding.vec[1],P1.delayPassedIn.numtrue,P1.delayPassedIn.anytrue,P1.delayPassedOut.numtrue,P1.delayPassedOut.anytrue,P1.enableOut.TEout[1],$PRE.P1.enableOut.TEout[1],P1.enableOut.TEout_[1],P1.enableOut.TAout[1],P1.enableIn.TEin[2],$PRE.P1.enableIn.TEin[2],P1.enableIn.TEin[1],$PRE.P1.enableIn.TEin[1],P1.enableIn.TEin_[2],P1.enableIn.TEin_[1],P1.enableIn.active[2],P1.enableIn.active[1],P1.fireOut[1],$PRE.P1.fireOut[1],P1.fireIn[2],$PRE.P1.fireIn[2],P1.fireIn[1],$PRE.P1.fireIn[1],T1.activation.NoTokens,T1.activation.weaklyOutputActiveVec[1],T1.activation.active,T1.activation.emptied[1],$whenCondition3,$whenCondition2,$whenCondition1)
 * Number of discrete states: 0 ()
 * Number of clocked states: 0 ()
 * Top-level inputs: 0
Notification: Strong component statistics for initialization (286):
 * Single equations (assignments): 262
 * Array equations: 0
 * Algorithm blocks: 23
 * Record equations: 0
 * When equations: 0
 * If-equations: 0
 * Equation systems (not torn): 0
 * Torn equation systems: 1
 * Mixed (continuous/discrete) equation systems: 0
Notification: Torn system details for strict tearing set:
 * Linear torn systems (#iteration vars, #inner vars, density): 0 systems
 * Non-linear torn systems (#iteration vars, #inner vars): 1 system
   {(3,14)}
Notification: Performance of prepare postOptimizeDAE: time 0.00191/0.1952, allocations: 1.68 MB / 0.492 GB, free: 2.75 MB / 378.7 MB
Notification: Performance of postOpt lateInlineFunction (simulation): time 0.0004807/0.1957, allocations: 178.5 kB / 0.4922 GB, free: 2.574 MB / 378.7 MB
Notification: Performance of postOpt wrapFunctionCalls (simulation): time 0.2169/0.4126, allocations: 5.031 MB / 0.4971 GB, free: 75.6 MB / 378.7 MB
Notification: Performance of postOpt inlineArrayEqn (simulation): time 2.627e-05/0.4127, allocations: 10.69 kB / 0.4971 GB, free: 75.6 MB / 378.7 MB
Notification: Performance of postOpt constantLinearSystem (simulation): time 8.055e-06/0.4127, allocations: 0.75 kB / 0.4971 GB, free: 75.6 MB / 378.7 MB
Notification: Performance of postOpt simplifysemiLinear (simulation): time 1.17e-05/0.4127, allocations: 8.406 kB / 0.4971 GB, free: 75.6 MB / 378.7 MB
Notification: Performance of postOpt removeSimpleEquations (simulation): time 0.01167/0.4244, allocations: 7.358 MB / 0.5043 GB, free: 74.73 MB / 378.7 MB
Notification: Performance of postOpt simplifyComplexFunction (simulation): time 0.007695/0.4321, allocations: 4.863 MB / 0.5091 GB, free: 73.55 MB / 378.7 MB
Notification: Performance of postOpt solveSimpleEquations (simulation): time 0.0003702/0.4325, allocations: 74.02 kB / 0.5091 GB, free: 73.55 MB / 378.7 MB
Notification: Performance of postOpt tearingSystem (simulation): time 0.001106/0.4336, allocations: 324.1 kB / 0.5094 GB, free: 73.5 MB / 378.7 MB
Notification: Performance of postOpt inputDerivativesUsed (simulation): time 0.0002479/0.4339, allocations: 99.14 kB / 0.5095 GB, free: 73.48 MB / 378.7 MB
Notification: Performance of postOpt calculateStrongComponentJacobians (simulation): time 0.0009684/0.4349, allocations: 0.9593 MB / 0.5105 GB, free: 72.84 MB / 378.7 MB
Notification: Performance of postOpt calculateStateSetsJacobians (simulation): time 1.963e-06/0.4349, allocations: 0 / 0.5105 GB, free: 72.84 MB / 378.7 MB
Notification: Performance of postOpt symbolicJacobian (simulation): time 0.01049/0.4454, allocations: 7.452 MB / 0.5178 GB, free: 67.83 MB / 378.7 MB
Notification: Performance of postOpt removeConstants (simulation): time 0.0001621/0.4456, allocations: 198.1 kB / 0.5179 GB, free: 67.68 MB / 378.7 MB
Notification: Performance of postOpt simplifyTimeIndepFuncCalls (simulation): time 0.0004704/0.4461, allocations: 175.6 kB / 0.5181 GB, free: 67.51 MB / 378.7 MB
Notification: Performance of postOpt simplifyAllExpressions (simulation): time 0.001295/0.4474, allocations: 167.6 kB / 0.5183 GB, free: 67.35 MB / 378.7 MB
Notification: Performance of postOpt findZeroCrossings (simulation): time 0.000716/0.4481, allocations: 382.4 kB / 0.5186 GB, free: 66.98 MB / 378.7 MB
Notification: Performance of postOpt collapseArrayExpressions (simulation): time 0.0002597/0.4484, allocations: 119.4 kB / 0.5188 GB, free: 66.86 MB / 378.7 MB
Notification: Performance of sorting global known variables: time 0.0004958/0.4489, allocations: 475 kB / 0.5192 GB, free: 66.4 MB / 378.7 MB
Notification: Performance of sort global known variables: time 1.5e-07/0.4489, allocations: 0 / 0.5192 GB, free: 66.4 MB / 378.7 MB
Notification: Performance of remove unused functions: time 0.001843/0.4507, allocations: 0.686 MB / 0.5199 GB, free: 65.73 MB / 378.7 MB
Notification: Model statistics after passing the back-end for simulation:
 * Number of independent subsystems: 3
 * Number of states: 2 (P1.t_,P2.t_)
 * Number of discrete variables: 133 (P2.disMarksInOut,$cse4[1],$whenCondition5,$whenCondition4,$whenCondition1,$whenCondition2,$whenCondition3,T1.activation.emptied[1],T1.activation.active,T1.activation.weaklyOutputActiveVec[1],T1.activation.NoTokens,P1.disMarksInOut,P1.fireIn[1],P1.fireIn[2],P1.fireOut[1],P1.enableIn.active[1],P1.enableIn.active[2],P1.enableIn.TEin_[1],P1.enableIn.TEin_[2],P1.enableIn.state128[1],P1.enableIn.state128[2],P1.enableIn.state128[3],P1.enableIn.state128[4],P1.enableIn.TEin[1],P1.enableIn.TEin[2],P1.enableIn.disTAin[1],P1.enableIn.disTAin[2],P1.enableIn.remTAin[1],P1.enableIn.remTAin[2],P1.enableIn.cumEnablingProb[1],P1.enableIn.cumEnablingProb[2],P1.enableIn.arcWeightSum,P1.enableIn.nremTAin,P1.enableIn.nTAin,P1.enableIn.k,P1.enableIn.posTE,P1.enableIn.randNum,P1.enableIn.sumEnablingProbTAin,P1.enableIn.endWhile,P1.enableIn.Index,P1.enableOut.TAout[1],P1.enableOut.TEout_[1],P1.enableOut.state128[1],P1.enableOut.state128[2],P1.enableOut.state128[3],P1.enableOut.state128[4],P1.enableOut.TEout[1],P1.enableOut.disTAout[1],P1.enableOut.remTAout[1],P1.enableOut.cumEnablingProb[1],P1.enableOut.arcWeightSum,P1.enableOut.nremTAout,P1.enableOut.nTAout,P1.enableOut.k,P1.enableOut.posTE,P1.enableOut.randNum,P1.enableOut.sumEnablingProbTAout,P1.enableOut.endWhile,P1.enableOut.Index,P1.delayPassedOut.anytrue,P1.delayPassedOut.numtrue,P1.delayPassedIn.anytrue,P1.delayPassedIn.numtrue,P1.disMarksOut.anytrue,P1.disMarksOut.numtrue,P1.disMarksIn.anytrue,P1.disMarksIn.numtrue,P1.feeding.vec[1],P1.feeding.vec[2],P1.feeding.anytrue,P1.feeding.numtrue,P1.emptying.vec[1],P1.emptying.anytrue,P1.emptying.numtrue,T2.activation.emptied[1],T2.activation.active,T2.activation.weaklyOutputActiveVec[1],T2.activation.NoTokens,T3.inPlaces[1].tokenInOut,T3.activation.fed[1],T3.activation.emptied[1],T3.activation.active,T3.activation.weaklyInputActiveVec[1],T3.activation.weaklyOutputActiveVec[1],T3.activation.NoTokens,T3.fire_,P2.fireIn[1],P2.enableIn.active[1],P2.enableIn.TEin_[1],P2.enableIn.state128[1],P2.enableIn.state128[2],P2.enableIn.state128[3],P2.enableIn.state128[4],P2.enableIn.TEin[1],P2.enableIn.disTAin[1],P2.enableIn.remTAin[1],P2.enableIn.cumEnablingProb[1],P2.enableIn.arcWeightSum,P2.enableIn.nremTAin,P2.enableIn.nTAin,P2.enableIn.k,P2.enableIn.posTE,P2.enableIn.randNum,P2.enableIn.sumEnablingProbTAin,P2.enableIn.endWhile,P2.enableIn.Index,P2.delayPassedIn.anytrue,P2.delayPassedIn.numtrue,P2.disMarksOut.anytrue,P2.disMarksOut.numtrue,P2.disMarksIn.anytrue,P2.disMarksIn.numtrue,P2.feeding.vec[1],P2.feeding.anytrue,P2.feeding.numtrue,P2.emptying.anytrue,P2.emptying.numtrue,$whenCondition6,P2.enableOut.state128[1],P2.enableOut.state128[2],P2.enableOut.state128[3],P2.enableOut.state128[4],P2.enableOut.arcWeightSum,P2.enableOut.nremTAout,P2.enableOut.nTAout,P2.enableOut.k,P2.enableOut.posTE,P2.enableOut.randNum,P2.enableOut.sumEnablingProbTAout,P2.enableOut.endWhile,P2.enableOut.Index,P2.delayPassedOut.anytrue,P2.delayPassedOut.numtrue)
 * Number of discrete states: 117 (P2.delayPassedOut.numtrue,P2.delayPassedOut.anytrue,P2.enableOut.Index,P2.enableOut.endWhile,P2.enableOut.sumEnablingProbTAout,P2.enableOut.state128[4],P2.enableOut.state128[3],P2.enableOut.state128[2],P2.enableOut.state128[1],P2.enableOut.randNum,P2.enableOut.posTE,P2.enableOut.k,P2.enableOut.nTAout,P2.enableOut.nremTAout,P2.enableOut.arcWeightSum,$whenCondition6,P1.disMarksInOut,P2.fireIn[1],P2.disMarksOut.anytrue,P2.disMarksIn.anytrue,P1.fireIn[2],P1.fireIn[1],P1.fireOut[1],P1.disMarksOut.anytrue,P1.disMarksIn.anytrue,P2.emptying.numtrue,P2.emptying.anytrue,P2.feeding.numtrue,P2.feeding.anytrue,P2.disMarksIn.numtrue,P2.disMarksOut.numtrue,P2.delayPassedIn.numtrue,P2.delayPassedIn.anytrue,P1.emptying.numtrue,P1.emptying.anytrue,T2.activation.weaklyOutputActiveVec[1],T2.activation.active,T2.activation.NoTokens,P1.feeding.numtrue,P1.feeding.anytrue,T3.activation.weaklyOutputActiveVec[1],T3.activation.weaklyInputActiveVec[1],T3.activation.active,T3.activation.NoTokens,P2.enableIn.TEin_[1],P2.enableIn.posTE,P2.enableIn.k,P2.enableIn.endWhile,P2.enableIn.state128[4],P2.enableIn.state128[3],P2.enableIn.state128[2],P2.enableIn.state128[1],P2.enableIn.randNum,P2.enableIn.cumEnablingProb[1],P2.enableIn.sumEnablingProbTAin,P2.enableIn.nTAin,P2.enableIn.nremTAin,P2.enableIn.remTAin[1],P2.enableIn.Index,P2.enableIn.arcWeightSum,P2.enableIn.disTAin[1],$whenCondition3,P2.enableIn.TEin[1],P1.disMarksIn.numtrue,P1.disMarksOut.numtrue,P1.delayPassedIn.numtrue,P1.delayPassedIn.anytrue,P1.delayPassedOut.numtrue,P1.delayPassedOut.anytrue,P1.enableOut.TEout_[1],P1.enableOut.posTE,P1.enableOut.k,P1.enableOut.endWhile,P1.enableOut.state128[4],P1.enableOut.state128[3],P1.enableOut.state128[2],P1.enableOut.state128[1],P1.enableOut.randNum,P1.enableOut.cumEnablingProb[1],P1.enableOut.sumEnablingProbTAout,P1.enableOut.nTAout,P1.enableOut.nremTAout,P1.enableOut.remTAout[1],P1.enableOut.Index,P1.enableOut.arcWeightSum,P1.enableOut.disTAout[1],$whenCondition2,P1.enableOut.TEout[1],T1.activation.weaklyOutputActiveVec[1],T1.activation.active,T1.activation.NoTokens,P1.enableIn.TEin_[2],P1.enableIn.TEin_[1],P1.enableIn.posTE,P1.enableIn.k,P1.enableIn.endWhile,P1.enableIn.state128[4],P1.enableIn.state128[3],P1.enableIn.state128[2],P1.enableIn.state128[1],P1.enableIn.randNum,P1.enableIn.cumEnablingProb[2],P1.enableIn.cumEnablingProb[1],P1.enableIn.sumEnablingProbTAin,P1.enableIn.nTAin,P1.enableIn.nremTAin,P1.enableIn.remTAin[2],P1.enableIn.remTAin[1],P1.enableIn.Index,P1.enableIn.arcWeightSum,P1.enableIn.disTAin[2],P1.enableIn.disTAin[1],$whenCondition1,P1.enableIn.TEin[2],P1.enableIn.TEin[1],P2.disMarkChange,P1.disMarkChange)
 * Number of clocked states: 0 ()
 * Top-level inputs: 0
Notification: Strong component statistics for simulation (73):
 * Single equations (assignments): 52
 * Array equations: 1
 * Algorithm blocks: 19
 * Record equations: 0
 * When equations: 0
 * If-equations: 0
 * Equation systems (not torn): 0
 * Torn equation systems: 1
 * Mixed (continuous/discrete) equation systems: 0
Notification: Torn system details for strict tearing set:
 * Linear torn systems (#iteration vars, #inner vars, density): 0 systems
 * Non-linear torn systems (#iteration vars, #inner vars): 1 system
   {(3,17)}
Notification: Performance of Backend phase and start with SimCode phase: time 0.0009977/0.4517, allocations: 0.5289 MB / 0.5204 GB, free: 65.26 MB / 378.7 MB
Notification: Performance of simCode: created initialization part: time 0.007084/0.4588, allocations: 5.672 MB / 0.5259 GB, free: 59.39 MB / 378.7 MB
Notification: Performance of simCode: created event and clocks part: time 4.359e-06/0.4589, allocations: 4 kB / 0.5259 GB, free: 59.39 MB / 378.7 MB
Notification: Performance of simCode: created simulation system equations: time 0.004908/0.4638, allocations: 6.636 MB / 0.5324 GB, free: 52.52 MB / 378.7 MB
Notification: Performance of simCode: created of all other equations (e.g. parameter, nominal, assert, etc): time 0.001049/0.4648, allocations: 224.2 kB / 0.5326 GB, free: 52.31 MB / 378.7 MB
Notification: Performance of simCode: created linear, non-linear and system jacobian parts: time 0.006468/0.4713, allocations: 4.321 MB / 0.5368 GB, free: 48.02 MB / 378.7 MB
Notification: Performance of simCode: some other stuff during SimCode phase: time 0.0008364/0.4722, allocations: 1.448 MB / 0.5383 GB, free: 46.55 MB / 378.7 MB
Notification: Performance of simCode: alias equations: time 0.0007782/0.473, allocations: 330.4 kB / 0.5386 GB, free: 46.23 MB / 378.7 MB
Notification: Performance of simCode: all other stuff during SimCode phase: time 0.0001721/0.4731, allocations: 87.42 kB / 0.5387 GB, free: 46.14 MB / 378.7 MB
Notification: Performance of SimCode: time 6.01e-07/0.4731, allocations: 0 / 0.5387 GB, free: 46.14 MB / 378.7 MB
Notification: Performance of Templates: time 0.04063/0.5138, allocations: 29.13 MB / 0.5671 GB, free: 16.85 MB / 378.7 MB
make -j1 -f PNlib_master_PNlib.Examples.ConTest.Speed.makefile
(rm -f PNlib_master_PNlib.Examples.ConTest.Speed.pipe ; mkfifo PNlib_master_PNlib.Examples.ConTest.Speed.pipe ; head -c 1048576 < PNlib_master_PNlib.Examples.ConTest.Speed.pipe >> ../files/PNlib_master_PNlib.Examples.ConTest.Speed.sim & ./PNlib_master_PNlib.Examples.ConTest.Speed  -abortSlowSimulation -alarm=480  -emit_protected -lv LOG_STATS > PNlib_master_PNlib.Examples.ConTest.Speed.pipe 2>&1)
diffSimulationResults("PNlib_master_PNlib.Examples.ConTest.Speed_res.mat","/home/runner/work/PNlib/PNlib/ReferenceFiles/PNlib.Examples.ConTest.Speed.mat","../files/PNlib_master_PNlib.Examples.ConTest.Speed.diff",relTol=0.003,relTolDiffMinMax=0.003,rangeDelta=0.001)
Reference file matches
