Running: ./testmodel.py --libraries=/home/runner/.openmodelica/libraries/ --ompython_omhome= PNlib_master_PNlib.Examples.ConTest.ConflictLoop.conf.json
loadFile("/home/runner/.openmodelica/libraries/ModelicaServices 4.0.0+maint.om/package.mo", uses=false)
loadFile("/home/runner/.openmodelica/libraries/Complex 4.0.0+maint.om/package.mo", uses=false)
loadFile("/home/runner/.openmodelica/libraries/Modelica 4.0.0+maint.om/package.mo", uses=false)
loadFile("/home/runner/work/PNlib/PNlib/PNlib/package.mo", uses=false)
Using package PNlib with version 3.0.0 (/home/runner/work/PNlib/PNlib/PNlib/package.mo)
Using package Modelica with version 4.0.0 (/home/runner/.openmodelica/libraries/Modelica 4.0.0+maint.om/package.mo)
Using package Complex with version 4.0.0 (/home/runner/.openmodelica/libraries/Complex 4.0.0+maint.om/package.mo)
Using package ModelicaServices with version 4.0.0 (/home/runner/.openmodelica/libraries/ModelicaServices 4.0.0+maint.om/package.mo)
Running command: translateModel(PNlib.Examples.ConTest.ConflictLoop,tolerance=1e-06,outputFormat="mat",numberOfIntervals=5000,variableFilter="P1.t|P2.t|P3.t|T1.fire|T1.instantaneousSpeed|T1.maximumSpeed|T2.fire|T2.instantaneousSpeed|T2.maximumSpeed|T3.fire|T3.instantaneousSpeed|T3.maximumSpeed|time",fileNamePrefix="PNlib_master_PNlib.Examples.ConTest.ConflictLoop")
translateModel(PNlib.Examples.ConTest.ConflictLoop,tolerance=1e-06,outputFormat="mat",numberOfIntervals=5000,variableFilter="P1.t|P2.t|P3.t|T1.fire|T1.instantaneousSpeed|T1.maximumSpeed|T2.fire|T2.instantaneousSpeed|T2.maximumSpeed|T3.fire|T3.instantaneousSpeed|T3.maximumSpeed|time",fileNamePrefix="PNlib_master_PNlib.Examples.ConTest.ConflictLoop")
Notification: Performance of loadFile(/home/runner/.openmodelica/libraries/ModelicaServices 4.0.0+maint.om/package.mo): time 0.0008957/0.0008958, allocations: 89.34 kB / 15.59 MB, free: 5.23 MB / 13.93 MB
Notification: Performance of loadFile(/home/runner/.openmodelica/libraries/Complex 4.0.0+maint.om/package.mo): time 0.0009868/0.0009869, allocations: 175.7 kB / 16.51 MB, free: 4.648 MB / 13.93 MB
Notification: Performance of loadFile(/home/runner/.openmodelica/libraries/Modelica 4.0.0+maint.om/package.mo): time 1.677/1.677, allocations: 222.1 MB / 239.4 MB, free: 11.07 MB / 202.7 MB
Notification: Performance of loadFile(/home/runner/work/PNlib/PNlib/PNlib/package.mo): time 0.09436/0.09436, allocations: 16.59 MB / 306.2 MB, free: 10.54 MB / 250.7 MB
Notification: Performance of FrontEnd - loaded program: time 0.0004959/0.000496, allocations: 11.59 kB / 370.6 MB, free: 44.89 MB / 298.7 MB
Notification: Performance of FrontEnd - Absyn->SCode: time 0.07818/0.0787, allocations: 53.47 MB / 424.1 MB, free: 5.887 MB / 298.7 MB
Notification: Performance of NFInst.instantiate(PNlib.Examples.ConTest.ConflictLoop): time 0.004451/0.08319, allocations: 4.227 MB / 428.3 MB, free: 1.652 MB / 298.7 MB
Notification: Performance of NFInst.instExpressions: time 0.005292/0.0885, allocations: 3.3 MB / 431.6 MB, free: 14.35 MB / 314.7 MB
Notification: Performance of NFInst.updateImplicitVariability: time 0.0004904/0.08901, allocations: 23.94 kB / 431.6 MB, free: 14.32 MB / 314.7 MB
Notification: Performance of NFTyping.typeComponents: time 0.0006584/0.08968, allocations: 408.7 kB / 432 MB, free: 13.92 MB / 314.7 MB
Notification: Performance of NFTyping.typeBindings: time 0.0009937/0.09068, allocations: 416.7 kB / 432.4 MB, free: 13.51 MB / 314.7 MB
Notification: Performance of NFTyping.typeClassSections: time 0.002481/0.09318, allocations: 1.555 MB / 434 MB, free: 11.96 MB / 314.7 MB
Notification: Performance of NFFlatten.flatten: time 0.003742/0.09694, allocations: 4.693 MB / 438.7 MB, free: 7.258 MB / 314.7 MB
Notification: Performance of NFFlatten.resolveConnections: time 0.0008729/0.09782, allocations: 0.9159 MB / 439.6 MB, free: 6.293 MB / 314.7 MB
Notification: Performance of NFEvalConstants.evaluate: time 0.001284/0.09912, allocations: 1.823 MB / 441.4 MB, free: 4.465 MB / 314.7 MB
Notification: Performance of NFSimplifyModel.simplify: time 0.001387/0.1005, allocations: 1.571 MB / 443 MB, free: 2.887 MB / 314.7 MB
Notification: Performance of NFPackage.collectConstants: time 0.0005209/0.101, allocations: 440 kB / 443.4 MB, free: 2.457 MB / 314.7 MB
Notification: Performance of NFFlatten.collectFunctions: time 0.001022/0.1021, allocations: 0.7963 MB / 444.2 MB, free: 1.66 MB / 314.7 MB
Notification: Performance of NFScalarize.scalarize: time 0.0007983/0.1029, allocations: 0.7904 MB / 445 MB, free: 0.8672 MB / 314.7 MB
Notification: Performance of NFVerifyModel.verify: time 0.001858/0.1048, allocations: 1.84 MB / 446.8 MB, free: 15.02 MB / 330.7 MB
Notification: Performance of NFConvertDAE.convert: time 0.003242/0.108, allocations: 4.442 MB / 451.3 MB, free: 10.56 MB / 330.7 MB
Notification: Performance of FrontEnd - DAE generated: time 5.49e-06/0.108, allocations: 4 kB / 451.3 MB, free: 10.56 MB / 330.7 MB
Notification: Performance of FrontEnd: time 1.734e-06/0.108, allocations: 3.844 kB / 451.3 MB, free: 10.56 MB / 330.7 MB
Notification: Performance of Transformations before backend: time 2.25e-05/0.1081, allocations: 0 / 451.3 MB, free: 10.56 MB / 330.7 MB
Notification: Model statistics after passing the front-end and creating the data structures used by the back-end:
 * Number of equations: 895
 * Number of variables: 895
Notification: Performance of Generate backend data structure: time 0.005418/0.1135, allocations: 4.239 MB / 455.5 MB, free: 6.059 MB / 330.7 MB
Notification: Performance of prepare preOptimizeDAE: time 3.747e-05/0.1135, allocations: 8.031 kB / 455.5 MB, free: 6.051 MB / 330.7 MB
Notification: Performance of preOpt normalInlineFunction (simulation): time 0.003675/0.1172, allocations: 0.7117 MB / 456.3 MB, free: 5.336 MB / 330.7 MB
Notification: Performance of preOpt evaluateParameters (simulation): time 0.002274/0.1195, allocations: 1.4 MB / 457.7 MB, free: 3.891 MB / 330.7 MB
Notification: Performance of preOpt simplifyIfEquations (simulation): time 0.0004768/0.12, allocations: 0.8607 MB / 458.5 MB, free: 2.898 MB / 330.7 MB
Notification: Performance of preOpt expandDerOperator (simulation): time 0.0005738/0.1206, allocations: 403.9 kB / 458.9 MB, free: 2.504 MB / 330.7 MB
Notification: Performance of preOpt clockPartitioning (simulation): time 0.01064/0.1312, allocations: 6.811 MB / 465.7 MB, free: 11.54 MB / 346.7 MB
Notification: Performance of preOpt findStateOrder (simulation): time 6.884e-05/0.1313, allocations: 7.938 kB / 465.7 MB, free: 11.53 MB / 346.7 MB
Notification: Performance of preOpt replaceEdgeChange (simulation): time 0.0004324/0.1318, allocations: 195.9 kB / 465.9 MB, free: 11.34 MB / 346.7 MB
Notification: Performance of preOpt inlineArrayEqn (simulation): time 0.0005504/0.1323, allocations: 369.4 kB / 466.3 MB, free: 10.97 MB / 346.7 MB
Notification: Performance of preOpt removeEqualRHS (simulation): time 0.008256/0.1406, allocations: 5.075 MB / 471.4 MB, free: 5.887 MB / 346.7 MB
Notification: Performance of preOpt removeSimpleEquations (simulation): time 0.01653/0.1572, allocations: 11.59 MB / 482.9 MB, free: 10.05 MB / 362.7 MB
Notification: Performance of preOpt comSubExp (simulation): time 0.007222/0.1644, allocations: 6.673 MB / 489.6 MB, free: 3.316 MB / 362.7 MB
Notification: Performance of preOpt resolveLoops (simulation): time 0.007212/0.1717, allocations: 6.137 MB / 495.8 MB, free: 13.17 MB / 378.7 MB
Notification: Performance of preOpt evalFunc (simulation): time 0.000161/0.1718, allocations: 46.84 kB / 495.8 MB, free: 13.12 MB / 378.7 MB
Notification: Performance of preOpt encapsulateWhenConditions (simulation): time 0.005147/0.177, allocations: 3.45 MB / 499.2 MB, free: 9.609 MB / 378.7 MB
Notification: Performance of pre-optimization done (n=276): time 4.78e-06/0.177, allocations: 4 kB / 499.3 MB, free: 9.605 MB / 378.7 MB
Notification: Performance of matching and sorting (n=276): time 0.2307/0.4077, allocations: 11.41 MB / 0.4987 GB, free: 75.25 MB / 378.7 MB
Notification: Performance of inlineWhenForInitialization (initialization): time 0.0009016/0.4086, allocations: 1.794 MB / 0.5004 GB, free: 73.68 MB / 378.7 MB
Notification: Performance of selectInitializationVariablesDAE (initialization): time 0.001712/0.4104, allocations: 1.333 MB / 0.5017 GB, free: 73.54 MB / 378.7 MB
Notification: Performance of collectPreVariables (initialization): time 0.000321/0.4107, allocations: 170.6 kB / 0.5019 GB, free: 73.51 MB / 378.7 MB
Notification: Performance of collectInitialEqns (initialization): time 0.0006705/0.4114, allocations: 1.038 MB / 0.5029 GB, free: 73.02 MB / 378.7 MB
Notification: Performance of collectInitialBindings (initialization): time 0.000598/0.412, allocations: 0.7433 MB / 0.5037 GB, free: 72.63 MB / 378.7 MB
Notification: Performance of simplifyInitialFunctions (initialization): time 0.001401/0.4134, allocations: 0.9501 MB / 0.5046 GB, free: 72.58 MB / 378.7 MB
Notification: Performance of setup shared object (initialization): time 7.893e-05/0.4135, allocations: 355.3 kB / 0.5049 GB, free: 72.27 MB / 378.7 MB
Notification: Performance of preBalanceInitialSystem (initialization): time 0.003351/0.4168, allocations: 2.063 MB / 0.5069 GB, free: 72.26 MB / 378.7 MB
Notification: Performance of partitionIndependentBlocks (initialization): time 0.004124/0.421, allocations: 3.462 MB / 0.5103 GB, free: 70.64 MB / 378.7 MB
Notification: Performance of analyzeInitialSystem (initialization): time 0.007193/0.4282, allocations: 6.808 MB / 0.517 GB, free: 65.93 MB / 378.7 MB
Notification: Performance of solveInitialSystemEqSystem (initialization): time 7.18e-05/0.4283, allocations: 14.59 kB / 0.517 GB, free: 65.93 MB / 378.7 MB
Notification: Performance of matching and sorting (n=551) (initialization): time 0.009922/0.4382, allocations: 7.528 MB / 0.5243 GB, free: 61.67 MB / 378.7 MB
Notification: Performance of prepare postOptimizeDAE: time 0.0004553/0.4387, allocations: 1.162 MB / 0.5255 GB, free: 60.31 MB / 378.7 MB
Notification: Performance of postOpt simplifyComplexFunction (initialization): time 0.006756/0.4454, allocations: 4.817 MB / 0.5302 GB, free: 55.37 MB / 378.7 MB
Notification: Performance of postOpt tearingSystem (initialization): time 0.003285/0.4487, allocations: 0.7423 MB / 0.5309 GB, free: 54.63 MB / 378.7 MB
Notification: Performance of postOpt solveSimpleEquations (initialization): time 0.001399/0.4501, allocations: 462.8 kB / 0.5313 GB, free: 54.18 MB / 378.7 MB
Notification: Performance of postOpt calculateStrongComponentJacobians (initialization): time 0.001328/0.4515, allocations: 1.283 MB / 0.5326 GB, free: 52.87 MB / 378.7 MB
Notification: Performance of postOpt simplifyAllExpressions (initialization): time 0.002342/0.4538, allocations: 0.5269 MB / 0.5331 GB, free: 52.34 MB / 378.7 MB
Notification: Performance of postOpt collapseArrayExpressions (initialization): time 0.0003509/0.4542, allocations: 228.7 kB / 0.5333 GB, free: 52.12 MB / 378.7 MB
Warning: Assuming fixed start value for the following 54 variables:
         P3.enableOut.posTE:DISCRETE(fixed = true protected = true )  "possible enabled transition" type: Integer
         P3.enableOut.k:DISCRETE(fixed = true protected = true )  "iteration index" type: Integer
         P3.enableOut.endWhile:DISCRETE(fixed = true protected = true )  type: Boolean
         P3.enableOut.sumEnablingProbTAout:DISCRETE(fixed = true protected = true )  "sum of the enabling probabilities of the active output transitions" type: Real
         P3.enableOut.nTAout:DISCRETE(fixed = true protected = true )  "number of active output transitions" type: Integer
         P3.enableOut.nremTAout:DISCRETE(fixed = true protected = true )  "number of remaining active output transitions" type: Integer
         P3.enableOut.Index:DISCRETE(fixed = true protected = true )  type: Integer
         P3.enableOut.arcWeightSum:DISCRETE(fixed = true protected = true )  "arc weight sum" type: Real
         P3.enableIn.posTE:DISCRETE(fixed = true protected = true )  "possible enabled transition" type: Integer
         P3.enableIn.k:DISCRETE(fixed = true protected = true )  "iteration index" type: Integer
         P3.enableIn.endWhile:DISCRETE(fixed = true protected = true )  type: Boolean
         P3.enableIn.sumEnablingProbTAin:DISCRETE(fixed = true protected = true )  "sum of the enabling probabilities of the active input transitions" type: Real
         P3.enableIn.nTAin:DISCRETE(fixed = true protected = true )  "number ofactive input transitions" type: Integer
         P3.enableIn.nremTAin:DISCRETE(fixed = true protected = true )  "number of remaining active input transitions" type: Integer
         P3.enableIn.Index:DISCRETE(fixed = true protected = true )  "priority Index" type: Integer
         P3.enableIn.arcWeightSum:DISCRETE(fixed = true protected = true )  "arc weight sum" type: Real
         P2.enableOut.posTE:DISCRETE(fixed = true protected = true )  "possible enabled transition" type: Integer
         P2.enableOut.k:DISCRETE(fixed = true protected = true )  "iteration index" type: Integer
         P2.enableOut.endWhile:DISCRETE(fixed = true protected = true )  type: Boolean
         P2.enableOut.sumEnablingProbTAout:DISCRETE(fixed = true protected = true )  "sum of the enabling probabilities of the active output transitions" type: Real
         P2.enableOut.nTAout:DISCRETE(fixed = true protected = true )  "number of active output transitions" type: Integer
         P2.enableOut.nremTAout:DISCRETE(fixed = true protected = true )  "number of remaining active output transitions" type: Integer
         P2.enableOut.Index:DISCRETE(fixed = true protected = true )  type: Integer
         P2.enableOut.arcWeightSum:DISCRETE(fixed = true protected = true )  "arc weight sum" type: Real
         P2.enableIn.posTE:DISCRETE(fixed = true protected = true )  "possible enabled transition" type: Integer
         P2.enableIn.k:DISCRETE(fixed = true protected = true )  "iteration index" type: Integer
         P2.enableIn.endWhile:DISCRETE(fixed = true protected = true )  type: Boolean
         P2.enableIn.sumEnablingProbTAin:DISCRETE(fixed = true protected = true )  "sum of the enabling probabilities of the active input transitions" type: Real
         P2.enableIn.nTAin:DISCRETE(fixed = true protected = true )  "number ofactive input transitions" type: Integer
         P2.enableIn.nremTAin:DISCRETE(fixed = true protected = true )  "number of remaining active input transitions" type: Integer
         P2.enableIn.Index:DISCRETE(fixed = true protected = true )  "priority Index" type: Integer
         P2.enableIn.arcWeightSum:DISCRETE(fixed = true protected = true )  "arc weight sum" type: Real
         P1.enableOut.posTE:DISCRETE(fixed = true protected = true )  "possible enabled transition" type: Integer
         P1.enableOut.k:DISCRETE(fixed = true protected = true )  "iteration index" type: Integer
         P1.enableOut.endWhile:DISCRETE(fixed = true protected = true )  type: Boolean
         P1.enableOut.sumEnablingProbTAout:DISCRETE(fixed = true protected = true )  "sum of the enabling probabilities of the active output transitions" type: Real
         P1.enableOut.nTAout:DISCRETE(fixed = true protected = true )  "number of active output transitions" type: Integer
         P1.enableOut.nremTAout:DISCRETE(fixed = true protected = true )  "number of remaining active output transitions" type: Integer
         P1.enableOut.Index:DISCRETE(fixed = true protected = true )  type: Integer
         P1.enableOut.arcWeightSum:DISCRETE(fixed = true protected = true )  "arc weight sum" type: Real
         P1.enableIn.posTE:DISCRETE(fixed = true protected = true )  "possible enabled transition" type: Integer
         P1.enableIn.k:DISCRETE(fixed = true protected = true )  "iteration index" type: Integer
         P1.enableIn.endWhile:DISCRETE(fixed = true protected = true )  type: Boolean
         P1.enableIn.sumEnablingProbTAin:DISCRETE(fixed = true protected = true )  "sum of the enabling probabilities of the active input transitions" type: Real
         P1.enableIn.nTAin:DISCRETE(fixed = true protected = true )  "number ofactive input transitions" type: Integer
         P1.enableIn.nremTAin:DISCRETE(fixed = true protected = true )  "number of remaining active input transitions" type: Integer
         P1.enableIn.Index:DISCRETE(fixed = true protected = true )  "priority Index" type: Integer
         P1.enableIn.arcWeightSum:DISCRETE(fixed = true protected = true )  "arc weight sum" type: Real
         P3.disMarksIn.anytrue:DISCRETE(fixed = true protected = true )  type: Boolean
         P3.disMarksOut.anytrue:DISCRETE(fixed = true protected = true )  type: Boolean
         P2.disMarksIn.anytrue:DISCRETE(fixed = true protected = true )  type: Boolean
         P2.disMarksOut.anytrue:DISCRETE(fixed = true protected = true )  type: Boolean
         P1.disMarksIn.anytrue:DISCRETE(fixed = true protected = true )  type: Boolean
         P1.disMarksOut.anytrue:DISCRETE(fixed = true protected = true )  type: Boolean
Notification: Model statistics after passing the back-end for initialization:
 * Number of independent subsystems: 185
 * Number of states: 0 ()
 * Number of discrete variables: 434 ($PRE.P3.enableOut.posTE,P3.enableOut.posTE,$PRE.P3.enableOut.k,P3.enableOut.k,$PRE.P3.enableOut.endWhile,P3.enableOut.endWhile,P3.enableOut.randNum,$PRE.P3.enableOut.randNum,P3.enableOut.state128[4],$PRE.P3.enableOut.state128[4],P3.enableOut.state128[3],$PRE.P3.enableOut.state128[3],P3.enableOut.state128[2],$PRE.P3.enableOut.state128[2],P3.enableOut.state128[1],$PRE.P3.enableOut.state128[1],P3.enableOut.cumEnablingProb[1],$PRE.P3.enableOut.cumEnablingProb[1],$PRE.P3.enableOut.sumEnablingProbTAout,P3.enableOut.sumEnablingProbTAout,$PRE.P3.enableOut.nTAout,P3.enableOut.nTAout,$PRE.P3.enableOut.nremTAout,P3.enableOut.nremTAout,P3.enableOut.remTAout[1],$PRE.P3.enableOut.remTAout[1],$PRE.P3.enableOut.Index,P3.enableOut.Index,$PRE.P3.enableOut.arcWeightSum,P3.enableOut.arcWeightSum,P3.enableOut.disTAout[1],$PRE.P3.enableOut.disTAout[1],$PRE.P3.enableIn.posTE,P3.enableIn.posTE,$PRE.P3.enableIn.k,P3.enableIn.k,$PRE.P3.enableIn.endWhile,P3.enableIn.endWhile,P3.enableIn.randNum,$PRE.P3.enableIn.randNum,P3.enableIn.state128[4],$PRE.P3.enableIn.state128[4],P3.enableIn.state128[3],$PRE.P3.enableIn.state128[3],P3.enableIn.state128[2],$PRE.P3.enableIn.state128[2],P3.enableIn.state128[1],$PRE.P3.enableIn.state128[1],P3.enableIn.cumEnablingProb[1],$PRE.P3.enableIn.cumEnablingProb[1],$PRE.P3.enableIn.sumEnablingProbTAin,P3.enableIn.sumEnablingProbTAin,$PRE.P3.enableIn.nTAin,P3.enableIn.nTAin,$PRE.P3.enableIn.nremTAin,P3.enableIn.nremTAin,P3.enableIn.remTAin[1],$PRE.P3.enableIn.remTAin[1],$PRE.P3.enableIn.Index,P3.enableIn.Index,$PRE.P3.enableIn.arcWeightSum,P3.enableIn.arcWeightSum,P3.enableIn.disTAin[1],$PRE.P3.enableIn.disTAin[1],$PRE.P2.enableOut.posTE,P2.enableOut.posTE,$PRE.P2.enableOut.k,P2.enableOut.k,$PRE.P2.enableOut.endWhile,P2.enableOut.endWhile,P2.enableOut.randNum,$PRE.P2.enableOut.randNum,P2.enableOut.state128[4],$PRE.P2.enableOut.state128[4],P2.enableOut.state128[3],$PRE.P2.enableOut.state128[3],P2.enableOut.state128[2],$PRE.P2.enableOut.state128[2],P2.enableOut.state128[1],$PRE.P2.enableOut.state128[1],P2.enableOut.cumEnablingProb[1],$PRE.P2.enableOut.cumEnablingProb[1],$PRE.P2.enableOut.sumEnablingProbTAout,P2.enableOut.sumEnablingProbTAout,$PRE.P2.enableOut.nTAout,P2.enableOut.nTAout,$PRE.P2.enableOut.nremTAout,P2.enableOut.nremTAout,P2.enableOut.remTAout[1],$PRE.P2.enableOut.remTAout[1],$PRE.P2.enableOut.Index,P2.enableOut.Index,$PRE.P2.enableOut.arcWeightSum,P2.enableOut.arcWeightSum,P2.enableOut.disTAout[1],$PRE.P2.enableOut.disTAout[1],$PRE.P2.enableIn.posTE,P2.enableIn.posTE,$PRE.P2.enableIn.k,P2.enableIn.k,$PRE.P2.enableIn.endWhile,P2.enableIn.endWhile,P2.enableIn.randNum,$PRE.P2.enableIn.randNum,P2.enableIn.state128[4],$PRE.P2.enableIn.state128[4],P2.enableIn.state128[3],$PRE.P2.enableIn.state128[3],P2.enableIn.state128[2],$PRE.P2.enableIn.state128[2],P2.enableIn.state128[1],$PRE.P2.enableIn.state128[1],P2.enableIn.cumEnablingProb[1],$PRE.P2.enableIn.cumEnablingProb[1],$PRE.P2.enableIn.sumEnablingProbTAin,P2.enableIn.sumEnablingProbTAin,$PRE.P2.enableIn.nTAin,P2.enableIn.nTAin,$PRE.P2.enableIn.nremTAin,P2.enableIn.nremTAin,P2.enableIn.remTAin[1],$PRE.P2.enableIn.remTAin[1],$PRE.P2.enableIn.Index,P2.enableIn.Index,$PRE.P2.enableIn.arcWeightSum,P2.enableIn.arcWeightSum,P2.enableIn.disTAin[1],$PRE.P2.enableIn.disTAin[1],$PRE.P1.enableOut.posTE,P1.enableOut.posTE,$PRE.P1.enableOut.k,P1.enableOut.k,$PRE.P1.enableOut.endWhile,P1.enableOut.endWhile,P1.enableOut.randNum,$PRE.P1.enableOut.randNum,P1.enableOut.state128[4],$PRE.P1.enableOut.state128[4],P1.enableOut.state128[3],$PRE.P1.enableOut.state128[3],P1.enableOut.state128[2],$PRE.P1.enableOut.state128[2],P1.enableOut.state128[1],$PRE.P1.enableOut.state128[1],P1.enableOut.cumEnablingProb[2],$PRE.P1.enableOut.cumEnablingProb[2],P1.enableOut.cumEnablingProb[1],$PRE.P1.enableOut.cumEnablingProb[1],$PRE.P1.enableOut.sumEnablingProbTAout,P1.enableOut.sumEnablingProbTAout,$PRE.P1.enableOut.nTAout,P1.enableOut.nTAout,$PRE.P1.enableOut.nremTAout,P1.enableOut.nremTAout,P1.enableOut.remTAout[2],$PRE.P1.enableOut.remTAout[2],P1.enableOut.remTAout[1],$PRE.P1.enableOut.remTAout[1],$PRE.P1.enableOut.Index,P1.enableOut.Index,$PRE.P1.enableOut.arcWeightSum,P1.enableOut.arcWeightSum,P1.enableOut.disTAout[2],$PRE.P1.enableOut.disTAout[2],P1.enableOut.disTAout[1],$PRE.P1.enableOut.disTAout[1],$PRE.P1.enableIn.posTE,P1.enableIn.posTE,$PRE.P1.enableIn.k,P1.enableIn.k,$PRE.P1.enableIn.endWhile,P1.enableIn.endWhile,P1.enableIn.randNum,$PRE.P1.enableIn.randNum,P1.enableIn.state128[4],$PRE.P1.enableIn.state128[4],P1.enableIn.state128[3],$PRE.P1.enableIn.state128[3],P1.enableIn.state128[2],$PRE.P1.enableIn.state128[2],P1.enableIn.state128[1],$PRE.P1.enableIn.state128[1],P1.enableIn.cumEnablingProb[1],$PRE.P1.enableIn.cumEnablingProb[1],$PRE.P1.enableIn.sumEnablingProbTAin,P1.enableIn.sumEnablingProbTAin,$PRE.P1.enableIn.nTAin,P1.enableIn.nTAin,$PRE.P1.enableIn.nremTAin,P1.enableIn.nremTAin,P1.enableIn.remTAin[1],$PRE.P1.enableIn.remTAin[1],$PRE.P1.enableIn.Index,P1.enableIn.Index,$PRE.P1.enableIn.arcWeightSum,P1.enableIn.arcWeightSum,P1.enableIn.disTAin[1],$PRE.P1.enableIn.disTAin[1],$PRE.P3.disMarksInOut,P3.outTransition[1].tokenInOut,$PRE.P2.disMarksInOut,P2.outTransition[1].tokenInOut,$PRE.P1.disMarksInOut,P1.outTransition[1].tokenInOut,T3.inPlaces[1].tokenInOut,$PRE.P3.disMarksIn.anytrue,$PRE.P3.disMarksOut.anytrue,P3.disMarksInOut,$whenCondition9,$PRE.P2.disMarksIn.anytrue,$PRE.P2.disMarksOut.anytrue,P2.disMarksInOut,$whenCondition8,$PRE.P1.disMarksIn.anytrue,$PRE.P1.disMarksOut.anytrue,P1.disMarksInOut,$whenCondition7,P3.outTransition[1].normalArc,P3.outTransition[1].testValueint,P3.outTransition[1].arcType,P3.outTransition[1].disPlace,P3.outTransition[1].minTokensint,P3.outTransition[1].tint,T1.inPlaces[2].disTransition,P3.inTransition[1].disPlace,P3.inTransition[1].maxTokensint,P3.inTransition[1].tint,T3.outPlaces[1].disTransition,T3.outPlaces[1].enabledByInPlaces,P3.reStart,P2.outTransition[1].normalArc,P2.outTransition[1].testValueint,P2.outTransition[1].arcType,P2.outTransition[1].disPlace,P2.outTransition[1].minTokensint,P2.outTransition[1].tint,T1.inPlaces[1].disTransition,P2.inTransition[1].disPlace,P2.inTransition[1].maxTokensint,P2.inTransition[1].tint,T2.outPlaces[1].disTransition,T2.outPlaces[1].enabledByInPlaces,P2.reStart,P1.outTransition[2].normalArc,P1.outTransition[2].testValueint,P1.outTransition[2].arcType,P1.outTransition[2].disPlace,P1.outTransition[2].minTokensint,P1.outTransition[2].tint,T3.inPlaces[1].disTransition,P1.outTransition[1].normalArc,P1.outTransition[1].testValueint,P1.outTransition[1].arcType,P1.outTransition[1].disPlace,P1.outTransition[1].minTokensint,P1.outTransition[1].tint,T2.inPlaces[1].disTransition,P1.inTransition[1].disPlace,P1.inTransition[1].maxTokensint,P1.inTransition[1].tint,T1.outPlaces[1].disTransition,T1.outPlaces[1].enabledByInPlaces,P1.reStart,T3.firingCon,T2.firingCon,T1.firingCon,P1.disMarksOut.vec[1],P1.disMarksOut.vec[2],P1.disMarksOut.numtrue,P1.disMarksOut.anytrue,P1.disMarksIn.vec[1],P1.disMarksIn.numtrue,P1.disMarksIn.anytrue,P2.disMarksOut.vec[1],P2.disMarksOut.numtrue,P2.disMarksOut.anytrue,P2.disMarksIn.vec[1],P2.disMarksIn.numtrue,P2.disMarksIn.anytrue,P3.disMarksOut.vec[1],P3.disMarksOut.numtrue,P3.disMarksOut.anytrue,P3.disMarksIn.vec[1],P3.disMarksIn.numtrue,P3.disMarksIn.anytrue,T1.activation.arcWeightIntIn[1],T1.activation.arcWeightIntIn[2],T1.activation.arcWeightIntOut[1],T2.activation.arcWeightIntIn[1],T2.activation.arcWeightIntOut[1],T3.activation.arcWeightIntIn[1],T3.activation.arcWeightIntOut[1],P1.delayPassedOut.vec[1],P1.delayPassedOut.vec[2],P1.delayPassedIn.vec[1],P2.delayPassedOut.vec[1],P2.delayPassedIn.vec[1],P3.delayPassedOut.vec[1],P3.delayPassedIn.vec[1],T1.activation.normalArc[2],T1.activation.testValueInt[2],T1.activation.arcType[2],T1.activation.disPlaceIn[2],T1.activation.minTokensInt[2],T1.activation.tIntIn[2],T3.activation.disPlaceOut[1],T3.activation.maxTokensInt[1],T3.activation.tIntOut[1],T1.activation.normalArc[1],T1.activation.testValueInt[1],T1.activation.arcType[1],T1.activation.disPlaceIn[1],T1.activation.minTokensInt[1],T1.activation.tIntIn[1],T2.activation.disPlaceOut[1],T2.activation.maxTokensInt[1],T2.activation.tIntOut[1],T3.activation.normalArc[1],T3.activation.testValueInt[1],T3.activation.arcType[1],T3.activation.disPlaceIn[1],T3.activation.minTokensInt[1],T3.activation.tIntIn[1],T2.activation.normalArc[1],T2.activation.testValueInt[1],T2.activation.arcType[1],T2.activation.disPlaceIn[1],T2.activation.minTokensInt[1],T2.activation.tIntIn[1],T1.activation.disPlaceOut[1],T1.activation.maxTokensInt[1],T1.activation.tIntOut[1],P3.emptying.numtrue,P3.emptying.anytrue,P3.emptying.vec[1],P3.feeding.numtrue,P3.feeding.anytrue,P3.feeding.vec[1],P3.delayPassedIn.numtrue,P3.delayPassedIn.anytrue,P3.delayPassedOut.numtrue,P3.delayPassedOut.anytrue,P3.enableOut.TEout[1],$PRE.P3.enableOut.TEout[1],P3.enableOut.TEout_[1],P3.enableOut.TAout[1],P3.enableIn.TEin[1],$PRE.P3.enableIn.TEin[1],P3.enableIn.TEin_[1],P3.enableIn.active[1],P3.fireOut[1],$PRE.P3.fireOut[1],P3.fireIn[1],$PRE.P3.fireIn[1],P2.emptying.numtrue,P2.emptying.anytrue,P2.emptying.vec[1],P2.feeding.numtrue,P2.feeding.anytrue,P2.feeding.vec[1],P2.delayPassedIn.numtrue,P2.delayPassedIn.anytrue,P2.delayPassedOut.numtrue,P2.delayPassedOut.anytrue,P2.enableOut.TEout[1],$PRE.P2.enableOut.TEout[1],P2.enableOut.TEout_[1],P2.enableOut.TAout[1],P2.enableIn.TEin[1],$PRE.P2.enableIn.TEin[1],P2.enableIn.TEin_[1],P2.enableIn.active[1],P2.fireOut[1],$PRE.P2.fireOut[1],P2.fireIn[1],$PRE.P2.fireIn[1],P1.emptying.numtrue,P1.emptying.anytrue,P1.emptying.vec[2],P1.emptying.vec[1],P1.feeding.numtrue,P1.feeding.anytrue,P1.feeding.vec[1],P1.delayPassedIn.numtrue,P1.delayPassedIn.anytrue,P1.delayPassedOut.numtrue,P1.delayPassedOut.anytrue,P1.enableOut.TEout[2],$PRE.P1.enableOut.TEout[2],P1.enableOut.TEout[1],$PRE.P1.enableOut.TEout[1],P1.enableOut.TEout_[2],P1.enableOut.TEout_[1],P1.enableOut.TAout[2],P1.enableOut.TAout[1],P1.enableIn.TEin[1],$PRE.P1.enableIn.TEin[1],P1.enableIn.TEin_[1],P1.enableIn.active[1],P1.fireOut[2],$PRE.P1.fireOut[2],P1.fireOut[1],$PRE.P1.fireOut[1],P1.fireIn[1],$PRE.P1.fireIn[1],T3.fire_,T3.activation.NoTokens,T3.activation.weaklyOutputActiveVec[1],T3.activation.weaklyInputActiveVec[1],T3.activation.active,T3.activation.emptied[1],T3.activation.fed[1],T2.fire_,T2.activation.NoTokens,T2.activation.weaklyOutputActiveVec[1],T2.activation.weaklyInputActiveVec[1],T2.activation.active,T2.activation.emptied[1],T2.activation.fed[1],T1.fire_,T1.activation.NoTokens,T1.activation.weaklyOutputActiveVec[1],T1.activation.weaklyInputActiveVec[2],T1.activation.weaklyInputActiveVec[1],T1.activation.active,T1.activation.emptied[1],T1.activation.fed[2],T1.activation.fed[1],$whenCondition6,$whenCondition5,$whenCondition4,$whenCondition3,$whenCondition2,$whenCondition1)
 * Number of discrete states: 0 ()
 * Number of clocked states: 0 ()
 * Top-level inputs: 0
Notification: Strong component statistics for initialization (465):
 * Single equations (assignments): 431
 * Array equations: 0
 * Algorithm blocks: 33
 * Record equations: 0
 * When equations: 0
 * If-equations: 0
 * Equation systems (not torn): 0
 * Torn equation systems: 1
 * Mixed (continuous/discrete) equation systems: 0
Notification: Torn system details for strict tearing set:
 * Linear torn systems (#iteration vars, #inner vars, density): 0 systems
 * Non-linear torn systems (#iteration vars, #inner vars): 1 system
   {(5,19)}
Notification: Performance of prepare postOptimizeDAE: time 0.002936/0.4571, allocations: 2.662 MB / 0.5359 GB, free: 49.31 MB / 378.7 MB
Notification: Performance of postOpt lateInlineFunction (simulation): time 0.0007797/0.4579, allocations: 278.4 kB / 0.5362 GB, free: 49.04 MB / 378.7 MB
Notification: Performance of postOpt wrapFunctionCalls (simulation): time 0.01298/0.4709, allocations: 9.301 MB / 0.5453 GB, free: 39.54 MB / 378.7 MB
Notification: Performance of postOpt inlineArrayEqn (simulation): time 3.153e-05/0.471, allocations: 16 kB / 0.5453 GB, free: 39.52 MB / 378.7 MB
Notification: Performance of postOpt constantLinearSystem (simulation): time 7.675e-06/0.471, allocations: 0 / 0.5453 GB, free: 39.52 MB / 378.7 MB
Notification: Performance of postOpt simplifysemiLinear (simulation): time 1.472e-05/0.471, allocations: 7.969 kB / 0.5453 GB, free: 39.52 MB / 378.7 MB
Notification: Performance of postOpt removeSimpleEquations (simulation): time 0.01566/0.4867, allocations: 12.25 MB / 0.5573 GB, free: 27.04 MB / 378.7 MB
Notification: Performance of postOpt simplifyComplexFunction (simulation): time 0.01266/0.4994, allocations: 9.117 MB / 0.5662 GB, free: 17.72 MB / 378.7 MB
Notification: Performance of postOpt solveSimpleEquations (simulation): time 0.0004973/0.4999, allocations: 103.8 kB / 0.5663 GB, free: 17.62 MB / 378.7 MB
Notification: Performance of postOpt tearingSystem (simulation): time 0.001526/0.5014, allocations: 0.5321 MB / 0.5668 GB, free: 17.09 MB / 378.7 MB
Notification: Performance of postOpt inputDerivativesUsed (simulation): time 0.0003745/0.5018, allocations: 169.9 kB / 0.5669 GB, free: 16.93 MB / 378.7 MB
Notification: Performance of postOpt calculateStrongComponentJacobians (simulation): time 0.001281/0.5031, allocations: 1.221 MB / 0.5681 GB, free: 15.68 MB / 378.7 MB
Notification: Performance of postOpt calculateStateSetsJacobians (simulation): time 2.264e-06/0.5031, allocations: 0 / 0.5681 GB, free: 15.68 MB / 378.7 MB
Notification: Performance of postOpt symbolicJacobian (simulation): time 0.01957/0.5227, allocations: 13.48 MB / 0.5813 GB, free: 1.973 MB / 378.7 MB
Notification: Performance of postOpt removeConstants (simulation): time 0.0002824/0.523, allocations: 270.4 kB / 0.5816 GB, free: 1.688 MB / 378.7 MB
Notification: Performance of postOpt simplifyTimeIndepFuncCalls (simulation): time 0.0007727/0.5238, allocations: 283.9 kB / 0.5818 GB, free: 1.41 MB / 378.7 MB
Notification: Performance of postOpt simplifyAllExpressions (simulation): time 0.002401/0.5262, allocations: 315.7 kB / 0.5821 GB, free: 1.102 MB / 378.7 MB
Notification: Performance of postOpt findZeroCrossings (simulation): time 0.001547/0.5278, allocations: 0.9766 MB / 0.5831 GB, free: 132 kB / 378.7 MB
Notification: Performance of postOpt collapseArrayExpressions (simulation): time 0.0005184/0.5283, allocations: 190.9 kB / 0.5833 GB, free: 15.95 MB / 394.7 MB
Notification: Performance of sorting global known variables: time 0.00108/0.5294, allocations: 0.6865 MB / 0.5839 GB, free: 15.25 MB / 394.7 MB
Notification: Performance of sort global known variables: time 2.71e-07/0.5294, allocations: 0 / 0.5839 GB, free: 15.25 MB / 394.7 MB
Notification: Performance of remove unused functions: time 0.003068/0.5325, allocations: 1.122 MB / 0.585 GB, free: 14.14 MB / 394.7 MB
Notification: Model statistics after passing the back-end for simulation:
 * Number of independent subsystems: 2
 * Number of states: 3 (P1.t_,P2.t_,P3.t_)
 * Number of discrete variables: 213 ($cse5[1],$cse5[2],$cse6[1],$cse7[1],$whenCondition9,$whenCondition8,$whenCondition7,$whenCondition1,$whenCondition2,$whenCondition3,$whenCondition4,$whenCondition5,$whenCondition6,T1.activation.fed[1],T1.activation.fed[2],T1.activation.emptied[1],T1.activation.active,T1.activation.weaklyInputActiveVec[1],T1.activation.weaklyInputActiveVec[2],T1.activation.weaklyOutputActiveVec[1],T1.activation.NoTokens,T1.fire_,T2.activation.fed[1],T2.activation.emptied[1],T2.activation.active,T2.activation.weaklyInputActiveVec[1],T2.activation.weaklyOutputActiveVec[1],T2.activation.NoTokens,T2.fire_,T3.inPlaces[1].tokenInOut,T3.activation.fed[1],T3.activation.emptied[1],T3.activation.active,T3.activation.weaklyInputActiveVec[1],T3.activation.weaklyOutputActiveVec[1],T3.activation.NoTokens,T3.fire_,P1.outTransition[1].tokenInOut,P1.disMarksInOut,P1.fireIn[1],P1.fireOut[1],P1.fireOut[2],P1.enableIn.active[1],P1.enableIn.TEin_[1],P1.enableIn.state128[1],P1.enableIn.state128[2],P1.enableIn.state128[3],P1.enableIn.state128[4],P1.enableIn.TEin[1],P1.enableIn.disTAin[1],P1.enableIn.remTAin[1],P1.enableIn.cumEnablingProb[1],P1.enableIn.arcWeightSum,P1.enableIn.nremTAin,P1.enableIn.nTAin,P1.enableIn.k,P1.enableIn.posTE,P1.enableIn.randNum,P1.enableIn.sumEnablingProbTAin,P1.enableIn.endWhile,P1.enableIn.Index,P1.enableOut.TAout[1],P1.enableOut.TAout[2],P1.enableOut.TEout_[1],P1.enableOut.TEout_[2],P1.enableOut.state128[1],P1.enableOut.state128[2],P1.enableOut.state128[3],P1.enableOut.state128[4],P1.enableOut.TEout[1],P1.enableOut.TEout[2],P1.enableOut.disTAout[1],P1.enableOut.disTAout[2],P1.enableOut.remTAout[1],P1.enableOut.remTAout[2],P1.enableOut.cumEnablingProb[1],P1.enableOut.cumEnablingProb[2],P1.enableOut.arcWeightSum,P1.enableOut.nremTAout,P1.enableOut.nTAout,P1.enableOut.k,P1.enableOut.posTE,P1.enableOut.randNum,P1.enableOut.sumEnablingProbTAout,P1.enableOut.endWhile,P1.enableOut.Index,P1.delayPassedOut.anytrue,P1.delayPassedOut.numtrue,P1.delayPassedIn.anytrue,P1.delayPassedIn.numtrue,P1.disMarksOut.anytrue,P1.disMarksOut.numtrue,P1.disMarksIn.anytrue,P1.disMarksIn.numtrue,P1.feeding.vec[1],P1.feeding.anytrue,P1.feeding.numtrue,P1.emptying.vec[1],P1.emptying.vec[2],P1.emptying.anytrue,P1.emptying.numtrue,P2.outTransition[1].tokenInOut,P2.disMarksInOut,P2.fireIn[1],P2.fireOut[1],P2.enableIn.active[1],P2.enableIn.TEin_[1],P2.enableIn.state128[1],P2.enableIn.state128[2],P2.enableIn.state128[3],P2.enableIn.state128[4],P2.enableIn.TEin[1],P2.enableIn.disTAin[1],P2.enableIn.remTAin[1],P2.enableIn.cumEnablingProb[1],P2.enableIn.arcWeightSum,P2.enableIn.nremTAin,P2.enableIn.nTAin,P2.enableIn.k,P2.enableIn.posTE,P2.enableIn.randNum,P2.enableIn.sumEnablingProbTAin,P2.enableIn.endWhile,P2.enableIn.Index,P2.enableOut.TAout[1],P2.enableOut.TEout_[1],P2.enableOut.state128[1],P2.enableOut.state128[2],P2.enableOut.state128[3],P2.enableOut.state128[4],P2.enableOut.TEout[1],P2.enableOut.disTAout[1],P2.enableOut.remTAout[1],P2.enableOut.cumEnablingProb[1],P2.enableOut.arcWeightSum,P2.enableOut.nremTAout,P2.enableOut.nTAout,P2.enableOut.k,P2.enableOut.posTE,P2.enableOut.randNum,P2.enableOut.sumEnablingProbTAout,P2.enableOut.endWhile,P2.enableOut.Index,P2.delayPassedOut.anytrue,P2.delayPassedOut.numtrue,P2.delayPassedIn.anytrue,P2.delayPassedIn.numtrue,P2.disMarksOut.anytrue,P2.disMarksOut.numtrue,P2.disMarksIn.anytrue,P2.disMarksIn.numtrue,P2.feeding.vec[1],P2.feeding.anytrue,P2.feeding.numtrue,P2.emptying.vec[1],P2.emptying.anytrue,P2.emptying.numtrue,P3.outTransition[1].tokenInOut,P3.disMarksInOut,P3.fireIn[1],P3.fireOut[1],P3.enableIn.active[1],P3.enableIn.TEin_[1],P3.enableIn.state128[1],P3.enableIn.state128[2],P3.enableIn.state128[3],P3.enableIn.state128[4],P3.enableIn.TEin[1],P3.enableIn.disTAin[1],P3.enableIn.remTAin[1],P3.enableIn.cumEnablingProb[1],P3.enableIn.arcWeightSum,P3.enableIn.nremTAin,P3.enableIn.nTAin,P3.enableIn.k,P3.enableIn.posTE,P3.enableIn.randNum,P3.enableIn.sumEnablingProbTAin,P3.enableIn.endWhile,P3.enableIn.Index,P3.enableOut.TAout[1],P3.enableOut.TEout_[1],P3.enableOut.state128[1],P3.enableOut.state128[2],P3.enableOut.state128[3],P3.enableOut.state128[4],P3.enableOut.TEout[1],P3.enableOut.disTAout[1],P3.enableOut.remTAout[1],P3.enableOut.cumEnablingProb[1],P3.enableOut.arcWeightSum,P3.enableOut.nremTAout,P3.enableOut.nTAout,P3.enableOut.k,P3.enableOut.posTE,P3.enableOut.randNum,P3.enableOut.sumEnablingProbTAout,P3.enableOut.endWhile,P3.enableOut.Index,P3.delayPassedOut.anytrue,P3.delayPassedOut.numtrue,P3.delayPassedIn.anytrue,P3.delayPassedIn.numtrue,P3.disMarksOut.anytrue,P3.disMarksOut.numtrue,P3.disMarksIn.anytrue,P3.disMarksIn.numtrue,P3.feeding.vec[1],P3.feeding.anytrue,P3.feeding.numtrue,P3.emptying.vec[1],P3.emptying.anytrue,P3.emptying.numtrue)
 * Number of discrete states: 181 (P3.disMarksInOut,P2.disMarksInOut,P1.disMarksInOut,P3.fireIn[1],P3.fireOut[1],P3.disMarksOut.anytrue,P3.disMarksIn.anytrue,P2.fireIn[1],P2.fireOut[1],P2.disMarksOut.anytrue,P2.disMarksIn.anytrue,P1.fireIn[1],P1.fireOut[2],P1.fireOut[1],P1.disMarksOut.anytrue,P1.disMarksIn.anytrue,P3.emptying.numtrue,P3.emptying.anytrue,P3.feeding.numtrue,P3.feeding.anytrue,P3.disMarksIn.numtrue,P3.disMarksOut.numtrue,P3.delayPassedIn.numtrue,P3.delayPassedIn.anytrue,P3.delayPassedOut.numtrue,P3.delayPassedOut.anytrue,P2.emptying.numtrue,P2.emptying.anytrue,P2.feeding.numtrue,P2.feeding.anytrue,P2.disMarksIn.numtrue,P2.disMarksOut.numtrue,P2.delayPassedIn.numtrue,P2.delayPassedIn.anytrue,P2.delayPassedOut.numtrue,P2.delayPassedOut.anytrue,P1.emptying.numtrue,P1.emptying.anytrue,P1.feeding.numtrue,P1.feeding.anytrue,P1.disMarksIn.numtrue,P1.disMarksOut.numtrue,P1.delayPassedIn.numtrue,P1.delayPassedIn.anytrue,P1.delayPassedOut.numtrue,P1.delayPassedOut.anytrue,T3.activation.weaklyOutputActiveVec[1],T3.activation.weaklyInputActiveVec[1],T3.activation.active,T3.activation.NoTokens,P3.enableIn.TEin_[1],P3.enableIn.posTE,P3.enableIn.k,P3.enableIn.endWhile,P3.enableIn.state128[4],P3.enableIn.state128[3],P3.enableIn.state128[2],P3.enableIn.state128[1],P3.enableIn.randNum,P3.enableIn.cumEnablingProb[1],P3.enableIn.sumEnablingProbTAin,P3.enableIn.nTAin,P3.enableIn.nremTAin,P3.enableIn.remTAin[1],P3.enableIn.Index,P3.enableIn.arcWeightSum,P3.enableIn.disTAin[1],$whenCondition5,P3.enableIn.TEin[1],T2.activation.weaklyOutputActiveVec[1],T2.activation.weaklyInputActiveVec[1],T2.activation.active,T2.activation.NoTokens,P2.enableIn.TEin_[1],P2.enableIn.posTE,P2.enableIn.k,P2.enableIn.endWhile,P2.enableIn.state128[4],P2.enableIn.state128[3],P2.enableIn.state128[2],P2.enableIn.state128[1],P2.enableIn.randNum,P2.enableIn.cumEnablingProb[1],P2.enableIn.sumEnablingProbTAin,P2.enableIn.nTAin,P2.enableIn.nremTAin,P2.enableIn.remTAin[1],P2.enableIn.Index,P2.enableIn.arcWeightSum,P2.enableIn.disTAin[1],$whenCondition3,P2.enableIn.TEin[1],P1.enableOut.TEout_[2],P1.enableOut.TEout_[1],P1.enableOut.posTE,P1.enableOut.k,P1.enableOut.endWhile,P1.enableOut.state128[4],P1.enableOut.state128[3],P1.enableOut.state128[2],P1.enableOut.state128[1],P1.enableOut.randNum,P1.enableOut.cumEnablingProb[2],P1.enableOut.cumEnablingProb[1],P1.enableOut.sumEnablingProbTAout,P1.enableOut.nTAout,P1.enableOut.nremTAout,P1.enableOut.remTAout[2],P1.enableOut.remTAout[1],P1.enableOut.Index,P1.enableOut.arcWeightSum,P1.enableOut.disTAout[2],P1.enableOut.disTAout[1],$whenCondition2,P1.enableOut.TEout[2],P1.enableOut.TEout[1],T1.activation.weaklyOutputActiveVec[1],T1.activation.weaklyInputActiveVec[2],T1.activation.weaklyInputActiveVec[1],T1.activation.active,T1.activation.NoTokens,P1.enableIn.TEin_[1],P1.enableIn.posTE,P1.enableIn.k,P1.enableIn.endWhile,P1.enableIn.state128[4],P1.enableIn.state128[3],P1.enableIn.state128[2],P1.enableIn.state128[1],P1.enableIn.randNum,P1.enableIn.cumEnablingProb[1],P1.enableIn.sumEnablingProbTAin,P1.enableIn.nTAin,P1.enableIn.nremTAin,P1.enableIn.remTAin[1],P1.enableIn.Index,P1.enableIn.arcWeightSum,P1.enableIn.disTAin[1],$whenCondition1,P1.enableIn.TEin[1],P3.enableOut.TEout_[1],P3.enableOut.posTE,P3.enableOut.k,P3.enableOut.endWhile,P3.enableOut.state128[4],P3.enableOut.state128[3],P3.enableOut.state128[2],P3.enableOut.state128[1],P3.enableOut.randNum,P3.enableOut.cumEnablingProb[1],P3.enableOut.sumEnablingProbTAout,P3.enableOut.nTAout,P3.enableOut.nremTAout,P3.enableOut.remTAout[1],P3.enableOut.Index,P3.enableOut.arcWeightSum,P3.enableOut.disTAout[1],$whenCondition6,P3.enableOut.TEout[1],P2.enableOut.TEout_[1],P2.enableOut.posTE,P2.enableOut.k,P2.enableOut.endWhile,P2.enableOut.state128[4],P2.enableOut.state128[3],P2.enableOut.state128[2],P2.enableOut.state128[1],P2.enableOut.randNum,P2.enableOut.cumEnablingProb[1],P2.enableOut.sumEnablingProbTAout,P2.enableOut.nTAout,P2.enableOut.nremTAout,P2.enableOut.remTAout[1],P2.enableOut.Index,P2.enableOut.arcWeightSum,P2.enableOut.disTAout[1],$whenCondition4,P2.enableOut.TEout[1],P3.disMarkChange,P2.disMarkChange,P1.disMarkChange)
 * Number of clocked states: 0 ()
 * Top-level inputs: 0
Notification: Strong component statistics for simulation (118):
 * Single equations (assignments): 87
 * Array equations: 3
 * Algorithm blocks: 27
 * Record equations: 0
 * When equations: 0
 * If-equations: 0
 * Equation systems (not torn): 0
 * Torn equation systems: 1
 * Mixed (continuous/discrete) equation systems: 0
Notification: Torn system details for strict tearing set:
 * Linear torn systems (#iteration vars, #inner vars, density): 0 systems
 * Non-linear torn systems (#iteration vars, #inner vars): 1 system
   {(5,23)}
Notification: Performance of Backend phase and start with SimCode phase: time 0.001208/0.5337, allocations: 0.7142 MB / 0.5857 GB, free: 13.41 MB / 394.7 MB
Notification: Performance of simCode: created initialization part: time 0.01552/0.5492, allocations: 10.73 MB / 0.5962 GB, free: 2.258 MB / 394.7 MB
Notification: Performance of simCode: created event and clocks part: time 6.022e-06/0.5493, allocations: 0.875 kB / 0.5962 GB, free: 2.258 MB / 394.7 MB
Notification: Performance of simCode: created simulation system equations: time 0.01205/0.5613, allocations: 11.74 MB / 0.6077 GB, free: 6.172 MB / 410.7 MB
Notification: Performance of simCode: created of all other equations (e.g. parameter, nominal, assert, etc): time 0.001559/0.5629, allocations: 357.5 kB / 0.608 GB, free: 5.824 MB / 410.7 MB
Notification: Performance of simCode: created linear, non-linear and system jacobian parts: time 0.01255/0.5755, allocations: 7.775 MB / 0.6156 GB, free: 14.02 MB / 426.7 MB
Notification: Performance of simCode: some other stuff during SimCode phase: time 0.001482/0.577, allocations: 1.979 MB / 0.6175 GB, free: 12.01 MB / 426.7 MB
Notification: Performance of simCode: alias equations: time 0.001351/0.5784, allocations: 0.5539 MB / 0.6181 GB, free: 11.45 MB / 426.7 MB
Notification: Performance of simCode: all other stuff during SimCode phase: time 0.0002749/0.5786, allocations: 135.4 kB / 0.6182 GB, free: 11.32 MB / 426.7 MB
Notification: Performance of SimCode: time 7.32e-07/0.5787, allocations: 0 / 0.6182 GB, free: 11.32 MB / 426.7 MB
Notification: Performance of Templates: time 0.07687/0.6555, allocations: 50.48 MB / 0.6675 GB, free: 8.352 MB / 474.7 MB
make -j1 -f PNlib_master_PNlib.Examples.ConTest.ConflictLoop.makefile
(rm -f PNlib_master_PNlib.Examples.ConTest.ConflictLoop.pipe ; mkfifo PNlib_master_PNlib.Examples.ConTest.ConflictLoop.pipe ; head -c 1048576 < PNlib_master_PNlib.Examples.ConTest.ConflictLoop.pipe >> ../files/PNlib_master_PNlib.Examples.ConTest.ConflictLoop.sim & ./PNlib_master_PNlib.Examples.ConTest.ConflictLoop  -abortSlowSimulation -alarm=480  -emit_protected -lv LOG_STATS > PNlib_master_PNlib.Examples.ConTest.ConflictLoop.pipe 2>&1)
diffSimulationResults("PNlib_master_PNlib.Examples.ConTest.ConflictLoop_res.mat","/home/runner/work/PNlib/PNlib/ReferenceFiles/PNlib.Examples.ConTest.ConflictLoop.mat","../files/PNlib_master_PNlib.Examples.ConTest.ConflictLoop.diff",relTol=0.003,relTolDiffMinMax=0.003,rangeDelta=0.001)
Reference file matches
