Running: ./testmodel.py --libraries=/home/runner/.openmodelica/libraries/ --ompython_omhome= PNlib_master_PNlib.Examples.Models.BicoloredPlaces.Aquarium.conf.json
loadFile("/home/runner/.openmodelica/libraries/ModelicaServices 4.0.0+maint.om/package.mo", uses=false)
loadFile("/home/runner/.openmodelica/libraries/Complex 4.0.0+maint.om/package.mo", uses=false)
loadFile("/home/runner/.openmodelica/libraries/Modelica 4.0.0+maint.om/package.mo", uses=false)
loadFile("/home/runner/work/PNlib/PNlib/PNlib/package.mo", uses=false)
Using package PNlib with version 2.2 (/home/runner/work/PNlib/PNlib/PNlib/package.mo)
Using package Modelica with version 4.0.0 (/home/runner/.openmodelica/libraries/Modelica 4.0.0+maint.om/package.mo)
Using package Complex with version 4.0.0 (/home/runner/.openmodelica/libraries/Complex 4.0.0+maint.om/package.mo)
Using package ModelicaServices with version 4.0.0 (/home/runner/.openmodelica/libraries/ModelicaServices 4.0.0+maint.om/package.mo)
Running command: translateModel(PNlib.Examples.Models.BicoloredPlaces.Aquarium,tolerance=1e-06,outputFormat="mat",numberOfIntervals=5000,variableFilter="P1.color.1.|P1.color.2.|P1.t|P2.color.1.|P2.color.2.|P2.t|ratio|t1.fire|t1.instantaneousSpeed|t1.maximumSpeed|t2.fire|t2.instantaneousSpeed|t2.maximumSpeed|time",fileNamePrefix="PNlib_master_PNlib.Examples.Models.BicoloredPlaces.Aquarium")
translateModel(PNlib.Examples.Models.BicoloredPlaces.Aquarium,tolerance=1e-06,outputFormat="mat",numberOfIntervals=5000,variableFilter="P1.color.1.|P1.color.2.|P1.t|P2.color.1.|P2.color.2.|P2.t|ratio|t1.fire|t1.instantaneousSpeed|t1.maximumSpeed|t2.fire|t2.instantaneousSpeed|t2.maximumSpeed|time",fileNamePrefix="PNlib_master_PNlib.Examples.Models.BicoloredPlaces.Aquarium")
Notification: Performance of loadFile(/home/runner/.openmodelica/libraries/ModelicaServices 4.0.0+maint.om/package.mo): time 0.0009739/0.000974, allocations: 93.52 kB / 15.59 MB, free: 5.227 MB / 13.93 MB
Notification: Performance of loadFile(/home/runner/.openmodelica/libraries/Complex 4.0.0+maint.om/package.mo): time 0.001031/0.001031, allocations: 176.4 kB / 16.51 MB, free: 4.648 MB / 13.93 MB
Notification: Performance of loadFile(/home/runner/.openmodelica/libraries/Modelica 4.0.0+maint.om/package.mo): time 1.63/1.63, allocations: 222.1 MB / 239.4 MB, free: 11.13 MB / 202.7 MB
Notification: Performance of loadFile(/home/runner/work/PNlib/PNlib/PNlib/package.mo): time 0.09328/0.09328, allocations: 16.58 MB / 306.2 MB, free: 10.6 MB / 250.7 MB
Notification: Performance of FrontEnd - loaded program: time 0.0004966/0.0004966, allocations: 14.09 kB / 370.6 MB, free: 44.92 MB / 298.7 MB
Notification: Performance of FrontEnd - Absyn->SCode: time 0.07418/0.07469, allocations: 53.46 MB / 424.1 MB, free: 5.973 MB / 298.7 MB
Notification: Performance of NFInst.instantiate(PNlib.Examples.Models.BicoloredPlaces.Aquarium): time 0.005115/0.07985, allocations: 5.243 MB / 429.3 MB, free: 0.7109 MB / 298.7 MB
Notification: Performance of NFInst.instExpressions: time 0.007244/0.08711, allocations: 4.304 MB / 433.6 MB, free: 12.4 MB / 314.7 MB
Notification: Performance of NFInst.updateImplicitVariability: time 0.0006813/0.08782, allocations: 35.81 kB / 433.6 MB, free: 12.37 MB / 314.7 MB
Notification: Performance of NFTyping.typeComponents: time 0.001045/0.08888, allocations: 0.5546 MB / 434.2 MB, free: 11.81 MB / 314.7 MB
Notification: Performance of NFTyping.typeBindings: time 0.001121/0.09002, allocations: 0.4886 MB / 434.7 MB, free: 11.32 MB / 314.7 MB
Notification: Performance of NFTyping.typeClassSections: time 0.003004/0.09303, allocations: 2.094 MB / 436.8 MB, free: 9.223 MB / 314.7 MB
Notification: Performance of NFFlatten.flatten: time 0.004642/0.09769, allocations: 6.38 MB / 443.2 MB, free: 2.836 MB / 314.7 MB
Notification: Performance of NFFlatten.resolveConnections: time 0.001932/0.09964, allocations: 2.066 MB / 445.2 MB, free: 0.6914 MB / 314.7 MB
Notification: Performance of NFEvalConstants.evaluate: time 0.002223/0.1019, allocations: 2.478 MB / 447.7 MB, free: 14.21 MB / 330.7 MB
Notification: Performance of NFSimplifyModel.simplify: time 0.001752/0.1036, allocations: 1.992 MB / 449.7 MB, free: 12.2 MB / 330.7 MB
Notification: Performance of NFPackage.collectConstants: time 0.0006635/0.1043, allocations: 0.6094 MB / 450.3 MB, free: 11.59 MB / 330.7 MB
Notification: Performance of NFFlatten.collectFunctions: time 0.001381/0.1057, allocations: 0.976 MB / 451.3 MB, free: 10.62 MB / 330.7 MB
Notification: Performance of NFScalarize.scalarize: time 0.0007234/0.1064, allocations: 1.032 MB / 452.3 MB, free: 9.582 MB / 330.7 MB
Notification: Performance of NFVerifyModel.verify: time 0.001786/0.1082, allocations: 2.295 MB / 454.6 MB, free: 7.277 MB / 330.7 MB
Notification: Performance of NFConvertDAE.convert: time 0.004783/0.113, allocations: 6.515 MB / 461.1 MB, free: 0.7461 MB / 330.7 MB
Notification: Performance of FrontEnd - DAE generated: time 4.529e-06/0.1131, allocations: 0 / 461.1 MB, free: 0.7461 MB / 330.7 MB
Notification: Performance of FrontEnd: time 1.683e-06/0.1131, allocations: 0 / 461.1 MB, free: 0.7461 MB / 330.7 MB
Notification: Performance of Transformations before backend: time 2.875e-05/0.1131, allocations: 3.375 kB / 461.1 MB, free: 0.7461 MB / 330.7 MB
Notification: Model statistics after passing the front-end and creating the data structures used by the back-end:
 * Number of equations: 1091
 * Number of variables: 1091
Notification: Performance of Generate backend data structure: time 0.006912/0.12, allocations: 5.157 MB / 466.3 MB, free: 11.27 MB / 346.7 MB
Notification: Performance of prepare preOptimizeDAE: time 3.456e-05/0.1201, allocations: 11.97 kB / 466.3 MB, free: 11.26 MB / 346.7 MB
Notification: Performance of preOpt normalInlineFunction (simulation): time 0.003842/0.1239, allocations: 0.7608 MB / 467.1 MB, free: 10.5 MB / 346.7 MB
Notification: Performance of preOpt evaluateParameters (simulation): time 0.002931/0.1269, allocations: 1.859 MB / 468.9 MB, free: 8.59 MB / 346.7 MB
Notification: Performance of preOpt simplifyIfEquations (simulation): time 0.0004743/0.1274, allocations: 0.8258 MB / 469.7 MB, free: 7.652 MB / 346.7 MB
Notification: Performance of preOpt expandDerOperator (simulation): time 0.0007802/0.1281, allocations: 463.8 kB / 470.2 MB, free: 7.199 MB / 346.7 MB
Notification: Performance of preOpt clockPartitioning (simulation): time 0.01206/0.1402, allocations: 7.885 MB / 478.1 MB, free: 15.12 MB / 362.7 MB
Notification: Performance of preOpt findStateOrder (simulation): time 8.987e-05/0.1403, allocations: 7.938 kB / 478.1 MB, free: 15.11 MB / 362.7 MB
Notification: Performance of preOpt replaceEdgeChange (simulation): time 0.0006102/0.1409, allocations: 211.9 kB / 478.3 MB, free: 14.91 MB / 362.7 MB
Notification: Performance of preOpt inlineArrayEqn (simulation): time 0.0006711/0.1416, allocations: 390.8 kB / 478.7 MB, free: 14.52 MB / 362.7 MB
Notification: Performance of preOpt removeEqualRHS (simulation): time 0.009693/0.1513, allocations: 5.888 MB / 484.6 MB, free: 8.625 MB / 362.7 MB
Notification: Performance of preOpt removeSimpleEquations (simulation): time 0.01984/0.1712, allocations: 15.4 MB / 500 MB, free: 8.906 MB / 378.7 MB
Notification: Performance of preOpt comSubExp (simulation): time 0.007177/0.1784, allocations: 6.387 MB / 0.4945 GB, free: 2.488 MB / 378.7 MB
Notification: Performance of preOpt resolveLoops (simulation): time 0.2129/0.3913, allocations: 6.016 MB / 0.5004 GB, free: 72.72 MB / 378.7 MB
Notification: Performance of preOpt evalFunc (simulation): time 0.004474/0.3958, allocations: 8.669 MB / 0.5088 GB, free: 63.07 MB / 378.7 MB
Notification: Performance of preOpt encapsulateWhenConditions (simulation): time 0.005937/0.4017, allocations: 3.779 MB / 0.5125 GB, free: 62.7 MB / 378.7 MB
Notification: Performance of pre-optimization done (n=299): time 4.388e-06/0.4018, allocations: 0.5469 kB / 0.5125 GB, free: 62.7 MB / 378.7 MB
Notification: Performance of matching and sorting (n=299): time 0.02015/0.4219, allocations: 11.96 MB / 0.5242 GB, free: 58.02 MB / 378.7 MB
Notification: Performance of inlineWhenForInitialization (initialization): time 0.0007498/0.4227, allocations: 2.128 MB / 0.5263 GB, free: 55.86 MB / 378.7 MB
Notification: Performance of selectInitializationVariablesDAE (initialization): time 0.001736/0.4245, allocations: 1.468 MB / 0.5277 GB, free: 55.3 MB / 378.7 MB
Notification: Performance of collectPreVariables (initialization): time 0.0003102/0.4248, allocations: 199.8 kB / 0.5279 GB, free: 55.18 MB / 378.7 MB
Notification: Performance of collectInitialEqns (initialization): time 0.0007714/0.4256, allocations: 1.247 MB / 0.5291 GB, free: 54.22 MB / 378.7 MB
Notification: Performance of collectInitialBindings (initialization): time 0.0005611/0.4261, allocations: 0.7806 MB / 0.5299 GB, free: 53.47 MB / 378.7 MB
Notification: Performance of simplifyInitialFunctions (initialization): time 0.001164/0.4273, allocations: 0.97 MB / 0.5308 GB, free: 52.49 MB / 378.7 MB
Notification: Performance of setup shared object (initialization): time 3.836e-05/0.4273, allocations: 304.9 kB / 0.5311 GB, free: 52.19 MB / 378.7 MB
Notification: Performance of preBalanceInitialSystem (initialization): time 0.002815/0.4302, allocations: 1.991 MB / 0.5331 GB, free: 50.2 MB / 378.7 MB
Notification: Performance of partitionIndependentBlocks (initialization): time 0.00333/0.4335, allocations: 3.406 MB / 0.5364 GB, free: 46.2 MB / 378.7 MB
Notification: Performance of analyzeInitialSystem (initialization): time 0.00657/0.4401, allocations: 7.528 MB / 0.5437 GB, free: 37.71 MB / 378.7 MB
Notification: Performance of solveInitialSystemEqSystem (initialization): time 3.112e-05/0.4401, allocations: 11.98 kB / 0.5437 GB, free: 37.7 MB / 378.7 MB
Notification: Performance of matching and sorting (n=567) (initialization): time 0.009252/0.4494, allocations: 7.494 MB / 0.5511 GB, free: 29.95 MB / 378.7 MB
Notification: Performance of prepare postOptimizeDAE: time 0.0004765/0.4499, allocations: 1.39 MB / 0.5524 GB, free: 28.3 MB / 378.7 MB
Notification: Performance of postOpt simplifyComplexFunction (initialization): time 0.005028/0.4549, allocations: 3.978 MB / 0.5563 GB, free: 24.19 MB / 378.7 MB
Notification: Performance of postOpt tearingSystem (initialization): time 0.003538/0.4585, allocations: 0.8741 MB / 0.5572 GB, free: 23.32 MB / 378.7 MB
Notification: Performance of postOpt solveSimpleEquations (initialization): time 0.00147/0.46, allocations: 458.8 kB / 0.5576 GB, free: 22.87 MB / 378.7 MB
Notification: Performance of postOpt calculateStrongComponentJacobians (initialization): time 0.001223/0.4612, allocations: 1.234 MB / 0.5588 GB, free: 21.61 MB / 378.7 MB
Notification: Performance of postOpt simplifyAllExpressions (initialization): time 0.001927/0.4631, allocations: 483.7 kB / 0.5593 GB, free: 21.13 MB / 378.7 MB
Notification: Performance of postOpt collapseArrayExpressions (initialization): time 0.0003321/0.4635, allocations: 232.7 kB / 0.5595 GB, free: 20.91 MB / 378.7 MB
Warning: Assuming fixed start value for the following 72 variables:
         P2.place2.enableIn.posTE:DISCRETE(fixed = true protected = true )  "possible enabled transition" type: Integer
         P2.place2.enableIn.k:DISCRETE(fixed = true protected = true )  "iteration index" type: Integer
         P2.place2.enableIn.endWhile:DISCRETE(fixed = true protected = true )  type: Boolean
         P2.place2.enableIn.sumEnablingProbTAin:DISCRETE(fixed = true protected = true )  "sum of the enabling probabilities of the active input transitions" type: Real
         P2.place2.enableIn.nTAin:DISCRETE(fixed = true protected = true )  "number ofactive input transitions" type: Integer
         P2.place2.enableIn.nremTAin:DISCRETE(fixed = true protected = true )  "number of remaining active input transitions" type: Integer
         P2.place2.enableIn.Index:DISCRETE(fixed = true protected = true )  "priority Index" type: Integer
         P2.place2.enableIn.arcWeightSum:DISCRETE(fixed = true protected = true )  "arc weight sum" type: Real
         P2.place1.enableIn.posTE:DISCRETE(fixed = true protected = true )  "possible enabled transition" type: Integer
         P2.place1.enableIn.k:DISCRETE(fixed = true protected = true )  "iteration index" type: Integer
         P2.place1.enableIn.endWhile:DISCRETE(fixed = true protected = true )  type: Boolean
         P2.place1.enableIn.sumEnablingProbTAin:DISCRETE(fixed = true protected = true )  "sum of the enabling probabilities of the active input transitions" type: Real
         P2.place1.enableIn.nTAin:DISCRETE(fixed = true protected = true )  "number ofactive input transitions" type: Integer
         P2.place1.enableIn.nremTAin:DISCRETE(fixed = true protected = true )  "number of remaining active input transitions" type: Integer
         P2.place1.enableIn.Index:DISCRETE(fixed = true protected = true )  "priority Index" type: Integer
         P2.place1.enableIn.arcWeightSum:DISCRETE(fixed = true protected = true )  "arc weight sum" type: Real
         P1.place2.enableOut.posTE:DISCRETE(fixed = true protected = true )  "possible enabled transition" type: Integer
         P1.place2.enableOut.k:DISCRETE(fixed = true protected = true )  "iteration index" type: Integer
         P1.place2.enableOut.endWhile:DISCRETE(fixed = true protected = true )  type: Boolean
         P1.place2.enableOut.sumEnablingProbTAout:DISCRETE(fixed = true protected = true )  "sum of the enabling probabilities of the active output transitions" type: Real
         P1.place2.enableOut.nTAout:DISCRETE(fixed = true protected = true )  "number of active output transitions" type: Integer
         P1.place2.enableOut.nremTAout:DISCRETE(fixed = true protected = true )  "number of remaining active output transitions" type: Integer
         P1.place2.enableOut.Index:DISCRETE(fixed = true protected = true )  type: Integer
         P1.place2.enableOut.arcWeightSum:DISCRETE(fixed = true protected = true )  "arc weight sum" type: Real
         P1.place2.enableIn.posTE:DISCRETE(fixed = true protected = true )  "possible enabled transition" type: Integer
         P1.place2.enableIn.k:DISCRETE(fixed = true protected = true )  "iteration index" type: Integer
         P1.place2.enableIn.endWhile:DISCRETE(fixed = true protected = true )  type: Boolean
         P1.place2.enableIn.sumEnablingProbTAin:DISCRETE(fixed = true protected = true )  "sum of the enabling probabilities of the active input transitions" type: Real
         P1.place2.enableIn.nTAin:DISCRETE(fixed = true protected = true )  "number ofactive input transitions" type: Integer
         P1.place2.enableIn.nremTAin:DISCRETE(fixed = true protected = true )  "number of remaining active input transitions" type: Integer
         P1.place2.enableIn.Index:DISCRETE(fixed = true protected = true )  "priority Index" type: Integer
         P1.place2.enableIn.arcWeightSum:DISCRETE(fixed = true protected = true )  "arc weight sum" type: Real
         P1.place1.enableOut.posTE:DISCRETE(fixed = true protected = true )  "possible enabled transition" type: Integer
         P1.place1.enableOut.k:DISCRETE(fixed = true protected = true )  "iteration index" type: Integer
         P1.place1.enableOut.endWhile:DISCRETE(fixed = true protected = true )  type: Boolean
         P1.place1.enableOut.sumEnablingProbTAout:DISCRETE(fixed = true protected = true )  "sum of the enabling probabilities of the active output transitions" type: Real
         P1.place1.enableOut.nTAout:DISCRETE(fixed = true protected = true )  "number of active output transitions" type: Integer
         P1.place1.enableOut.nremTAout:DISCRETE(fixed = true protected = true )  "number of remaining active output transitions" type: Integer
         P1.place1.enableOut.Index:DISCRETE(fixed = true protected = true )  type: Integer
         P1.place1.enableOut.arcWeightSum:DISCRETE(fixed = true protected = true )  "arc weight sum" type: Real
         P1.place1.enableIn.posTE:DISCRETE(fixed = true protected = true )  "possible enabled transition" type: Integer
         P1.place1.enableIn.k:DISCRETE(fixed = true protected = true )  "iteration index" type: Integer
         P1.place1.enableIn.endWhile:DISCRETE(fixed = true protected = true )  type: Boolean
         P1.place1.enableIn.sumEnablingProbTAin:DISCRETE(fixed = true protected = true )  "sum of the enabling probabilities of the active input transitions" type: Real
         P1.place1.enableIn.nTAin:DISCRETE(fixed = true protected = true )  "number ofactive input transitions" type: Integer
         P1.place1.enableIn.nremTAin:DISCRETE(fixed = true protected = true )  "number of remaining active input transitions" type: Integer
         P1.place1.enableIn.Index:DISCRETE(fixed = true protected = true )  "priority Index" type: Integer
         P1.place1.enableIn.arcWeightSum:DISCRETE(fixed = true protected = true )  "arc weight sum" type: Real
         P2.place2.disMarksIn.anytrue:DISCRETE(fixed = true protected = true )  type: Boolean
         P2.place2.disMarksOut.anytrue:DISCRETE(fixed = true protected = true )  type: Boolean
         P2.place1.disMarksIn.anytrue:DISCRETE(fixed = true protected = true )  type: Boolean
         P2.place1.disMarksOut.anytrue:DISCRETE(fixed = true protected = true )  type: Boolean
         P1.place2.disMarksIn.anytrue:DISCRETE(fixed = true protected = true )  type: Boolean
         P1.place2.disMarksOut.anytrue:DISCRETE(fixed = true protected = true )  type: Boolean
         P1.place1.disMarksIn.anytrue:DISCRETE(fixed = true protected = true )  type: Boolean
         P1.place1.disMarksOut.anytrue:DISCRETE(fixed = true protected = true )  type: Boolean
         P2.place2.enableOut.Index:DISCRETE(fixed = true protected = true )  type: Integer
         P2.place2.enableOut.endWhile:DISCRETE(fixed = true protected = true )  type: Boolean
         P2.place2.enableOut.sumEnablingProbTAout:DISCRETE(fixed = true protected = true )  "sum of the enabling probabilities of the active output transitions" type: Real
         P2.place2.enableOut.posTE:DISCRETE(fixed = true protected = true )  "possible enabled transition" type: Integer
         P2.place2.enableOut.k:DISCRETE(fixed = true protected = true )  "iteration index" type: Integer
         P2.place2.enableOut.nTAout:DISCRETE(fixed = true protected = true )  "number of active output transitions" type: Integer
         P2.place2.enableOut.nremTAout:DISCRETE(fixed = true protected = true )  "number of remaining active output transitions" type: Integer
         P2.place2.enableOut.arcWeightSum:DISCRETE(fixed = true protected = true )  "arc weight sum" type: Real
         P2.place1.enableOut.Index:DISCRETE(fixed = true protected = true )  type: Integer
         P2.place1.enableOut.endWhile:DISCRETE(fixed = true protected = true )  type: Boolean
         P2.place1.enableOut.sumEnablingProbTAout:DISCRETE(fixed = true protected = true )  "sum of the enabling probabilities of the active output transitions" type: Real
         P2.place1.enableOut.posTE:DISCRETE(fixed = true protected = true )  "possible enabled transition" type: Integer
         P2.place1.enableOut.k:DISCRETE(fixed = true protected = true )  "iteration index" type: Integer
         P2.place1.enableOut.nTAout:DISCRETE(fixed = true protected = true )  "number of active output transitions" type: Integer
         P2.place1.enableOut.nremTAout:DISCRETE(fixed = true protected = true )  "number of remaining active output transitions" type: Integer
         P2.place1.enableOut.arcWeightSum:DISCRETE(fixed = true protected = true )  "arc weight sum" type: Real
Notification: Model statistics after passing the back-end for initialization:
 * Number of independent subsystems: 184
 * Number of states: 0 ()
 * Number of discrete variables: 462 ($PRE.P2.place2.enableIn.posTE,P2.place2.enableIn.posTE,$PRE.P2.place2.enableIn.k,P2.place2.enableIn.k,$PRE.P2.place2.enableIn.endWhile,P2.place2.enableIn.endWhile,P2.place2.enableIn.randNum,$PRE.P2.place2.enableIn.randNum,P2.place2.enableIn.state128[4],$PRE.P2.place2.enableIn.state128[4],P2.place2.enableIn.state128[3],$PRE.P2.place2.enableIn.state128[3],P2.place2.enableIn.state128[2],$PRE.P2.place2.enableIn.state128[2],P2.place2.enableIn.state128[1],$PRE.P2.place2.enableIn.state128[1],P2.place2.enableIn.cumEnablingProb[1],$PRE.P2.place2.enableIn.cumEnablingProb[1],$PRE.P2.place2.enableIn.sumEnablingProbTAin,P2.place2.enableIn.sumEnablingProbTAin,$PRE.P2.place2.enableIn.nTAin,P2.place2.enableIn.nTAin,$PRE.P2.place2.enableIn.nremTAin,P2.place2.enableIn.nremTAin,P2.place2.enableIn.remTAin[1],$PRE.P2.place2.enableIn.remTAin[1],$PRE.P2.place2.enableIn.Index,P2.place2.enableIn.Index,$PRE.P2.place2.enableIn.arcWeightSum,P2.place2.enableIn.arcWeightSum,P2.place2.enableIn.disTAin[1],$PRE.P2.place2.enableIn.disTAin[1],$PRE.P2.place1.enableIn.posTE,P2.place1.enableIn.posTE,$PRE.P2.place1.enableIn.k,P2.place1.enableIn.k,$PRE.P2.place1.enableIn.endWhile,P2.place1.enableIn.endWhile,P2.place1.enableIn.randNum,$PRE.P2.place1.enableIn.randNum,P2.place1.enableIn.state128[4],$PRE.P2.place1.enableIn.state128[4],P2.place1.enableIn.state128[3],$PRE.P2.place1.enableIn.state128[3],P2.place1.enableIn.state128[2],$PRE.P2.place1.enableIn.state128[2],P2.place1.enableIn.state128[1],$PRE.P2.place1.enableIn.state128[1],P2.place1.enableIn.cumEnablingProb[1],$PRE.P2.place1.enableIn.cumEnablingProb[1],$PRE.P2.place1.enableIn.sumEnablingProbTAin,P2.place1.enableIn.sumEnablingProbTAin,$PRE.P2.place1.enableIn.nTAin,P2.place1.enableIn.nTAin,$PRE.P2.place1.enableIn.nremTAin,P2.place1.enableIn.nremTAin,P2.place1.enableIn.remTAin[1],$PRE.P2.place1.enableIn.remTAin[1],$PRE.P2.place1.enableIn.Index,P2.place1.enableIn.Index,$PRE.P2.place1.enableIn.arcWeightSum,P2.place1.enableIn.arcWeightSum,P2.place1.enableIn.disTAin[1],$PRE.P2.place1.enableIn.disTAin[1],$PRE.P1.place2.enableOut.posTE,P1.place2.enableOut.posTE,$PRE.P1.place2.enableOut.k,P1.place2.enableOut.k,$PRE.P1.place2.enableOut.endWhile,P1.place2.enableOut.endWhile,P1.place2.enableOut.randNum,$PRE.P1.place2.enableOut.randNum,P1.place2.enableOut.state128[4],$PRE.P1.place2.enableOut.state128[4],P1.place2.enableOut.state128[3],$PRE.P1.place2.enableOut.state128[3],P1.place2.enableOut.state128[2],$PRE.P1.place2.enableOut.state128[2],P1.place2.enableOut.state128[1],$PRE.P1.place2.enableOut.state128[1],P1.place2.enableOut.cumEnablingProb[1],$PRE.P1.place2.enableOut.cumEnablingProb[1],$PRE.P1.place2.enableOut.sumEnablingProbTAout,P1.place2.enableOut.sumEnablingProbTAout,$PRE.P1.place2.enableOut.nTAout,P1.place2.enableOut.nTAout,$PRE.P1.place2.enableOut.nremTAout,P1.place2.enableOut.nremTAout,P1.place2.enableOut.remTAout[1],$PRE.P1.place2.enableOut.remTAout[1],$PRE.P1.place2.enableOut.Index,P1.place2.enableOut.Index,$PRE.P1.place2.enableOut.arcWeightSum,P1.place2.enableOut.arcWeightSum,P1.place2.enableOut.disTAout[1],$PRE.P1.place2.enableOut.disTAout[1],$PRE.P1.place2.enableIn.posTE,P1.place2.enableIn.posTE,$PRE.P1.place2.enableIn.k,P1.place2.enableIn.k,$PRE.P1.place2.enableIn.endWhile,P1.place2.enableIn.endWhile,P1.place2.enableIn.randNum,$PRE.P1.place2.enableIn.randNum,P1.place2.enableIn.state128[4],$PRE.P1.place2.enableIn.state128[4],P1.place2.enableIn.state128[3],$PRE.P1.place2.enableIn.state128[3],P1.place2.enableIn.state128[2],$PRE.P1.place2.enableIn.state128[2],P1.place2.enableIn.state128[1],$PRE.P1.place2.enableIn.state128[1],P1.place2.enableIn.cumEnablingProb[1],$PRE.P1.place2.enableIn.cumEnablingProb[1],$PRE.P1.place2.enableIn.sumEnablingProbTAin,P1.place2.enableIn.sumEnablingProbTAin,$PRE.P1.place2.enableIn.nTAin,P1.place2.enableIn.nTAin,$PRE.P1.place2.enableIn.nremTAin,P1.place2.enableIn.nremTAin,P1.place2.enableIn.remTAin[1],$PRE.P1.place2.enableIn.remTAin[1],$PRE.P1.place2.enableIn.Index,P1.place2.enableIn.Index,$PRE.P1.place2.enableIn.arcWeightSum,P1.place2.enableIn.arcWeightSum,P1.place2.enableIn.disTAin[1],$PRE.P1.place2.enableIn.disTAin[1],$PRE.P1.place1.enableOut.posTE,P1.place1.enableOut.posTE,$PRE.P1.place1.enableOut.k,P1.place1.enableOut.k,$PRE.P1.place1.enableOut.endWhile,P1.place1.enableOut.endWhile,P1.place1.enableOut.randNum,$PRE.P1.place1.enableOut.randNum,P1.place1.enableOut.state128[4],$PRE.P1.place1.enableOut.state128[4],P1.place1.enableOut.state128[3],$PRE.P1.place1.enableOut.state128[3],P1.place1.enableOut.state128[2],$PRE.P1.place1.enableOut.state128[2],P1.place1.enableOut.state128[1],$PRE.P1.place1.enableOut.state128[1],P1.place1.enableOut.cumEnablingProb[1],$PRE.P1.place1.enableOut.cumEnablingProb[1],$PRE.P1.place1.enableOut.sumEnablingProbTAout,P1.place1.enableOut.sumEnablingProbTAout,$PRE.P1.place1.enableOut.nTAout,P1.place1.enableOut.nTAout,$PRE.P1.place1.enableOut.nremTAout,P1.place1.enableOut.nremTAout,P1.place1.enableOut.remTAout[1],$PRE.P1.place1.enableOut.remTAout[1],$PRE.P1.place1.enableOut.Index,P1.place1.enableOut.Index,$PRE.P1.place1.enableOut.arcWeightSum,P1.place1.enableOut.arcWeightSum,P1.place1.enableOut.disTAout[1],$PRE.P1.place1.enableOut.disTAout[1],$PRE.P1.place1.enableIn.posTE,P1.place1.enableIn.posTE,$PRE.P1.place1.enableIn.k,P1.place1.enableIn.k,$PRE.P1.place1.enableIn.endWhile,P1.place1.enableIn.endWhile,P1.place1.enableIn.randNum,$PRE.P1.place1.enableIn.randNum,P1.place1.enableIn.state128[4],$PRE.P1.place1.enableIn.state128[4],P1.place1.enableIn.state128[3],$PRE.P1.place1.enableIn.state128[3],P1.place1.enableIn.state128[2],$PRE.P1.place1.enableIn.state128[2],P1.place1.enableIn.state128[1],$PRE.P1.place1.enableIn.state128[1],P1.place1.enableIn.cumEnablingProb[1],$PRE.P1.place1.enableIn.cumEnablingProb[1],$PRE.P1.place1.enableIn.sumEnablingProbTAin,P1.place1.enableIn.sumEnablingProbTAin,$PRE.P1.place1.enableIn.nTAin,P1.place1.enableIn.nTAin,$PRE.P1.place1.enableIn.nremTAin,P1.place1.enableIn.nremTAin,P1.place1.enableIn.remTAin[1],$PRE.P1.place1.enableIn.remTAin[1],$PRE.P1.place1.enableIn.Index,P1.place1.enableIn.Index,$PRE.P1.place1.enableIn.arcWeightSum,P1.place1.enableIn.arcWeightSum,P1.place1.enableIn.disTAin[1],$PRE.P1.place1.enableIn.disTAin[1],$PRE.P1.place2.disMarksInOut,P1.outTransition[1,2].tokenInOut,$PRE.P1.place1.disMarksInOut,P1.outTransition[1,1].tokenInOut,$PRE.P2.place2.disMarksIn.anytrue,$PRE.P2.place2.disMarksOut.anytrue,P2.place2.disMarksInOut,$whenCondition12,$PRE.P2.place1.disMarksIn.anytrue,$PRE.P2.place1.disMarksOut.anytrue,P2.place1.disMarksInOut,$whenCondition11,$PRE.P1.place2.disMarksIn.anytrue,$PRE.P1.place2.disMarksOut.anytrue,P1.place2.disMarksInOut,$whenCondition10,$PRE.P1.place1.disMarksIn.anytrue,$PRE.P1.place1.disMarksOut.anytrue,P1.place1.disMarksInOut,$whenCondition9,P2.place2.disMarksOut.numtrue,P2.place2.disMarksOut.anytrue,P2.place1.disMarksOut.numtrue,P2.place1.disMarksOut.anytrue,$PRE.P2.place2.enableOut.Index,P2.place2.enableOut.Index,$PRE.P2.place2.enableOut.endWhile,P2.place2.enableOut.endWhile,$PRE.P2.place2.enableOut.sumEnablingProbTAout,P2.place2.enableOut.sumEnablingProbTAout,P2.place2.enableOut.randNum,$PRE.P2.place2.enableOut.randNum,P2.place2.enableOut.state128[4],$PRE.P2.place2.enableOut.state128[4],P2.place2.enableOut.state128[3],$PRE.P2.place2.enableOut.state128[3],P2.place2.enableOut.state128[2],$PRE.P2.place2.enableOut.state128[2],P2.place2.enableOut.state128[1],$PRE.P2.place2.enableOut.state128[1],$PRE.P2.place2.enableOut.posTE,P2.place2.enableOut.posTE,$PRE.P2.place2.enableOut.k,P2.place2.enableOut.k,$PRE.P2.place2.enableOut.nTAout,P2.place2.enableOut.nTAout,$PRE.P2.place2.enableOut.nremTAout,P2.place2.enableOut.nremTAout,$PRE.P2.place2.enableOut.arcWeightSum,P2.place2.enableOut.arcWeightSum,P2.place2.delayPassedOut.numtrue,P2.place2.delayPassedOut.anytrue,$whenCondition2,$PRE.P2.place1.enableOut.Index,P2.place1.enableOut.Index,$PRE.P2.place1.enableOut.endWhile,P2.place1.enableOut.endWhile,$PRE.P2.place1.enableOut.sumEnablingProbTAout,P2.place1.enableOut.sumEnablingProbTAout,P2.place1.enableOut.randNum,$PRE.P2.place1.enableOut.randNum,P2.place1.enableOut.state128[4],$PRE.P2.place1.enableOut.state128[4],P2.place1.enableOut.state128[3],$PRE.P2.place1.enableOut.state128[3],P2.place1.enableOut.state128[2],$PRE.P2.place1.enableOut.state128[2],P2.place1.enableOut.state128[1],$PRE.P2.place1.enableOut.state128[1],$PRE.P2.place1.enableOut.posTE,P2.place1.enableOut.posTE,$PRE.P2.place1.enableOut.k,P2.place1.enableOut.k,$PRE.P2.place1.enableOut.nTAout,P2.place1.enableOut.nTAout,$PRE.P2.place1.enableOut.nremTAout,P2.place1.enableOut.nremTAout,$PRE.P2.place1.enableOut.arcWeightSum,P2.place1.enableOut.arcWeightSum,P2.place1.delayPassedOut.numtrue,P2.place1.delayPassedOut.anytrue,$whenCondition1,t2.transition_.firingCon,t2.transition_.outPlaces[2].disTransition,t2.transition_.outPlaces[2].enabledByInPlaces,P2.place2.inTransition[1].disPlace,P2.place2.inTransition[1].maxTokensint,P2.place2.inTransition[1].tint,t2.transition_.outPlaces[1].disTransition,t2.transition_.outPlaces[1].enabledByInPlaces,P2.place1.inTransition[1].disPlace,P2.place1.inTransition[1].maxTokensint,P2.place1.inTransition[1].tint,t2.transition_.inPlaces[2].disTransition,P1.place2.outTransition[1].normalArc,P1.place2.outTransition[1].testValueint,P1.place2.outTransition[1].arcType,P1.place2.outTransition[1].disPlace,P1.place2.outTransition[1].minTokensint,P1.place2.outTransition[1].tint,t2.transition_.inPlaces[1].disTransition,P1.place1.outTransition[1].normalArc,P1.place1.outTransition[1].testValueint,P1.place1.outTransition[1].arcType,P1.place1.outTransition[1].disPlace,P1.place1.outTransition[1].minTokensint,P1.place1.outTransition[1].tint,t1.transition_.firingCon,t1.transition_.outPlaces[2].disTransition,t1.transition_.outPlaces[2].enabledByInPlaces,P1.place2.inTransition[1].disPlace,P1.place2.inTransition[1].maxTokensint,P1.place2.inTransition[1].tint,t1.transition_.outPlaces[1].disTransition,t1.transition_.outPlaces[1].enabledByInPlaces,P1.place1.inTransition[1].disPlace,P1.place1.inTransition[1].maxTokensint,P1.place1.inTransition[1].tint,P2.place2.reStart,P2.place1.reStart,P1.place2.reStart,P1.place1.reStart,P1.place1.disMarksOut.vec[1],P1.place1.disMarksOut.numtrue,P1.place1.disMarksOut.anytrue,P1.place1.disMarksIn.vec[1],P1.place1.disMarksIn.numtrue,P1.place1.disMarksIn.anytrue,P1.place2.disMarksOut.vec[1],P1.place2.disMarksOut.numtrue,P1.place2.disMarksOut.anytrue,P1.place2.disMarksIn.vec[1],P1.place2.disMarksIn.numtrue,P1.place2.disMarksIn.anytrue,P2.place1.disMarksIn.vec[1],P2.place1.disMarksIn.numtrue,P2.place1.disMarksIn.anytrue,P2.place2.disMarksIn.vec[1],P2.place2.disMarksIn.numtrue,P2.place2.disMarksIn.anytrue,t1.transition_.fire_,P1.place1.delayPassedOut.vec[1],P1.place1.delayPassedIn.vec[1],P1.place2.delayPassedOut.vec[1],P1.place2.delayPassedIn.vec[1],P2.place1.delayPassedIn.vec[1],P2.place2.delayPassedIn.vec[1],t1.transition_.activation.arcWeightIntOut[1],t1.transition_.activation.arcWeightIntOut[2],t2.transition_.activation.arcWeightIntIn[1],t2.transition_.activation.arcWeightIntIn[2],t2.transition_.activation.arcWeightIntOut[1],t2.transition_.activation.arcWeightIntOut[2],t2.transition_.activation.disPlaceOut[2],t2.transition_.activation.maxTokensInt[2],t2.transition_.activation.tIntOut[2],t2.transition_.activation.disPlaceOut[1],t2.transition_.activation.maxTokensInt[1],t2.transition_.activation.tIntOut[1],t2.transition_.activation.normalArc[2],t2.transition_.activation.testValueInt[2],t2.transition_.activation.arcType[2],t2.transition_.activation.disPlaceIn[2],t2.transition_.activation.minTokensInt[2],t2.transition_.activation.tIntIn[2],t2.transition_.activation.normalArc[1],t2.transition_.activation.testValueInt[1],t2.transition_.activation.arcType[1],t2.transition_.activation.disPlaceIn[1],t2.transition_.activation.minTokensInt[1],t2.transition_.activation.tIntIn[1],t1.transition_.activation.disPlaceOut[2],t1.transition_.activation.maxTokensInt[2],t1.transition_.activation.tIntOut[2],t1.transition_.activation.disPlaceOut[1],t1.transition_.activation.maxTokensInt[1],t1.transition_.activation.tIntOut[1],t2.transition_.fire_,t2.transition_.activation.NoTokens,t2.transition_.activation.weaklyOutputActiveVec[2],t2.transition_.activation.weaklyOutputActiveVec[1],t2.transition_.activation.weaklyInputActiveVec[2],t2.transition_.activation.weaklyInputActiveVec[1],t2.transition_.activation.active,t2.transition_.activation.emptied[2],t2.transition_.activation.emptied[1],t2.transition_.activation.fed[2],t2.transition_.activation.fed[1],t1.transition_.activation.NoTokens,t1.transition_.activation.weaklyOutputActiveVec[2],t1.transition_.activation.weaklyOutputActiveVec[1],t1.transition_.activation.active,t1.transition_.activation.emptied[2],t1.transition_.activation.emptied[1],P2.place2.emptying.numtrue,P2.place2.emptying.anytrue,P2.place2.feeding.numtrue,P2.place2.feeding.anytrue,P2.place2.feeding.vec[1],P2.place2.delayPassedIn.numtrue,P2.place2.delayPassedIn.anytrue,P2.place2.enableIn.TEin[1],$PRE.P2.place2.enableIn.TEin[1],P2.place2.enableIn.TEin_[1],P2.place2.enableIn.active[1],P2.place2.fireIn[1],$PRE.P2.place2.fireIn[1],P2.place1.emptying.numtrue,P2.place1.emptying.anytrue,P2.place1.feeding.numtrue,P2.place1.feeding.anytrue,P2.place1.feeding.vec[1],P2.place1.delayPassedIn.numtrue,P2.place1.delayPassedIn.anytrue,P2.place1.enableIn.TEin[1],$PRE.P2.place1.enableIn.TEin[1],P2.place1.enableIn.TEin_[1],P2.place1.enableIn.active[1],P2.place1.fireIn[1],$PRE.P2.place1.fireIn[1],P1.place2.emptying.numtrue,P1.place2.emptying.anytrue,P1.place2.emptying.vec[1],P1.place2.feeding.numtrue,P1.place2.feeding.anytrue,P1.place2.feeding.vec[1],P1.place2.delayPassedIn.numtrue,P1.place2.delayPassedIn.anytrue,P1.place2.delayPassedOut.numtrue,P1.place2.delayPassedOut.anytrue,P1.place2.enableOut.TEout[1],$PRE.P1.place2.enableOut.TEout[1],P1.place2.enableOut.TEout_[1],P1.place2.enableOut.TAout[1],P1.place2.enableIn.TEin[1],$PRE.P1.place2.enableIn.TEin[1],P1.place2.enableIn.TEin_[1],P1.place2.enableIn.active[1],P1.place2.fireOut[1],$PRE.P1.place2.fireOut[1],P1.place2.fireIn[1],$PRE.P1.place2.fireIn[1],P1.place1.emptying.numtrue,P1.place1.emptying.anytrue,P1.place1.emptying.vec[1],P1.place1.feeding.numtrue,P1.place1.feeding.anytrue,P1.place1.feeding.vec[1],P1.place1.delayPassedIn.numtrue,P1.place1.delayPassedIn.anytrue,P1.place1.delayPassedOut.numtrue,P1.place1.delayPassedOut.anytrue,P1.place1.enableOut.TEout[1],$PRE.P1.place1.enableOut.TEout[1],P1.place1.enableOut.TEout_[1],P1.place1.enableOut.TAout[1],P1.place1.enableIn.TEin[1],$PRE.P1.place1.enableIn.TEin[1],P1.place1.enableIn.TEin_[1],P1.place1.enableIn.active[1],P1.place1.fireOut[1],$PRE.P1.place1.fireOut[1],P1.place1.fireIn[1],$PRE.P1.place1.fireIn[1],$whenCondition8,$whenCondition7,$whenCondition6,$whenCondition5,$whenCondition4,$whenCondition3)
 * Number of discrete states: 0 ()
 * Number of clocked states: 0 ()
 * Top-level inputs: 0
Notification: Strong component statistics for initialization (477):
 * Single equations (assignments): 434
 * Array equations: 0
 * Algorithm blocks: 42
 * Record equations: 0
 * When equations: 0
 * If-equations: 0
 * Equation systems (not torn): 0
 * Torn equation systems: 1
 * Mixed (continuous/discrete) equation systems: 0
Notification: Torn system details for strict tearing set:
 * Linear torn systems (#iteration vars, #inner vars, density): 0 systems
 * Non-linear torn systems (#iteration vars, #inner vars): 1 system
   {(3,16)}
Notification: Performance of prepare postOptimizeDAE: time 0.003339/0.4668, allocations: 3.329 MB / 0.5627 GB, free: 17.41 MB / 378.7 MB
Notification: Performance of postOpt lateInlineFunction (simulation): time 0.0007764/0.4676, allocations: 289.7 kB / 0.563 GB, free: 17.12 MB / 378.7 MB
Notification: Performance of postOpt wrapFunctionCalls (simulation): time 0.01331/0.4809, allocations: 9.613 MB / 0.5724 GB, free: 7.273 MB / 378.7 MB
Notification: Performance of postOpt inlineArrayEqn (simulation): time 2.301e-05/0.481, allocations: 16 kB / 0.5724 GB, free: 7.258 MB / 378.7 MB
Notification: Performance of postOpt constantLinearSystem (simulation): time 7.595e-06/0.481, allocations: 0 / 0.5724 GB, free: 7.258 MB / 378.7 MB
Notification: Performance of postOpt simplifysemiLinear (simulation): time 1.567e-05/0.481, allocations: 11.97 kB / 0.5724 GB, free: 7.246 MB / 378.7 MB
Notification: Performance of postOpt removeSimpleEquations (simulation): time 0.01946/0.5005, allocations: 14.74 MB / 0.5868 GB, free: 8.258 MB / 394.7 MB
Notification: Performance of postOpt simplifyComplexFunction (simulation): time 0.01413/0.5146, allocations: 9.292 MB / 0.5959 GB, free: 14.75 MB / 410.7 MB
Notification: Performance of postOpt solveSimpleEquations (simulation): time 0.0006073/0.5153, allocations: 127.7 kB / 0.596 GB, free: 14.62 MB / 410.7 MB
Notification: Performance of postOpt tearingSystem (simulation): time 0.001405/0.5167, allocations: 0.5688 MB / 0.5966 GB, free: 14.05 MB / 410.7 MB
Notification: Performance of postOpt inputDerivativesUsed (simulation): time 0.0003987/0.5171, allocations: 175.8 kB / 0.5967 GB, free: 13.88 MB / 410.7 MB
Notification: Performance of postOpt calculateStrongComponentJacobians (simulation): time 0.001342/0.5184, allocations: 1.204 MB / 0.5979 GB, free: 12.65 MB / 410.7 MB
Notification: Performance of postOpt calculateStateSetsJacobians (simulation): time 1.814e-06/0.5185, allocations: 0 / 0.5979 GB, free: 12.65 MB / 410.7 MB
Notification: Performance of postOpt symbolicJacobian (simulation): time 0.02224/0.5407, allocations: 14.24 MB / 0.6118 GB, free: 14.14 MB / 426.7 MB
Notification: Performance of postOpt removeConstants (simulation): time 0.0002791/0.541, allocations: 282.2 kB / 0.6121 GB, free: 13.84 MB / 426.7 MB
Notification: Performance of postOpt simplifyTimeIndepFuncCalls (simulation): time 0.0008421/0.5419, allocations: 368.6 kB / 0.6124 GB, free: 13.48 MB / 426.7 MB
Notification: Performance of postOpt simplifyAllExpressions (simulation): time 0.002021/0.5439, allocations: 267.8 kB / 0.6127 GB, free: 13.22 MB / 426.7 MB
Notification: Performance of postOpt findZeroCrossings (simulation): time 0.001021/0.5449, allocations: 0.6505 MB / 0.6133 GB, free: 12.57 MB / 426.7 MB
Notification: Performance of postOpt collapseArrayExpressions (simulation): time 0.0004446/0.5454, allocations: 210.7 kB / 0.6135 GB, free: 12.37 MB / 426.7 MB
Notification: Performance of sorting global known variables: time 0.00105/0.5464, allocations: 0.7698 MB / 0.6143 GB, free: 11.59 MB / 426.7 MB
Notification: Performance of sort global known variables: time 2.01e-07/0.5465, allocations: 0 / 0.6143 GB, free: 11.59 MB / 426.7 MB
Notification: Performance of remove unused functions: time 0.003089/0.5495, allocations: 1.198 MB / 0.6155 GB, free: 10.4 MB / 426.7 MB
Notification: Model statistics after passing the back-end for simulation:
 * Number of independent subsystems: 3
 * Number of states: 4 (P1.place1.t_,P1.place2.t_,P2.place1.t_,P2.place2.t_)
 * Number of discrete variables: 237 ($whenCondition1,P2.place1.enableOut.state128[1],P2.place1.enableOut.state128[2],P2.place1.enableOut.state128[3],P2.place1.enableOut.state128[4],P2.place1.enableOut.arcWeightSum,P2.place1.enableOut.nremTAout,P2.place1.enableOut.nTAout,P2.place1.enableOut.k,P2.place1.enableOut.posTE,P2.place1.enableOut.randNum,P2.place1.enableOut.sumEnablingProbTAout,P2.place1.enableOut.endWhile,P2.place1.enableOut.Index,P2.place1.delayPassedOut.anytrue,P2.place1.delayPassedOut.numtrue,$whenCondition2,P2.place2.enableOut.state128[1],P2.place2.enableOut.state128[2],P2.place2.enableOut.state128[3],P2.place2.enableOut.state128[4],P2.place2.enableOut.arcWeightSum,P2.place2.enableOut.nremTAout,P2.place2.enableOut.nTAout,P2.place2.enableOut.k,P2.place2.enableOut.posTE,P2.place2.enableOut.randNum,P2.place2.enableOut.sumEnablingProbTAout,P2.place2.enableOut.endWhile,P2.place2.enableOut.Index,P2.place2.delayPassedOut.anytrue,P2.place2.delayPassedOut.numtrue,P2.place1.disMarksInOut,P2.place2.disMarksInOut,$cse6[1],$cse6[2],$whenCondition12,$whenCondition11,$whenCondition10,$whenCondition9,$whenCondition3,$whenCondition4,$whenCondition5,$whenCondition6,$whenCondition7,$whenCondition8,P1.outTransition[1,1].tokenInOut,P1.outTransition[1,2].tokenInOut,P1.place1.disMarksInOut,P1.place1.fireIn[1],P1.place1.fireOut[1],P1.place1.enableIn.active[1],P1.place1.enableIn.TEin_[1],P1.place1.enableIn.state128[1],P1.place1.enableIn.state128[2],P1.place1.enableIn.state128[3],P1.place1.enableIn.state128[4],P1.place1.enableIn.TEin[1],P1.place1.enableIn.disTAin[1],P1.place1.enableIn.remTAin[1],P1.place1.enableIn.cumEnablingProb[1],P1.place1.enableIn.arcWeightSum,P1.place1.enableIn.nremTAin,P1.place1.enableIn.nTAin,P1.place1.enableIn.k,P1.place1.enableIn.posTE,P1.place1.enableIn.randNum,P1.place1.enableIn.sumEnablingProbTAin,P1.place1.enableIn.endWhile,P1.place1.enableIn.Index,P1.place1.enableOut.TAout[1],P1.place1.enableOut.TEout_[1],P1.place1.enableOut.state128[1],P1.place1.enableOut.state128[2],P1.place1.enableOut.state128[3],P1.place1.enableOut.state128[4],P1.place1.enableOut.TEout[1],P1.place1.enableOut.disTAout[1],P1.place1.enableOut.remTAout[1],P1.place1.enableOut.cumEnablingProb[1],P1.place1.enableOut.arcWeightSum,P1.place1.enableOut.nremTAout,P1.place1.enableOut.nTAout,P1.place1.enableOut.k,P1.place1.enableOut.posTE,P1.place1.enableOut.randNum,P1.place1.enableOut.sumEnablingProbTAout,P1.place1.enableOut.endWhile,P1.place1.enableOut.Index,P1.place1.delayPassedOut.anytrue,P1.place1.delayPassedOut.numtrue,P1.place1.delayPassedIn.anytrue,P1.place1.delayPassedIn.numtrue,P1.place1.disMarksOut.anytrue,P1.place1.disMarksOut.numtrue,P1.place1.disMarksIn.anytrue,P1.place1.disMarksIn.numtrue,P1.place1.feeding.vec[1],P1.place1.feeding.anytrue,P1.place1.feeding.numtrue,P1.place1.emptying.vec[1],P1.place1.emptying.anytrue,P1.place1.emptying.numtrue,P1.place2.disMarksInOut,P1.place2.fireIn[1],P1.place2.fireOut[1],P1.place2.enableIn.active[1],P1.place2.enableIn.TEin_[1],P1.place2.enableIn.state128[1],P1.place2.enableIn.state128[2],P1.place2.enableIn.state128[3],P1.place2.enableIn.state128[4],P1.place2.enableIn.TEin[1],P1.place2.enableIn.disTAin[1],P1.place2.enableIn.remTAin[1],P1.place2.enableIn.cumEnablingProb[1],P1.place2.enableIn.arcWeightSum,P1.place2.enableIn.nremTAin,P1.place2.enableIn.nTAin,P1.place2.enableIn.k,P1.place2.enableIn.posTE,P1.place2.enableIn.randNum,P1.place2.enableIn.sumEnablingProbTAin,P1.place2.enableIn.endWhile,P1.place2.enableIn.Index,P1.place2.enableOut.TAout[1],P1.place2.enableOut.TEout_[1],P1.place2.enableOut.state128[1],P1.place2.enableOut.state128[2],P1.place2.enableOut.state128[3],P1.place2.enableOut.state128[4],P1.place2.enableOut.TEout[1],P1.place2.enableOut.disTAout[1],P1.place2.enableOut.remTAout[1],P1.place2.enableOut.cumEnablingProb[1],P1.place2.enableOut.arcWeightSum,P1.place2.enableOut.nremTAout,P1.place2.enableOut.nTAout,P1.place2.enableOut.k,P1.place2.enableOut.posTE,P1.place2.enableOut.randNum,P1.place2.enableOut.sumEnablingProbTAout,P1.place2.enableOut.endWhile,P1.place2.enableOut.Index,P1.place2.delayPassedOut.anytrue,P1.place2.delayPassedOut.numtrue,P1.place2.delayPassedIn.anytrue,P1.place2.delayPassedIn.numtrue,P1.place2.disMarksOut.anytrue,P1.place2.disMarksOut.numtrue,P1.place2.disMarksIn.anytrue,P1.place2.disMarksIn.numtrue,P1.place2.feeding.vec[1],P1.place2.feeding.anytrue,P1.place2.feeding.numtrue,P1.place2.emptying.vec[1],P1.place2.emptying.anytrue,P1.place2.emptying.numtrue,P2.place1.fireIn[1],P2.place1.enableIn.active[1],P2.place1.enableIn.TEin_[1],P2.place1.enableIn.state128[1],P2.place1.enableIn.state128[2],P2.place1.enableIn.state128[3],P2.place1.enableIn.state128[4],P2.place1.enableIn.TEin[1],P2.place1.enableIn.disTAin[1],P2.place1.enableIn.remTAin[1],P2.place1.enableIn.cumEnablingProb[1],P2.place1.enableIn.arcWeightSum,P2.place1.enableIn.nremTAin,P2.place1.enableIn.nTAin,P2.place1.enableIn.k,P2.place1.enableIn.posTE,P2.place1.enableIn.randNum,P2.place1.enableIn.sumEnablingProbTAin,P2.place1.enableIn.endWhile,P2.place1.enableIn.Index,P2.place1.delayPassedIn.anytrue,P2.place1.delayPassedIn.numtrue,P2.place1.disMarksOut.anytrue,P2.place1.disMarksOut.numtrue,P2.place1.disMarksIn.anytrue,P2.place1.disMarksIn.numtrue,P2.place1.feeding.vec[1],P2.place1.feeding.anytrue,P2.place1.feeding.numtrue,P2.place1.emptying.anytrue,P2.place1.emptying.numtrue,P2.place2.fireIn[1],P2.place2.enableIn.active[1],P2.place2.enableIn.TEin_[1],P2.place2.enableIn.state128[1],P2.place2.enableIn.state128[2],P2.place2.enableIn.state128[3],P2.place2.enableIn.state128[4],P2.place2.enableIn.TEin[1],P2.place2.enableIn.disTAin[1],P2.place2.enableIn.remTAin[1],P2.place2.enableIn.cumEnablingProb[1],P2.place2.enableIn.arcWeightSum,P2.place2.enableIn.nremTAin,P2.place2.enableIn.nTAin,P2.place2.enableIn.k,P2.place2.enableIn.posTE,P2.place2.enableIn.randNum,P2.place2.enableIn.sumEnablingProbTAin,P2.place2.enableIn.endWhile,P2.place2.enableIn.Index,P2.place2.delayPassedIn.anytrue,P2.place2.delayPassedIn.numtrue,P2.place2.disMarksOut.anytrue,P2.place2.disMarksOut.numtrue,P2.place2.disMarksIn.anytrue,P2.place2.disMarksIn.numtrue,P2.place2.feeding.vec[1],P2.place2.feeding.anytrue,P2.place2.feeding.numtrue,P2.place2.emptying.anytrue,P2.place2.emptying.numtrue,t1.transition_.activation.emptied[1],t1.transition_.activation.emptied[2],t1.transition_.activation.active,t1.transition_.activation.weaklyOutputActiveVec[1],t1.transition_.activation.weaklyOutputActiveVec[2],t1.transition_.activation.NoTokens,t2.transition_.activation.fed[1],t2.transition_.activation.fed[2],t2.transition_.activation.emptied[1],t2.transition_.activation.emptied[2],t2.transition_.activation.active,t2.transition_.activation.weaklyInputActiveVec[1],t2.transition_.activation.weaklyInputActiveVec[2],t2.transition_.activation.weaklyOutputActiveVec[1],t2.transition_.activation.weaklyOutputActiveVec[2],t2.transition_.activation.NoTokens,t2.transition_.fire_)
 * Number of discrete states: 212 (P1.place2.disMarksInOut,P1.place1.disMarksInOut,P2.place2.fireIn[1],P2.place2.disMarksOut.anytrue,P2.place2.disMarksIn.anytrue,P2.place1.fireIn[1],P2.place1.disMarksOut.anytrue,P2.place1.disMarksIn.anytrue,P1.place2.fireIn[1],P1.place2.fireOut[1],P1.place2.disMarksOut.anytrue,P1.place2.disMarksIn.anytrue,P1.place1.fireIn[1],P1.place1.fireOut[1],P1.place1.disMarksOut.anytrue,P1.place1.disMarksIn.anytrue,P2.place2.emptying.numtrue,P2.place2.emptying.anytrue,P2.place2.feeding.numtrue,P2.place2.feeding.anytrue,P2.place2.disMarksIn.numtrue,P2.place2.disMarksOut.numtrue,P2.place2.delayPassedIn.numtrue,P2.place2.delayPassedIn.anytrue,P2.place1.emptying.numtrue,P2.place1.emptying.anytrue,P2.place1.feeding.numtrue,P2.place1.feeding.anytrue,P2.place1.disMarksIn.numtrue,P2.place1.disMarksOut.numtrue,P2.place1.delayPassedIn.numtrue,P2.place1.delayPassedIn.anytrue,P1.place2.emptying.numtrue,P1.place2.emptying.anytrue,P1.place2.feeding.numtrue,P1.place2.feeding.anytrue,P1.place2.disMarksIn.numtrue,P1.place2.disMarksOut.numtrue,P1.place2.delayPassedIn.numtrue,P1.place2.delayPassedIn.anytrue,P1.place2.delayPassedOut.numtrue,P1.place2.delayPassedOut.anytrue,P1.place1.emptying.numtrue,P1.place1.emptying.anytrue,t1.transition_.activation.weaklyOutputActiveVec[2],t1.transition_.activation.weaklyOutputActiveVec[1],t1.transition_.activation.active,t1.transition_.activation.NoTokens,P1.place2.enableIn.TEin_[1],P1.place2.enableIn.posTE,P1.place2.enableIn.k,P1.place2.enableIn.endWhile,P1.place2.enableIn.state128[4],P1.place2.enableIn.state128[3],P1.place2.enableIn.state128[2],P1.place2.enableIn.state128[1],P1.place2.enableIn.randNum,P1.place2.enableIn.cumEnablingProb[1],P1.place2.enableIn.sumEnablingProbTAin,P1.place2.enableIn.nTAin,P1.place2.enableIn.nremTAin,P1.place2.enableIn.remTAin[1],P1.place2.enableIn.Index,P1.place2.enableIn.arcWeightSum,P1.place2.enableIn.disTAin[1],$whenCondition5,P1.place2.enableIn.TEin[1],P1.place1.feeding.numtrue,P1.place1.feeding.anytrue,t2.transition_.activation.weaklyOutputActiveVec[2],t2.transition_.activation.weaklyOutputActiveVec[1],t2.transition_.activation.weaklyInputActiveVec[2],t2.transition_.activation.weaklyInputActiveVec[1],t2.transition_.activation.active,t2.transition_.activation.NoTokens,P2.place2.enableIn.TEin_[1],P2.place2.enableIn.posTE,P2.place2.enableIn.k,P2.place2.enableIn.endWhile,P2.place2.enableIn.state128[4],P2.place2.enableIn.state128[3],P2.place2.enableIn.state128[2],P2.place2.enableIn.state128[1],P2.place2.enableIn.randNum,P2.place2.enableIn.cumEnablingProb[1],P2.place2.enableIn.sumEnablingProbTAin,P2.place2.enableIn.nTAin,P2.place2.enableIn.nremTAin,P2.place2.enableIn.remTAin[1],P2.place2.enableIn.Index,P2.place2.enableIn.arcWeightSum,P2.place2.enableIn.disTAin[1],$whenCondition8,P2.place2.enableIn.TEin[1],P2.place1.enableIn.TEin_[1],P2.place1.enableIn.posTE,P2.place1.enableIn.k,P2.place1.enableIn.endWhile,P2.place1.enableIn.state128[4],P2.place1.enableIn.state128[3],P2.place1.enableIn.state128[2],P2.place1.enableIn.state128[1],P2.place1.enableIn.randNum,P2.place1.enableIn.cumEnablingProb[1],P2.place1.enableIn.sumEnablingProbTAin,P2.place1.enableIn.nTAin,P2.place1.enableIn.nremTAin,P2.place1.enableIn.remTAin[1],P2.place1.enableIn.Index,P2.place1.enableIn.arcWeightSum,P2.place1.enableIn.disTAin[1],$whenCondition7,P2.place1.enableIn.TEin[1],P1.place2.enableOut.TEout_[1],P1.place2.enableOut.posTE,P1.place2.enableOut.k,P1.place2.enableOut.endWhile,P1.place2.enableOut.state128[4],P1.place2.enableOut.state128[3],P1.place2.enableOut.state128[2],P1.place2.enableOut.state128[1],P1.place2.enableOut.randNum,P1.place2.enableOut.cumEnablingProb[1],P1.place2.enableOut.sumEnablingProbTAout,P1.place2.enableOut.nTAout,P1.place2.enableOut.nremTAout,P1.place2.enableOut.remTAout[1],P1.place2.enableOut.Index,P1.place2.enableOut.arcWeightSum,P1.place2.enableOut.disTAout[1],$whenCondition6,P1.place2.enableOut.TEout[1],P1.place1.disMarksIn.numtrue,P1.place1.disMarksOut.numtrue,P1.place1.delayPassedIn.numtrue,P1.place1.delayPassedIn.anytrue,P1.place1.delayPassedOut.numtrue,P1.place1.delayPassedOut.anytrue,P1.place1.enableOut.TEout_[1],P1.place1.enableOut.posTE,P1.place1.enableOut.k,P1.place1.enableOut.endWhile,P1.place1.enableOut.state128[4],P1.place1.enableOut.state128[3],P1.place1.enableOut.state128[2],P1.place1.enableOut.state128[1],P1.place1.enableOut.randNum,P1.place1.enableOut.cumEnablingProb[1],P1.place1.enableOut.sumEnablingProbTAout,P1.place1.enableOut.nTAout,P1.place1.enableOut.nremTAout,P1.place1.enableOut.remTAout[1],P1.place1.enableOut.Index,P1.place1.enableOut.arcWeightSum,P1.place1.enableOut.disTAout[1],$whenCondition4,P1.place1.enableOut.TEout[1],P1.place1.enableIn.TEin_[1],P1.place1.enableIn.posTE,P1.place1.enableIn.k,P1.place1.enableIn.endWhile,P1.place1.enableIn.state128[4],P1.place1.enableIn.state128[3],P1.place1.enableIn.state128[2],P1.place1.enableIn.state128[1],P1.place1.enableIn.randNum,P1.place1.enableIn.cumEnablingProb[1],P1.place1.enableIn.sumEnablingProbTAin,P1.place1.enableIn.nTAin,P1.place1.enableIn.nremTAin,P1.place1.enableIn.remTAin[1],P1.place1.enableIn.Index,P1.place1.enableIn.arcWeightSum,P1.place1.enableIn.disTAin[1],$whenCondition3,P1.place1.enableIn.TEin[1],P2.place2.disMarkChange,P2.place1.disMarkChange,P1.place2.disMarkChange,P1.place1.disMarkChange,P2.place2.delayPassedOut.numtrue,P2.place2.delayPassedOut.anytrue,P2.place2.enableOut.Index,P2.place2.enableOut.endWhile,P2.place2.enableOut.sumEnablingProbTAout,P2.place2.enableOut.state128[4],P2.place2.enableOut.state128[3],P2.place2.enableOut.state128[2],P2.place2.enableOut.state128[1],P2.place2.enableOut.randNum,P2.place2.enableOut.posTE,P2.place2.enableOut.k,P2.place2.enableOut.nTAout,P2.place2.enableOut.nremTAout,P2.place2.enableOut.arcWeightSum,$whenCondition2,P2.place1.delayPassedOut.numtrue,P2.place1.delayPassedOut.anytrue,P2.place1.enableOut.Index,P2.place1.enableOut.endWhile,P2.place1.enableOut.sumEnablingProbTAout,P2.place1.enableOut.state128[4],P2.place1.enableOut.state128[3],P2.place1.enableOut.state128[2],P2.place1.enableOut.state128[1],P2.place1.enableOut.randNum,P2.place1.enableOut.posTE,P2.place1.enableOut.k,P2.place1.enableOut.nTAout,P2.place1.enableOut.nremTAout,P2.place1.enableOut.arcWeightSum,$whenCondition1)
 * Number of clocked states: 0 ()
 * Top-level inputs: 0
Notification: Strong component statistics for simulation (120):
 * Single equations (assignments): 84
 * Array equations: 1
 * Algorithm blocks: 34
 * Record equations: 0
 * When equations: 0
 * If-equations: 0
 * Equation systems (not torn): 0
 * Torn equation systems: 1
 * Mixed (continuous/discrete) equation systems: 0
Notification: Torn system details for strict tearing set:
 * Linear torn systems (#iteration vars, #inner vars, density): 0 systems
 * Non-linear torn systems (#iteration vars, #inner vars): 1 system
   {(3,21)}
Notification: Performance of Backend phase and start with SimCode phase: time 0.001524/0.5511, allocations: 0.8621 MB / 0.6163 GB, free: 9.551 MB / 426.7 MB
Notification: Performance of simCode: created initialization part: time 0.01579/0.5669, allocations: 10.96 MB / 0.627 GB, free: 14.06 MB / 442.7 MB
Notification: Performance of simCode: created event and clocks part: time 5.962e-06/0.5669, allocations: 0 / 0.627 GB, free: 14.06 MB / 442.7 MB
Notification: Performance of simCode: created simulation system equations: time 0.01027/0.5772, allocations: 12.27 MB / 0.639 GB, free: 1.359 MB / 442.7 MB
Notification: Performance of simCode: created of all other equations (e.g. parameter, nominal, assert, etc): time 0.001685/0.5789, allocations: 386.2 kB / 0.6393 GB, free: 0.9922 MB / 442.7 MB
Notification: Performance of simCode: created linear, non-linear and system jacobian parts: time 0.01412/0.593, allocations: 9.017 MB / 0.6482 GB, free: 7.957 MB / 458.7 MB
Notification: Performance of simCode: some other stuff during SimCode phase: time 0.002023/0.5951, allocations: 2.33 MB / 0.6504 GB, free: 5.598 MB / 458.7 MB
Notification: Performance of simCode: alias equations: time 0.001377/0.5965, allocations: 0.5393 MB / 0.651 GB, free: 5.055 MB / 458.7 MB
Notification: Performance of simCode: all other stuff during SimCode phase: time 0.0003068/0.5968, allocations: 147.3 kB / 0.6511 GB, free: 4.91 MB / 458.7 MB
Notification: Performance of SimCode: time 6.21e-07/0.5968, allocations: 0 / 0.6511 GB, free: 4.91 MB / 458.7 MB
Notification: Performance of Templates: time 0.2811/0.8779, allocations: 51.49 MB / 0.7014 GB, free: 141.7 MB / 474.7 MB
make -j1 -f PNlib_master_PNlib.Examples.Models.BicoloredPlaces.Aquarium.makefile
(rm -f PNlib_master_PNlib.Examples.Models.BicoloredPlaces.Aquarium.pipe ; mkfifo PNlib_master_PNlib.Examples.Models.BicoloredPlaces.Aquarium.pipe ; head -c 1048576 < PNlib_master_PNlib.Examples.Models.BicoloredPlaces.Aquarium.pipe >> ../files/PNlib_master_PNlib.Examples.Models.BicoloredPlaces.Aquarium.sim & ./PNlib_master_PNlib.Examples.Models.BicoloredPlaces.Aquarium  -abortSlowSimulation -alarm=480  -emit_protected -lv LOG_STATS > PNlib_master_PNlib.Examples.Models.BicoloredPlaces.Aquarium.pipe 2>&1)
diffSimulationResults("PNlib_master_PNlib.Examples.Models.BicoloredPlaces.Aquarium_res.mat","/home/runner/work/PNlib/PNlib/ReferenceFiles/PNlib.Examples.Models.BicoloredPlaces.Aquarium.mat","../files/PNlib_master_PNlib.Examples.Models.BicoloredPlaces.Aquarium.diff",relTol=0.003,relTolDiffMinMax=0.003,rangeDelta=0.001)
Reference file matches
