Running: ./testmodel.py --libraries=/home/runner/.openmodelica/libraries/ --ompython_omhome= PNlib_master_PNlib.Examples.ConTest.Conflict.conf.json
loadFile("/home/runner/.openmodelica/libraries/ModelicaServices 4.0.0+maint.om/package.mo", uses=false)
loadFile("/home/runner/.openmodelica/libraries/Complex 4.0.0+maint.om/package.mo", uses=false)
loadFile("/home/runner/.openmodelica/libraries/Modelica 4.0.0+maint.om/package.mo", uses=false)
loadFile("/home/runner/work/PNlib/PNlib/PNlib/package.mo", uses=false)
Using package PNlib with version 3.0.0 (/home/runner/work/PNlib/PNlib/PNlib/package.mo)
Using package Modelica with version 4.0.0 (/home/runner/.openmodelica/libraries/Modelica 4.0.0+maint.om/package.mo)
Using package Complex with version 4.0.0 (/home/runner/.openmodelica/libraries/Complex 4.0.0+maint.om/package.mo)
Using package ModelicaServices with version 4.0.0 (/home/runner/.openmodelica/libraries/ModelicaServices 4.0.0+maint.om/package.mo)
Running command: translateModel(PNlib.Examples.ConTest.Conflict,tolerance=1e-06,outputFormat="mat",numberOfIntervals=1000,variableFilter="P1.t|P2.t|P3.t|T1.fire|T1.instantaneousSpeed|T1.maximumSpeed|T2.fire|T2.instantaneousSpeed|T2.maximumSpeed|T3.fire|T3.instantaneousSpeed|T3.maximumSpeed|time",fileNamePrefix="PNlib_master_PNlib.Examples.ConTest.Conflict")
translateModel(PNlib.Examples.ConTest.Conflict,tolerance=1e-06,outputFormat="mat",numberOfIntervals=1000,variableFilter="P1.t|P2.t|P3.t|T1.fire|T1.instantaneousSpeed|T1.maximumSpeed|T2.fire|T2.instantaneousSpeed|T2.maximumSpeed|T3.fire|T3.instantaneousSpeed|T3.maximumSpeed|time",fileNamePrefix="PNlib_master_PNlib.Examples.ConTest.Conflict")
Notification: Performance of loadFile(/home/runner/.openmodelica/libraries/ModelicaServices 4.0.0+maint.om/package.mo): time 0.001005/0.001005, allocations: 99.58 kB / 15.59 MB, free: 5.273 MB / 13.93 MB
Notification: Performance of loadFile(/home/runner/.openmodelica/libraries/Complex 4.0.0+maint.om/package.mo): time 0.0009952/0.0009952, allocations: 175.8 kB / 16.51 MB, free: 4.668 MB / 13.93 MB
Notification: Performance of loadFile(/home/runner/.openmodelica/libraries/Modelica 4.0.0+maint.om/package.mo): time 1.621/1.621, allocations: 222.1 MB / 239.4 MB, free: 11.13 MB / 202.7 MB
Notification: Performance of loadFile(/home/runner/work/PNlib/PNlib/PNlib/package.mo): time 0.09403/0.09403, allocations: 16.58 MB / 306.2 MB, free: 10.59 MB / 250.7 MB
Notification: Performance of FrontEnd - loaded program: time 0.0005194/0.0005194, allocations: 12.62 kB / 372.7 MB, free: 45.05 MB / 298.7 MB
Notification: Performance of FrontEnd - Absyn->SCode: time 0.07735/0.07789, allocations: 53.47 MB / 426.2 MB, free: 3.855 MB / 298.7 MB
Notification: Performance of NFInst.instantiate(PNlib.Examples.ConTest.Conflict): time 0.004719/0.08265, allocations: 4.212 MB / 430.4 MB, free: 15.64 MB / 314.7 MB
Notification: Performance of NFInst.instExpressions: time 0.005037/0.0877, allocations: 3.303 MB / 433.7 MB, free: 12.33 MB / 314.7 MB
Notification: Performance of NFInst.updateImplicitVariability: time 0.0005098/0.08824, allocations: 23.94 kB / 433.7 MB, free: 12.31 MB / 314.7 MB
Notification: Performance of NFTyping.typeComponents: time 0.0006298/0.08888, allocations: 396.9 kB / 434.1 MB, free: 11.92 MB / 314.7 MB
Notification: Performance of NFTyping.typeBindings: time 0.001084/0.08998, allocations: 377.1 kB / 434.5 MB, free: 11.55 MB / 314.7 MB
Notification: Performance of NFTyping.typeClassSections: time 0.002257/0.09225, allocations: 1.551 MB / 436 MB, free: 9.996 MB / 314.7 MB
Notification: Performance of NFFlatten.flatten: time 0.00345/0.09572, allocations: 4.448 MB / 440.5 MB, free: 5.543 MB / 314.7 MB
Notification: Performance of NFFlatten.resolveConnections: time 0.0007016/0.09643, allocations: 0.6267 MB / 441.1 MB, free: 4.883 MB / 314.7 MB
Notification: Performance of NFEvalConstants.evaluate: time 0.001219/0.09766, allocations: 1.698 MB / 442.8 MB, free: 3.18 MB / 314.7 MB
Notification: Performance of NFSimplifyModel.simplify: time 0.001042/0.09872, allocations: 1.244 MB / 444 MB, free: 1.93 MB / 314.7 MB
Notification: Performance of NFPackage.collectConstants: time 0.0004858/0.09922, allocations: 324 kB / 444.4 MB, free: 1.613 MB / 314.7 MB
Notification: Performance of NFFlatten.collectFunctions: time 0.001195/0.1004, allocations: 0.6908 MB / 445 MB, free: 0.9219 MB / 314.7 MB
Notification: Performance of NFScalarize.scalarize: time 0.0007005/0.1011, allocations: 0.6268 MB / 445.7 MB, free: 300 kB / 314.7 MB
Notification: Performance of NFVerifyModel.verify: time 0.00164/0.1028, allocations: 1.392 MB / 447.1 MB, free: 14.89 MB / 330.7 MB
Notification: Performance of NFConvertDAE.convert: time 0.002869/0.1057, allocations: 3.413 MB / 450.5 MB, free: 11.47 MB / 330.7 MB
Notification: Performance of FrontEnd - DAE generated: time 4.318e-06/0.1057, allocations: 0 / 450.5 MB, free: 11.47 MB / 330.7 MB
Notification: Performance of FrontEnd: time 1.753e-06/0.1057, allocations: 0 / 450.5 MB, free: 11.47 MB / 330.7 MB
Notification: Performance of Transformations before backend: time 1.996e-05/0.1057, allocations: 0 / 450.5 MB, free: 11.47 MB / 330.7 MB
Notification: Model statistics after passing the front-end and creating the data structures used by the back-end:
 * Number of equations: 695
 * Number of variables: 695
Notification: Performance of Generate backend data structure: time 0.00438/0.1101, allocations: 3.603 MB / 454.1 MB, free: 7.605 MB / 330.7 MB
Notification: Performance of prepare preOptimizeDAE: time 3.69e-05/0.1102, allocations: 12.03 kB / 454.1 MB, free: 7.594 MB / 330.7 MB
Notification: Performance of preOpt normalInlineFunction (simulation): time 0.002685/0.1128, allocations: 0.5173 MB / 454.6 MB, free: 7.074 MB / 330.7 MB
Notification: Performance of preOpt evaluateParameters (simulation): time 0.001789/0.1147, allocations: 1.104 MB / 455.7 MB, free: 5.926 MB / 330.7 MB
Notification: Performance of preOpt simplifyIfEquations (simulation): time 0.0003746/0.115, allocations: 0.6307 MB / 456.3 MB, free: 5.199 MB / 330.7 MB
Notification: Performance of preOpt expandDerOperator (simulation): time 0.0004168/0.1155, allocations: 307.8 kB / 456.6 MB, free: 4.898 MB / 330.7 MB
Notification: Performance of preOpt clockPartitioning (simulation): time 0.007678/0.1232, allocations: 5.013 MB / 461.7 MB, free: 15.7 MB / 346.7 MB
Notification: Performance of preOpt findStateOrder (simulation): time 5.684e-05/0.1232, allocations: 7.938 kB / 461.7 MB, free: 15.69 MB / 346.7 MB
Notification: Performance of preOpt replaceEdgeChange (simulation): time 0.0003943/0.1236, allocations: 143.9 kB / 461.8 MB, free: 15.55 MB / 346.7 MB
Notification: Performance of preOpt inlineArrayEqn (simulation): time 0.0006904/0.1243, allocations: 268 kB / 462.1 MB, free: 15.28 MB / 346.7 MB
Notification: Performance of preOpt removeEqualRHS (simulation): time 0.006021/0.1304, allocations: 3.651 MB / 465.7 MB, free: 11.61 MB / 346.7 MB
Notification: Performance of preOpt removeSimpleEquations (simulation): time 0.01228/0.1427, allocations: 9.751 MB / 475.5 MB, free: 1.59 MB / 346.7 MB
Notification: Performance of preOpt comSubExp (simulation): time 0.006591/0.1493, allocations: 4.859 MB / 480.3 MB, free: 12.65 MB / 362.7 MB
Notification: Performance of preOpt resolveLoops (simulation): time 0.004359/0.1537, allocations: 4.303 MB / 484.6 MB, free: 8.34 MB / 362.7 MB
Notification: Performance of preOpt evalFunc (simulation): time 0.001991/0.1557, allocations: 3.079 MB / 487.7 MB, free: 4.598 MB / 362.7 MB
Notification: Performance of preOpt encapsulateWhenConditions (simulation): time 0.004031/0.1597, allocations: 2.695 MB / 490.4 MB, free: 1.848 MB / 362.7 MB
Notification: Performance of pre-optimization done (n=241): time 4.308e-06/0.1598, allocations: 3.656 kB / 490.4 MB, free: 1.848 MB / 362.7 MB
Notification: Performance of matching and sorting (n=241): time 0.01322/0.173, allocations: 8.364 MB / 498.8 MB, free: 9.293 MB / 378.7 MB
Notification: Performance of inlineWhenForInitialization (initialization): time 0.0007264/0.1737, allocations: 1.632 MB / 0.4887 GB, free: 7.363 MB / 378.7 MB
Notification: Performance of selectInitializationVariablesDAE (initialization): time 0.001346/0.1751, allocations: 1.081 MB / 0.4897 GB, free: 6.273 MB / 378.7 MB
Notification: Performance of collectPreVariables (initialization): time 0.0002472/0.1753, allocations: 153.7 kB / 0.4899 GB, free: 6.117 MB / 378.7 MB
Notification: Performance of collectInitialEqns (initialization): time 0.0004518/0.1758, allocations: 0.8115 MB / 0.4907 GB, free: 5.293 MB / 378.7 MB
Notification: Performance of collectInitialBindings (initialization): time 0.0006602/0.1765, allocations: 0.6407 MB / 0.4913 GB, free: 4.645 MB / 378.7 MB
Notification: Performance of simplifyInitialFunctions (initialization): time 0.0009368/0.1774, allocations: 0.7637 MB / 0.492 GB, free: 3.871 MB / 378.7 MB
Notification: Performance of setup shared object (initialization): time 6.627e-05/0.1775, allocations: 349.9 kB / 0.4924 GB, free: 3.523 MB / 378.7 MB
Notification: Performance of preBalanceInitialSystem (initialization): time 0.002508/0.18, allocations: 1.533 MB / 0.4939 GB, free: 1.988 MB / 378.7 MB
Notification: Performance of partitionIndependentBlocks (initialization): time 0.219/0.399, allocations: 2.698 MB / 0.4965 GB, free: 71.89 MB / 378.7 MB
Notification: Performance of analyzeInitialSystem (initialization): time 0.005939/0.405, allocations: 5.858 MB / 0.5022 GB, free: 68.63 MB / 378.7 MB
Notification: Performance of solveInitialSystemEqSystem (initialization): time 2.866e-05/0.4051, allocations: 10.22 kB / 0.5022 GB, free: 68.63 MB / 378.7 MB
Notification: Performance of matching and sorting (n=467) (initialization): time 0.008918/0.414, allocations: 6.281 MB / 0.5084 GB, free: 67.29 MB / 378.7 MB
Notification: Performance of prepare postOptimizeDAE: time 0.0004754/0.4145, allocations: 1.106 MB / 0.5095 GB, free: 66.25 MB / 378.7 MB
Notification: Performance of postOpt simplifyComplexFunction (initialization): time 0.005627/0.4201, allocations: 3.603 MB / 0.513 GB, free: 65.68 MB / 378.7 MB
Notification: Performance of postOpt tearingSystem (initialization): time 0.002332/0.4225, allocations: 0.5084 MB / 0.5135 GB, free: 65.66 MB / 378.7 MB
Notification: Performance of postOpt solveSimpleEquations (initialization): time 0.0014/0.4239, allocations: 388.4 kB / 0.5138 GB, free: 65.61 MB / 378.7 MB
Notification: Performance of postOpt calculateStrongComponentJacobians (initialization): time 0.00124/0.4251, allocations: 1.087 MB / 0.5149 GB, free: 65.07 MB / 378.7 MB
Notification: Performance of postOpt simplifyAllExpressions (initialization): time 0.001983/0.4271, allocations: 437.7 kB / 0.5153 GB, free: 65.06 MB / 378.7 MB
Notification: Performance of postOpt collapseArrayExpressions (initialization): time 0.0003044/0.4274, allocations: 194.3 kB / 0.5155 GB, free: 65.06 MB / 378.7 MB
Warning: Assuming fixed start value for the following 54 variables:
         P3.enableOut.Index:DISCRETE(fixed = true protected = true )  type: Integer
         P3.enableOut.endWhile:DISCRETE(fixed = true protected = true )  type: Boolean
         P3.enableOut.sumEnablingProbTAout:DISCRETE(fixed = true protected = true )  "sum of the enabling probabilities of the active output transitions" type: Real
         P3.enableOut.posTE:DISCRETE(fixed = true protected = true )  "possible enabled transition" type: Integer
         P3.enableOut.k:DISCRETE(fixed = true protected = true )  "iteration index" type: Integer
         P3.enableOut.nTAout:DISCRETE(fixed = true protected = true )  "number of active output transitions" type: Integer
         P3.enableOut.nremTAout:DISCRETE(fixed = true protected = true )  "number of remaining active output transitions" type: Integer
         P3.enableOut.arcWeightSum:DISCRETE(fixed = true protected = true )  "arc weight sum" type: Real
         P3.enableIn.posTE:DISCRETE(fixed = true protected = true )  "possible enabled transition" type: Integer
         P3.enableIn.k:DISCRETE(fixed = true protected = true )  "iteration index" type: Integer
         P3.enableIn.endWhile:DISCRETE(fixed = true protected = true )  type: Boolean
         P3.enableIn.sumEnablingProbTAin:DISCRETE(fixed = true protected = true )  "sum of the enabling probabilities of the active input transitions" type: Real
         P3.enableIn.nTAin:DISCRETE(fixed = true protected = true )  "number ofactive input transitions" type: Integer
         P3.enableIn.nremTAin:DISCRETE(fixed = true protected = true )  "number of remaining active input transitions" type: Integer
         P3.enableIn.Index:DISCRETE(fixed = true protected = true )  "priority Index" type: Integer
         P3.enableIn.arcWeightSum:DISCRETE(fixed = true protected = true )  "arc weight sum" type: Real
         P2.enableIn.posTE:DISCRETE(fixed = true protected = true )  "possible enabled transition" type: Integer
         P2.enableIn.k:DISCRETE(fixed = true protected = true )  "iteration index" type: Integer
         P2.enableIn.endWhile:DISCRETE(fixed = true protected = true )  type: Boolean
         P2.enableIn.sumEnablingProbTAin:DISCRETE(fixed = true protected = true )  "sum of the enabling probabilities of the active input transitions" type: Real
         P2.enableIn.nTAin:DISCRETE(fixed = true protected = true )  "number ofactive input transitions" type: Integer
         P2.enableIn.nremTAin:DISCRETE(fixed = true protected = true )  "number of remaining active input transitions" type: Integer
         P2.enableIn.Index:DISCRETE(fixed = true protected = true )  "priority Index" type: Integer
         P2.enableIn.arcWeightSum:DISCRETE(fixed = true protected = true )  "arc weight sum" type: Real
         P1.enableOut.posTE:DISCRETE(fixed = true protected = true )  "possible enabled transition" type: Integer
         P1.enableOut.k:DISCRETE(fixed = true protected = true )  "iteration index" type: Integer
         P1.enableOut.endWhile:DISCRETE(fixed = true protected = true )  type: Boolean
         P1.enableOut.sumEnablingProbTAout:DISCRETE(fixed = true protected = true )  "sum of the enabling probabilities of the active output transitions" type: Real
         P1.enableOut.nTAout:DISCRETE(fixed = true protected = true )  "number of active output transitions" type: Integer
         P1.enableOut.nremTAout:DISCRETE(fixed = true protected = true )  "number of remaining active output transitions" type: Integer
         P1.enableOut.Index:DISCRETE(fixed = true protected = true )  type: Integer
         P1.enableOut.arcWeightSum:DISCRETE(fixed = true protected = true )  "arc weight sum" type: Real
         P1.enableIn.posTE:DISCRETE(fixed = true protected = true )  "possible enabled transition" type: Integer
         P1.enableIn.k:DISCRETE(fixed = true protected = true )  "iteration index" type: Integer
         P1.enableIn.endWhile:DISCRETE(fixed = true protected = true )  type: Boolean
         P1.enableIn.sumEnablingProbTAin:DISCRETE(fixed = true protected = true )  "sum of the enabling probabilities of the active input transitions" type: Real
         P1.enableIn.nTAin:DISCRETE(fixed = true protected = true )  "number ofactive input transitions" type: Integer
         P1.enableIn.nremTAin:DISCRETE(fixed = true protected = true )  "number of remaining active input transitions" type: Integer
         P1.enableIn.Index:DISCRETE(fixed = true protected = true )  "priority Index" type: Integer
         P1.enableIn.arcWeightSum:DISCRETE(fixed = true protected = true )  "arc weight sum" type: Real
         P3.disMarksIn.anytrue:DISCRETE(fixed = true protected = true )  type: Boolean
         P3.disMarksOut.anytrue:DISCRETE(fixed = true protected = true )  type: Boolean
         P2.disMarksIn.anytrue:DISCRETE(fixed = true protected = true )  type: Boolean
         P2.disMarksOut.anytrue:DISCRETE(fixed = true protected = true )  type: Boolean
         P1.disMarksIn.anytrue:DISCRETE(fixed = true protected = true )  type: Boolean
         P1.disMarksOut.anytrue:DISCRETE(fixed = true protected = true )  type: Boolean
         P2.enableOut.Index:DISCRETE(fixed = true protected = true )  type: Integer
         P2.enableOut.endWhile:DISCRETE(fixed = true protected = true )  type: Boolean
         P2.enableOut.sumEnablingProbTAout:DISCRETE(fixed = true protected = true )  "sum of the enabling probabilities of the active output transitions" type: Real
         P2.enableOut.posTE:DISCRETE(fixed = true protected = true )  "possible enabled transition" type: Integer
         P2.enableOut.k:DISCRETE(fixed = true protected = true )  "iteration index" type: Integer
         P2.enableOut.nTAout:DISCRETE(fixed = true protected = true )  "number of active output transitions" type: Integer
         P2.enableOut.nremTAout:DISCRETE(fixed = true protected = true )  "number of remaining active output transitions" type: Integer
         P2.enableOut.arcWeightSum:DISCRETE(fixed = true protected = true )  "arc weight sum" type: Real
Notification: Model statistics after passing the back-end for initialization:
 * Number of independent subsystems: 159
 * Number of states: 0 ()
 * Number of discrete variables: 368 ($PRE.P3.enableOut.Index,P3.enableOut.Index,$PRE.P3.enableOut.endWhile,P3.enableOut.endWhile,$PRE.P3.enableOut.sumEnablingProbTAout,P3.enableOut.sumEnablingProbTAout,P3.enableOut.randNum,$PRE.P3.enableOut.randNum,P3.enableOut.state128[4],$PRE.P3.enableOut.state128[4],P3.enableOut.state128[3],$PRE.P3.enableOut.state128[3],P3.enableOut.state128[2],$PRE.P3.enableOut.state128[2],P3.enableOut.state128[1],$PRE.P3.enableOut.state128[1],$PRE.P3.enableOut.posTE,P3.enableOut.posTE,$PRE.P3.enableOut.k,P3.enableOut.k,$PRE.P3.enableOut.nTAout,P3.enableOut.nTAout,$PRE.P3.enableOut.nremTAout,P3.enableOut.nremTAout,$PRE.P3.enableOut.arcWeightSum,P3.enableOut.arcWeightSum,P3.delayPassedOut.numtrue,P3.delayPassedOut.anytrue,$whenCondition9,$PRE.P3.enableIn.posTE,P3.enableIn.posTE,$PRE.P3.enableIn.k,P3.enableIn.k,$PRE.P3.enableIn.endWhile,P3.enableIn.endWhile,P3.enableIn.randNum,$PRE.P3.enableIn.randNum,P3.enableIn.state128[4],$PRE.P3.enableIn.state128[4],P3.enableIn.state128[3],$PRE.P3.enableIn.state128[3],P3.enableIn.state128[2],$PRE.P3.enableIn.state128[2],P3.enableIn.state128[1],$PRE.P3.enableIn.state128[1],P3.enableIn.cumEnablingProb[1],$PRE.P3.enableIn.cumEnablingProb[1],$PRE.P3.enableIn.sumEnablingProbTAin,P3.enableIn.sumEnablingProbTAin,$PRE.P3.enableIn.nTAin,P3.enableIn.nTAin,$PRE.P3.enableIn.nremTAin,P3.enableIn.nremTAin,P3.enableIn.remTAin[1],$PRE.P3.enableIn.remTAin[1],$PRE.P3.enableIn.Index,P3.enableIn.Index,$PRE.P3.enableIn.arcWeightSum,P3.enableIn.arcWeightSum,P3.enableIn.disTAin[1],$PRE.P3.enableIn.disTAin[1],$PRE.P2.enableIn.posTE,P2.enableIn.posTE,$PRE.P2.enableIn.k,P2.enableIn.k,$PRE.P2.enableIn.endWhile,P2.enableIn.endWhile,P2.enableIn.randNum,$PRE.P2.enableIn.randNum,P2.enableIn.state128[4],$PRE.P2.enableIn.state128[4],P2.enableIn.state128[3],$PRE.P2.enableIn.state128[3],P2.enableIn.state128[2],$PRE.P2.enableIn.state128[2],P2.enableIn.state128[1],$PRE.P2.enableIn.state128[1],P2.enableIn.cumEnablingProb[1],$PRE.P2.enableIn.cumEnablingProb[1],$PRE.P2.enableIn.sumEnablingProbTAin,P2.enableIn.sumEnablingProbTAin,$PRE.P2.enableIn.nTAin,P2.enableIn.nTAin,$PRE.P2.enableIn.nremTAin,P2.enableIn.nremTAin,P2.enableIn.remTAin[1],$PRE.P2.enableIn.remTAin[1],$PRE.P2.enableIn.Index,P2.enableIn.Index,$PRE.P2.enableIn.arcWeightSum,P2.enableIn.arcWeightSum,P2.enableIn.disTAin[1],$PRE.P2.enableIn.disTAin[1],$PRE.P1.enableOut.posTE,P1.enableOut.posTE,$PRE.P1.enableOut.k,P1.enableOut.k,$PRE.P1.enableOut.endWhile,P1.enableOut.endWhile,P1.enableOut.randNum,$PRE.P1.enableOut.randNum,P1.enableOut.state128[4],$PRE.P1.enableOut.state128[4],P1.enableOut.state128[3],$PRE.P1.enableOut.state128[3],P1.enableOut.state128[2],$PRE.P1.enableOut.state128[2],P1.enableOut.state128[1],$PRE.P1.enableOut.state128[1],P1.enableOut.cumEnablingProb[2],$PRE.P1.enableOut.cumEnablingProb[2],P1.enableOut.cumEnablingProb[1],$PRE.P1.enableOut.cumEnablingProb[1],$PRE.P1.enableOut.sumEnablingProbTAout,P1.enableOut.sumEnablingProbTAout,$PRE.P1.enableOut.nTAout,P1.enableOut.nTAout,$PRE.P1.enableOut.nremTAout,P1.enableOut.nremTAout,P1.enableOut.remTAout[2],$PRE.P1.enableOut.remTAout[2],P1.enableOut.remTAout[1],$PRE.P1.enableOut.remTAout[1],$PRE.P1.enableOut.Index,P1.enableOut.Index,$PRE.P1.enableOut.arcWeightSum,P1.enableOut.arcWeightSum,P1.enableOut.disTAout[2],$PRE.P1.enableOut.disTAout[2],P1.enableOut.disTAout[1],$PRE.P1.enableOut.disTAout[1],$PRE.P1.enableIn.posTE,P1.enableIn.posTE,$PRE.P1.enableIn.k,P1.enableIn.k,$PRE.P1.enableIn.endWhile,P1.enableIn.endWhile,P1.enableIn.randNum,$PRE.P1.enableIn.randNum,P1.enableIn.state128[4],$PRE.P1.enableIn.state128[4],P1.enableIn.state128[3],$PRE.P1.enableIn.state128[3],P1.enableIn.state128[2],$PRE.P1.enableIn.state128[2],P1.enableIn.state128[1],$PRE.P1.enableIn.state128[1],P1.enableIn.cumEnablingProb[1],$PRE.P1.enableIn.cumEnablingProb[1],$PRE.P1.enableIn.sumEnablingProbTAin,P1.enableIn.sumEnablingProbTAin,$PRE.P1.enableIn.nTAin,P1.enableIn.nTAin,$PRE.P1.enableIn.nremTAin,P1.enableIn.nremTAin,P1.enableIn.remTAin[1],$PRE.P1.enableIn.remTAin[1],$PRE.P1.enableIn.Index,P1.enableIn.Index,$PRE.P1.enableIn.arcWeightSum,P1.enableIn.arcWeightSum,P1.enableIn.disTAin[1],$PRE.P1.enableIn.disTAin[1],$PRE.P1.disMarksInOut,P1.outTransition[1].tokenInOut,T3.inPlaces[1].tokenInOut,$PRE.P3.disMarksIn.anytrue,$PRE.P3.disMarksOut.anytrue,P3.disMarksInOut,$whenCondition8,$PRE.P2.disMarksIn.anytrue,$PRE.P2.disMarksOut.anytrue,P2.disMarksInOut,$whenCondition7,$PRE.P1.disMarksIn.anytrue,$PRE.P1.disMarksOut.anytrue,P1.disMarksInOut,$whenCondition6,P3.disMarksOut.numtrue,P3.disMarksOut.anytrue,P2.disMarksOut.numtrue,P2.disMarksOut.anytrue,$PRE.P2.enableOut.Index,P2.enableOut.Index,$PRE.P2.enableOut.endWhile,P2.enableOut.endWhile,$PRE.P2.enableOut.sumEnablingProbTAout,P2.enableOut.sumEnablingProbTAout,P2.enableOut.randNum,$PRE.P2.enableOut.randNum,P2.enableOut.state128[4],$PRE.P2.enableOut.state128[4],P2.enableOut.state128[3],$PRE.P2.enableOut.state128[3],P2.enableOut.state128[2],$PRE.P2.enableOut.state128[2],P2.enableOut.state128[1],$PRE.P2.enableOut.state128[1],$PRE.P2.enableOut.posTE,P2.enableOut.posTE,$PRE.P2.enableOut.k,P2.enableOut.k,$PRE.P2.enableOut.nTAout,P2.enableOut.nTAout,$PRE.P2.enableOut.nremTAout,P2.enableOut.nremTAout,$PRE.P2.enableOut.arcWeightSum,P2.enableOut.arcWeightSum,P2.delayPassedOut.numtrue,P2.delayPassedOut.anytrue,$whenCondition1,P3.inTransition[1].disPlace,P3.inTransition[1].maxTokensint,P3.inTransition[1].tint,T3.outPlaces[1].disTransition,T3.outPlaces[1].enabledByInPlaces,P3.reStart,P2.inTransition[1].disPlace,P2.inTransition[1].maxTokensint,P2.inTransition[1].tint,T2.outPlaces[1].disTransition,T2.outPlaces[1].enabledByInPlaces,P2.reStart,P1.outTransition[2].normalArc,P1.outTransition[2].testValueint,P1.outTransition[2].arcType,P1.outTransition[2].disPlace,P1.outTransition[2].minTokensint,P1.outTransition[2].tint,T3.inPlaces[1].disTransition,P1.outTransition[1].normalArc,P1.outTransition[1].testValueint,P1.outTransition[1].arcType,P1.outTransition[1].disPlace,P1.outTransition[1].minTokensint,P1.outTransition[1].tint,T2.inPlaces[1].disTransition,P1.inTransition[1].disPlace,P1.inTransition[1].maxTokensint,P1.inTransition[1].tint,T1.outPlaces[1].disTransition,T1.outPlaces[1].enabledByInPlaces,P1.reStart,T3.firingCon,T2.firingCon,T1.firingCon,P1.disMarksOut.vec[1],P1.disMarksOut.vec[2],P1.disMarksOut.numtrue,P1.disMarksOut.anytrue,P1.disMarksIn.vec[1],P1.disMarksIn.numtrue,P1.disMarksIn.anytrue,P2.disMarksIn.vec[1],P2.disMarksIn.numtrue,P2.disMarksIn.anytrue,P3.disMarksIn.vec[1],P3.disMarksIn.numtrue,P3.disMarksIn.anytrue,T1.fire_,T1.activation.arcWeightIntOut[1],T2.activation.arcWeightIntIn[1],T2.activation.arcWeightIntOut[1],T3.activation.arcWeightIntIn[1],T3.activation.arcWeightIntOut[1],P1.delayPassedOut.vec[1],P1.delayPassedOut.vec[2],P1.delayPassedIn.vec[1],P2.delayPassedIn.vec[1],P3.delayPassedIn.vec[1],T3.activation.disPlaceOut[1],T3.activation.maxTokensInt[1],T3.activation.tIntOut[1],T2.activation.disPlaceOut[1],T2.activation.maxTokensInt[1],T2.activation.tIntOut[1],T3.activation.normalArc[1],T3.activation.testValueInt[1],T3.activation.arcType[1],T3.activation.disPlaceIn[1],T3.activation.minTokensInt[1],T3.activation.tIntIn[1],T2.activation.normalArc[1],T2.activation.testValueInt[1],T2.activation.arcType[1],T2.activation.disPlaceIn[1],T2.activation.minTokensInt[1],T2.activation.tIntIn[1],T1.activation.disPlaceOut[1],T1.activation.maxTokensInt[1],T1.activation.tIntOut[1],P3.emptying.numtrue,P3.emptying.anytrue,P3.feeding.numtrue,P3.feeding.anytrue,P3.feeding.vec[1],P3.delayPassedIn.numtrue,P3.delayPassedIn.anytrue,P3.enableIn.TEin[1],$PRE.P3.enableIn.TEin[1],P3.enableIn.TEin_[1],P3.enableIn.active[1],P3.fireIn[1],$PRE.P3.fireIn[1],P2.emptying.numtrue,P2.emptying.anytrue,P2.feeding.numtrue,P2.feeding.anytrue,P2.feeding.vec[1],P2.delayPassedIn.numtrue,P2.delayPassedIn.anytrue,P2.enableIn.TEin[1],$PRE.P2.enableIn.TEin[1],P2.enableIn.TEin_[1],P2.enableIn.active[1],P2.fireIn[1],$PRE.P2.fireIn[1],P1.emptying.numtrue,P1.emptying.anytrue,P1.emptying.vec[2],P1.emptying.vec[1],P1.feeding.numtrue,P1.feeding.anytrue,P1.feeding.vec[1],P1.delayPassedIn.numtrue,P1.delayPassedIn.anytrue,P1.delayPassedOut.numtrue,P1.delayPassedOut.anytrue,P1.enableOut.TEout[2],$PRE.P1.enableOut.TEout[2],P1.enableOut.TEout[1],$PRE.P1.enableOut.TEout[1],P1.enableOut.TEout_[2],P1.enableOut.TEout_[1],P1.enableOut.TAout[2],P1.enableOut.TAout[1],P1.enableIn.TEin[1],$PRE.P1.enableIn.TEin[1],P1.enableIn.TEin_[1],P1.enableIn.active[1],P1.fireOut[2],$PRE.P1.fireOut[2],P1.fireOut[1],$PRE.P1.fireOut[1],P1.fireIn[1],$PRE.P1.fireIn[1],T3.fire_,T3.activation.NoTokens,T3.activation.weaklyOutputActiveVec[1],T3.activation.weaklyInputActiveVec[1],T3.activation.active,T3.activation.emptied[1],T3.activation.fed[1],T2.fire_,T2.activation.NoTokens,T2.activation.weaklyOutputActiveVec[1],T2.activation.weaklyInputActiveVec[1],T2.activation.active,T2.activation.emptied[1],T2.activation.fed[1],T1.activation.NoTokens,T1.activation.weaklyOutputActiveVec[1],T1.activation.active,T1.activation.emptied[1],$whenCondition5,$whenCondition4,$whenCondition3,$whenCondition2)
 * Number of discrete states: 0 ()
 * Number of clocked states: 0 ()
 * Top-level inputs: 0
Notification: Strong component statistics for initialization (391):
 * Single equations (assignments): 357
 * Array equations: 0
 * Algorithm blocks: 33
 * Record equations: 0
 * When equations: 0
 * If-equations: 0
 * Equation systems (not torn): 0
 * Torn equation systems: 1
 * Mixed (continuous/discrete) equation systems: 0
Notification: Torn system details for strict tearing set:
 * Linear torn systems (#iteration vars, #inner vars, density): 0 systems
 * Non-linear torn systems (#iteration vars, #inner vars): 1 system
   {(4,16)}
Notification: Performance of prepare postOptimizeDAE: time 0.002398/0.4298, allocations: 2.291 MB / 0.5177 GB, free: 63.9 MB / 378.7 MB
Notification: Performance of postOpt lateInlineFunction (simulation): time 0.0006247/0.4305, allocations: 233.1 kB / 0.518 GB, free: 63.89 MB / 378.7 MB
Notification: Performance of postOpt wrapFunctionCalls (simulation): time 0.009671/0.4402, allocations: 6.811 MB / 0.5246 GB, free: 59.92 MB / 378.7 MB
Notification: Performance of postOpt inlineArrayEqn (simulation): time 2.576e-05/0.4402, allocations: 19.97 kB / 0.5246 GB, free: 59.9 MB / 378.7 MB
Notification: Performance of postOpt constantLinearSystem (simulation): time 7.003e-06/0.4402, allocations: 0 / 0.5246 GB, free: 59.9 MB / 378.7 MB
Notification: Performance of postOpt simplifysemiLinear (simulation): time 1.318e-05/0.4402, allocations: 3.984 kB / 0.5246 GB, free: 59.89 MB / 378.7 MB
Notification: Performance of postOpt removeSimpleEquations (simulation): time 0.01309/0.4533, allocations: 9.835 MB / 0.5342 GB, free: 49.93 MB / 378.7 MB
Notification: Performance of postOpt simplifyComplexFunction (simulation): time 0.009372/0.4627, allocations: 6.655 MB / 0.5407 GB, free: 43.13 MB / 378.7 MB
Notification: Performance of postOpt solveSimpleEquations (simulation): time 0.0004258/0.4632, allocations: 91.81 kB / 0.5408 GB, free: 43.04 MB / 378.7 MB
Notification: Performance of postOpt tearingSystem (simulation): time 0.00113/0.4643, allocations: 379.3 kB / 0.5412 GB, free: 42.67 MB / 378.7 MB
Notification: Performance of postOpt inputDerivativesUsed (simulation): time 0.0002919/0.4646, allocations: 137.3 kB / 0.5413 GB, free: 42.54 MB / 378.7 MB
Notification: Performance of postOpt calculateStrongComponentJacobians (simulation): time 0.001008/0.4656, allocations: 1.039 MB / 0.5423 GB, free: 41.48 MB / 378.7 MB
Notification: Performance of postOpt calculateStateSetsJacobians (simulation): time 3.126e-06/0.4656, allocations: 4.094 kB / 0.5423 GB, free: 41.48 MB / 378.7 MB
Notification: Performance of postOpt symbolicJacobian (simulation): time 0.01478/0.4804, allocations: 10.23 MB / 0.5523 GB, free: 31.14 MB / 378.7 MB
Notification: Performance of postOpt removeConstants (simulation): time 0.0002843/0.4808, allocations: 240.4 kB / 0.5526 GB, free: 30.89 MB / 378.7 MB
Notification: Performance of postOpt simplifyTimeIndepFuncCalls (simulation): time 0.0006863/0.4815, allocations: 251.9 kB / 0.5528 GB, free: 30.64 MB / 378.7 MB
Notification: Performance of postOpt simplifyAllExpressions (simulation): time 0.001807/0.4833, allocations: 241.4 kB / 0.553 GB, free: 30.41 MB / 378.7 MB
Notification: Performance of postOpt findZeroCrossings (simulation): time 0.001107/0.4844, allocations: 0.6197 MB / 0.5536 GB, free: 29.79 MB / 378.7 MB
Notification: Performance of postOpt collapseArrayExpressions (simulation): time 0.0003586/0.4848, allocations: 159.4 kB / 0.5538 GB, free: 29.64 MB / 378.7 MB
Notification: Performance of sorting global known variables: time 0.0006543/0.4854, allocations: 0.5654 MB / 0.5543 GB, free: 29.07 MB / 378.7 MB
Notification: Performance of sort global known variables: time 1.8e-07/0.4854, allocations: 0 / 0.5543 GB, free: 29.07 MB / 378.7 MB
Notification: Performance of remove unused functions: time 0.002573/0.488, allocations: 0.902 MB / 0.5552 GB, free: 28.18 MB / 378.7 MB
Notification: Model statistics after passing the back-end for simulation:
 * Number of independent subsystems: 4
 * Number of states: 3 (P1.t_,P2.t_,P3.t_)
 * Number of discrete variables: 188 ($whenCondition1,P2.enableOut.state128[1],P2.enableOut.state128[2],P2.enableOut.state128[3],P2.enableOut.state128[4],P2.enableOut.arcWeightSum,P2.enableOut.nremTAout,P2.enableOut.nTAout,P2.enableOut.k,P2.enableOut.posTE,P2.enableOut.randNum,P2.enableOut.sumEnablingProbTAout,P2.enableOut.endWhile,P2.enableOut.Index,P2.delayPassedOut.anytrue,P2.delayPassedOut.numtrue,P2.disMarksInOut,P3.disMarksInOut,$cse4[1],$cse5[1],$whenCondition8,$whenCondition7,$whenCondition6,$whenCondition2,$whenCondition3,$whenCondition4,$whenCondition5,T1.activation.emptied[1],T1.activation.active,T1.activation.weaklyOutputActiveVec[1],T1.activation.NoTokens,T2.activation.fed[1],T2.activation.emptied[1],T2.activation.active,T2.activation.weaklyInputActiveVec[1],T2.activation.weaklyOutputActiveVec[1],T2.activation.NoTokens,T2.fire_,T3.inPlaces[1].tokenInOut,T3.activation.fed[1],T3.activation.emptied[1],T3.activation.active,T3.activation.weaklyInputActiveVec[1],T3.activation.weaklyOutputActiveVec[1],T3.activation.NoTokens,T3.fire_,P1.outTransition[1].tokenInOut,P1.disMarksInOut,P1.fireIn[1],P1.fireOut[1],P1.fireOut[2],P1.enableIn.active[1],P1.enableIn.TEin_[1],P1.enableIn.state128[1],P1.enableIn.state128[2],P1.enableIn.state128[3],P1.enableIn.state128[4],P1.enableIn.TEin[1],P1.enableIn.disTAin[1],P1.enableIn.remTAin[1],P1.enableIn.cumEnablingProb[1],P1.enableIn.arcWeightSum,P1.enableIn.nremTAin,P1.enableIn.nTAin,P1.enableIn.k,P1.enableIn.posTE,P1.enableIn.randNum,P1.enableIn.sumEnablingProbTAin,P1.enableIn.endWhile,P1.enableIn.Index,P1.enableOut.TAout[1],P1.enableOut.TAout[2],P1.enableOut.TEout_[1],P1.enableOut.TEout_[2],P1.enableOut.state128[1],P1.enableOut.state128[2],P1.enableOut.state128[3],P1.enableOut.state128[4],P1.enableOut.TEout[1],P1.enableOut.TEout[2],P1.enableOut.disTAout[1],P1.enableOut.disTAout[2],P1.enableOut.remTAout[1],P1.enableOut.remTAout[2],P1.enableOut.cumEnablingProb[1],P1.enableOut.cumEnablingProb[2],P1.enableOut.arcWeightSum,P1.enableOut.nremTAout,P1.enableOut.nTAout,P1.enableOut.k,P1.enableOut.posTE,P1.enableOut.randNum,P1.enableOut.sumEnablingProbTAout,P1.enableOut.endWhile,P1.enableOut.Index,P1.delayPassedOut.anytrue,P1.delayPassedOut.numtrue,P1.delayPassedIn.anytrue,P1.delayPassedIn.numtrue,P1.disMarksOut.anytrue,P1.disMarksOut.numtrue,P1.disMarksIn.anytrue,P1.disMarksIn.numtrue,P1.feeding.vec[1],P1.feeding.anytrue,P1.feeding.numtrue,P1.emptying.vec[1],P1.emptying.vec[2],P1.emptying.anytrue,P1.emptying.numtrue,P2.fireIn[1],P2.enableIn.active[1],P2.enableIn.TEin_[1],P2.enableIn.state128[1],P2.enableIn.state128[2],P2.enableIn.state128[3],P2.enableIn.state128[4],P2.enableIn.TEin[1],P2.enableIn.disTAin[1],P2.enableIn.remTAin[1],P2.enableIn.cumEnablingProb[1],P2.enableIn.arcWeightSum,P2.enableIn.nremTAin,P2.enableIn.nTAin,P2.enableIn.k,P2.enableIn.posTE,P2.enableIn.randNum,P2.enableIn.sumEnablingProbTAin,P2.enableIn.endWhile,P2.enableIn.Index,P2.delayPassedIn.anytrue,P2.delayPassedIn.numtrue,P2.disMarksOut.anytrue,P2.disMarksOut.numtrue,P2.disMarksIn.anytrue,P2.disMarksIn.numtrue,P2.feeding.vec[1],P2.feeding.anytrue,P2.feeding.numtrue,P2.emptying.anytrue,P2.emptying.numtrue,P3.fireIn[1],P3.enableIn.active[1],P3.enableIn.TEin_[1],P3.enableIn.state128[1],P3.enableIn.state128[2],P3.enableIn.state128[3],P3.enableIn.state128[4],P3.enableIn.TEin[1],P3.enableIn.disTAin[1],P3.enableIn.remTAin[1],P3.enableIn.cumEnablingProb[1],P3.enableIn.arcWeightSum,P3.enableIn.nremTAin,P3.enableIn.nTAin,P3.enableIn.k,P3.enableIn.posTE,P3.enableIn.randNum,P3.enableIn.sumEnablingProbTAin,P3.enableIn.endWhile,P3.enableIn.Index,P3.delayPassedIn.anytrue,P3.delayPassedIn.numtrue,P3.disMarksOut.anytrue,P3.disMarksOut.numtrue,P3.disMarksIn.anytrue,P3.disMarksIn.numtrue,P3.feeding.vec[1],P3.feeding.anytrue,P3.feeding.numtrue,P3.emptying.anytrue,P3.emptying.numtrue,$whenCondition9,P3.enableOut.state128[1],P3.enableOut.state128[2],P3.enableOut.state128[3],P3.enableOut.state128[4],P3.enableOut.arcWeightSum,P3.enableOut.nremTAout,P3.enableOut.nTAout,P3.enableOut.k,P3.enableOut.posTE,P3.enableOut.randNum,P3.enableOut.sumEnablingProbTAout,P3.enableOut.endWhile,P3.enableOut.Index,P3.delayPassedOut.anytrue,P3.delayPassedOut.numtrue)
 * Number of discrete states: 165 (P3.delayPassedOut.numtrue,P3.delayPassedOut.anytrue,P3.enableOut.Index,P3.enableOut.endWhile,P3.enableOut.sumEnablingProbTAout,P3.enableOut.state128[4],P3.enableOut.state128[3],P3.enableOut.state128[2],P3.enableOut.state128[1],P3.enableOut.randNum,P3.enableOut.posTE,P3.enableOut.k,P3.enableOut.nTAout,P3.enableOut.nremTAout,P3.enableOut.arcWeightSum,$whenCondition9,P1.disMarksInOut,P3.fireIn[1],P3.disMarksOut.anytrue,P3.disMarksIn.anytrue,P2.fireIn[1],P2.disMarksOut.anytrue,P2.disMarksIn.anytrue,P1.fireIn[1],P1.fireOut[2],P1.fireOut[1],P1.disMarksOut.anytrue,P1.disMarksIn.anytrue,P3.emptying.numtrue,P3.emptying.anytrue,P3.feeding.numtrue,P3.feeding.anytrue,P3.disMarksIn.numtrue,P3.disMarksOut.numtrue,P3.delayPassedIn.numtrue,P3.delayPassedIn.anytrue,P2.emptying.numtrue,P2.emptying.anytrue,P2.feeding.numtrue,P2.feeding.anytrue,P2.disMarksIn.numtrue,P2.disMarksOut.numtrue,P2.delayPassedIn.numtrue,P2.delayPassedIn.anytrue,P1.emptying.numtrue,P1.emptying.anytrue,P1.feeding.numtrue,P1.feeding.anytrue,P1.disMarksIn.numtrue,P1.disMarksOut.numtrue,P1.delayPassedIn.numtrue,P1.delayPassedIn.anytrue,P1.delayPassedOut.numtrue,P1.delayPassedOut.anytrue,T3.activation.weaklyOutputActiveVec[1],T3.activation.weaklyInputActiveVec[1],T3.activation.active,T3.activation.NoTokens,P3.enableIn.TEin_[1],P3.enableIn.posTE,P3.enableIn.k,P3.enableIn.endWhile,P3.enableIn.state128[4],P3.enableIn.state128[3],P3.enableIn.state128[2],P3.enableIn.state128[1],P3.enableIn.randNum,P3.enableIn.cumEnablingProb[1],P3.enableIn.sumEnablingProbTAin,P3.enableIn.nTAin,P3.enableIn.nremTAin,P3.enableIn.remTAin[1],P3.enableIn.Index,P3.enableIn.arcWeightSum,P3.enableIn.disTAin[1],$whenCondition5,P3.enableIn.TEin[1],T2.activation.weaklyOutputActiveVec[1],T2.activation.weaklyInputActiveVec[1],T2.activation.active,T2.activation.NoTokens,P2.enableIn.TEin_[1],P2.enableIn.posTE,P2.enableIn.k,P2.enableIn.endWhile,P2.enableIn.state128[4],P2.enableIn.state128[3],P2.enableIn.state128[2],P2.enableIn.state128[1],P2.enableIn.randNum,P2.enableIn.cumEnablingProb[1],P2.enableIn.sumEnablingProbTAin,P2.enableIn.nTAin,P2.enableIn.nremTAin,P2.enableIn.remTAin[1],P2.enableIn.Index,P2.enableIn.arcWeightSum,P2.enableIn.disTAin[1],$whenCondition4,P2.enableIn.TEin[1],P1.enableOut.TEout_[2],P1.enableOut.TEout_[1],P1.enableOut.posTE,P1.enableOut.k,P1.enableOut.endWhile,P1.enableOut.state128[4],P1.enableOut.state128[3],P1.enableOut.state128[2],P1.enableOut.state128[1],P1.enableOut.randNum,P1.enableOut.cumEnablingProb[2],P1.enableOut.cumEnablingProb[1],P1.enableOut.sumEnablingProbTAout,P1.enableOut.nTAout,P1.enableOut.nremTAout,P1.enableOut.remTAout[2],P1.enableOut.remTAout[1],P1.enableOut.Index,P1.enableOut.arcWeightSum,P1.enableOut.disTAout[2],P1.enableOut.disTAout[1],$whenCondition3,P1.enableOut.TEout[2],P1.enableOut.TEout[1],T1.activation.weaklyOutputActiveVec[1],T1.activation.active,T1.activation.NoTokens,P1.enableIn.TEin_[1],P1.enableIn.posTE,P1.enableIn.k,P1.enableIn.endWhile,P1.enableIn.state128[4],P1.enableIn.state128[3],P1.enableIn.state128[2],P1.enableIn.state128[1],P1.enableIn.randNum,P1.enableIn.cumEnablingProb[1],P1.enableIn.sumEnablingProbTAin,P1.enableIn.nTAin,P1.enableIn.nremTAin,P1.enableIn.remTAin[1],P1.enableIn.Index,P1.enableIn.arcWeightSum,P1.enableIn.disTAin[1],$whenCondition2,P1.enableIn.TEin[1],P3.disMarkChange,P2.disMarkChange,P1.disMarkChange,P2.delayPassedOut.numtrue,P2.delayPassedOut.anytrue,P2.enableOut.Index,P2.enableOut.endWhile,P2.enableOut.sumEnablingProbTAout,P2.enableOut.state128[4],P2.enableOut.state128[3],P2.enableOut.state128[2],P2.enableOut.state128[1],P2.enableOut.randNum,P2.enableOut.posTE,P2.enableOut.k,P2.enableOut.nTAout,P2.enableOut.nremTAout,P2.enableOut.arcWeightSum,$whenCondition1)
 * Number of clocked states: 0 ()
 * Top-level inputs: 0
Notification: Strong component statistics for simulation (98):
 * Single equations (assignments): 68
 * Array equations: 2
 * Algorithm blocks: 27
 * Record equations: 0
 * When equations: 0
 * If-equations: 0
 * Equation systems (not torn): 0
 * Torn equation systems: 1
 * Mixed (continuous/discrete) equation systems: 0
Notification: Torn system details for strict tearing set:
 * Linear torn systems (#iteration vars, #inner vars, density): 0 systems
 * Non-linear torn systems (#iteration vars, #inner vars): 1 system
   {(4,19)}
Notification: Performance of Backend phase and start with SimCode phase: time 0.001166/0.4892, allocations: 0.6483 MB / 0.5559 GB, free: 27.54 MB / 378.7 MB
Notification: Performance of simCode: created initialization part: time 0.01054/0.4997, allocations: 8.111 MB / 0.5638 GB, free: 19.02 MB / 378.7 MB
Notification: Performance of simCode: created event and clocks part: time 9.287e-06/0.4998, allocations: 6.656 kB / 0.5638 GB, free: 19.02 MB / 378.7 MB
Notification: Performance of simCode: created simulation system equations: time 0.007628/0.5074, allocations: 9.095 MB / 0.5727 GB, free: 9.574 MB / 378.7 MB
Notification: Performance of simCode: created of all other equations (e.g. parameter, nominal, assert, etc): time 0.001407/0.5089, allocations: 296.4 kB / 0.5729 GB, free: 9.285 MB / 378.7 MB
Notification: Performance of simCode: created linear, non-linear and system jacobian parts: time 0.008541/0.5174, allocations: 5.701 MB / 0.5785 GB, free: 3.551 MB / 378.7 MB
Notification: Performance of simCode: some other stuff during SimCode phase: time 0.001011/0.5184, allocations: 1.697 MB / 0.5802 GB, free: 1.816 MB / 378.7 MB
Notification: Performance of simCode: alias equations: time 0.00099/0.5194, allocations: 432.8 kB / 0.5806 GB, free: 1.387 MB / 378.7 MB
Notification: Performance of simCode: all other stuff during SimCode phase: time 0.0002361/0.5197, allocations: 115.4 kB / 0.5807 GB, free: 1.273 MB / 378.7 MB
Notification: Performance of SimCode: time 6.61e-07/0.5197, allocations: 0 / 0.5807 GB, free: 1.273 MB / 378.7 MB
Notification: Performance of Templates: time 0.05669/0.5764, allocations: 39.49 MB / 0.6193 GB, free: 9.527 MB / 426.7 MB
make -j1 -f PNlib_master_PNlib.Examples.ConTest.Conflict.makefile
(rm -f PNlib_master_PNlib.Examples.ConTest.Conflict.pipe ; mkfifo PNlib_master_PNlib.Examples.ConTest.Conflict.pipe ; head -c 1048576 < PNlib_master_PNlib.Examples.ConTest.Conflict.pipe >> ../files/PNlib_master_PNlib.Examples.ConTest.Conflict.sim & ./PNlib_master_PNlib.Examples.ConTest.Conflict  -nls=newton -s=rungekutta -abortSlowSimulation -alarm=480  -emit_protected -lv LOG_STATS > PNlib_master_PNlib.Examples.ConTest.Conflict.pipe 2>&1)
diffSimulationResults("PNlib_master_PNlib.Examples.ConTest.Conflict_res.mat","/home/runner/work/PNlib/PNlib/ReferenceFiles/PNlib.Examples.ConTest.Conflict.mat","../files/PNlib_master_PNlib.Examples.ConTest.Conflict.diff",relTol=0.003,relTolDiffMinMax=0.003,rangeDelta=0.001)
Reference file matches
