Running: ./testmodel.py --libraries=/home/runner/.openmodelica/libraries/ --ompython_omhome= PNlib_master_PNlib.Examples.ConTest.SingleTC.conf.json
loadFile("/home/runner/.openmodelica/libraries/ModelicaServices 4.0.0+maint.om/package.mo", uses=false)
loadFile("/home/runner/.openmodelica/libraries/Complex 4.0.0+maint.om/package.mo", uses=false)
loadFile("/home/runner/.openmodelica/libraries/Modelica 4.0.0+maint.om/package.mo", uses=false)
loadFile("/home/runner/work/PNlib/PNlib/PNlib/package.mo", uses=false)
Using package PNlib with version 2.2 (/home/runner/work/PNlib/PNlib/PNlib/package.mo)
Using package Modelica with version 4.0.0 (/home/runner/.openmodelica/libraries/Modelica 4.0.0+maint.om/package.mo)
Using package Complex with version 4.0.0 (/home/runner/.openmodelica/libraries/Complex 4.0.0+maint.om/package.mo)
Using package ModelicaServices with version 4.0.0 (/home/runner/.openmodelica/libraries/ModelicaServices 4.0.0+maint.om/package.mo)
Running command: translateModel(PNlib.Examples.ConTest.SingleTC,tolerance=1e-06,outputFormat="mat",numberOfIntervals=5000,variableFilter="T1.fire|T1.instantaneousSpeed|T1.maximumSpeed|time",fileNamePrefix="PNlib_master_PNlib.Examples.ConTest.SingleTC")
translateModel(PNlib.Examples.ConTest.SingleTC,tolerance=1e-06,outputFormat="mat",numberOfIntervals=5000,variableFilter="T1.fire|T1.instantaneousSpeed|T1.maximumSpeed|time",fileNamePrefix="PNlib_master_PNlib.Examples.ConTest.SingleTC")
Notification: Performance of loadFile(/home/runner/.openmodelica/libraries/ModelicaServices 4.0.0+maint.om/package.mo): time 0.001014/0.001014, allocations: 99.62 kB / 15.59 MB, free: 5.273 MB / 13.93 MB
Notification: Performance of loadFile(/home/runner/.openmodelica/libraries/Complex 4.0.0+maint.om/package.mo): time 0.001022/0.001022, allocations: 175.8 kB / 16.51 MB, free: 4.668 MB / 13.93 MB
Notification: Performance of loadFile(/home/runner/.openmodelica/libraries/Modelica 4.0.0+maint.om/package.mo): time 1.637/1.637, allocations: 222.1 MB / 239.4 MB, free: 11.13 MB / 202.7 MB
Notification: Performance of loadFile(/home/runner/work/PNlib/PNlib/PNlib/package.mo): time 0.09279/0.09279, allocations: 16.58 MB / 306.2 MB, free: 10.59 MB / 250.7 MB
Notification: Performance of FrontEnd - loaded program: time 0.0005732/0.0005732, allocations: 15.53 kB / 370.6 MB, free: 44.89 MB / 298.7 MB
Notification: Performance of FrontEnd - Absyn->SCode: time 0.09151/0.0921, allocations: 53.47 MB / 424.1 MB, free: 5.957 MB / 298.7 MB
Notification: Performance of NFInst.instantiate(PNlib.Examples.ConTest.SingleTC): time 0.001997/0.09413, allocations: 1.054 MB / 425.1 MB, free: 4.898 MB / 298.7 MB
Notification: Performance of NFInst.instExpressions: time 0.0007698/0.09492, allocations: 383.2 kB / 425.5 MB, free: 4.523 MB / 298.7 MB
Notification: Performance of NFInst.updateImplicitVariability: time 0.0001048/0.09504, allocations: 7.938 kB / 425.5 MB, free: 4.516 MB / 298.7 MB
Notification: Performance of NFTyping.typeComponents: time 0.0001545/0.09521, allocations: 47.7 kB / 425.5 MB, free: 4.469 MB / 298.7 MB
Notification: Performance of NFTyping.typeBindings: time 0.000266/0.09548, allocations: 51.64 kB / 425.6 MB, free: 4.418 MB / 298.7 MB
Notification: Performance of NFTyping.typeClassSections: time 0.0002195/0.09571, allocations: 115.8 kB / 425.7 MB, free: 4.305 MB / 298.7 MB
Notification: Performance of NFFlatten.flatten: time 0.0002658/0.09599, allocations: 307.4 kB / 426 MB, free: 4.004 MB / 298.7 MB
Notification: Performance of NFFlatten.resolveConnections: time 6.366e-05/0.09606, allocations: 28.38 kB / 426 MB, free: 3.977 MB / 298.7 MB
Notification: Performance of NFEvalConstants.evaluate: time 0.0001161/0.09618, allocations: 147.6 kB / 426.2 MB, free: 3.832 MB / 298.7 MB
Notification: Performance of NFSimplifyModel.simplify: time 8.202e-05/0.09627, allocations: 55.53 kB / 426.2 MB, free: 3.777 MB / 298.7 MB
Notification: Performance of NFPackage.collectConstants: time 1.989e-05/0.0963, allocations: 8 kB / 426.2 MB, free: 3.77 MB / 298.7 MB
Notification: Performance of NFFlatten.collectFunctions: time 0.000129/0.09643, allocations: 55.94 kB / 426.3 MB, free: 3.715 MB / 298.7 MB
Notification: Performance of NFScalarize.scalarize: time 6.715e-05/0.09651, allocations: 27.8 kB / 426.3 MB, free: 3.688 MB / 298.7 MB
Notification: Performance of NFVerifyModel.verify: time 4.429e-05/0.09656, allocations: 31.73 kB / 426.4 MB, free: 3.656 MB / 298.7 MB
Notification: Performance of NFConvertDAE.convert: time 0.0001657/0.09673, allocations: 119 kB / 426.5 MB, free: 3.543 MB / 298.7 MB
Notification: Performance of FrontEnd - DAE generated: time 3.948e-06/0.09675, allocations: 0 / 426.5 MB, free: 3.543 MB / 298.7 MB
Notification: Performance of FrontEnd: time 1.692e-06/0.09675, allocations: 0 / 426.5 MB, free: 3.543 MB / 298.7 MB
Notification: Performance of Transformations before backend: time 5.471e-06/0.09676, allocations: 0 / 426.5 MB, free: 3.543 MB / 298.7 MB
Notification: Model statistics after passing the front-end and creating the data structures used by the back-end:
 * Number of equations: 15
 * Number of variables: 15
Notification: Performance of Generate backend data structure: time 0.0004225/0.09719, allocations: 429 kB / 426.9 MB, free: 3.07 MB / 298.7 MB
Notification: Performance of prepare preOptimizeDAE: time 3.202e-05/0.09723, allocations: 12.03 kB / 426.9 MB, free: 3.059 MB / 298.7 MB
Notification: Performance of preOpt normalInlineFunction (simulation): time 4.672e-05/0.09728, allocations: 16.75 kB / 426.9 MB, free: 3.043 MB / 298.7 MB
Notification: Performance of preOpt evaluateParameters (simulation): time 0.0001485/0.09744, allocations: 200.6 kB / 427.1 MB, free: 2.809 MB / 298.7 MB
Notification: Performance of preOpt simplifyIfEquations (simulation): time 2.155e-05/0.09747, allocations: 8.375 kB / 427.1 MB, free: 2.801 MB / 298.7 MB
Notification: Performance of preOpt expandDerOperator (simulation): time 1.504e-05/0.09749, allocations: 7.938 kB / 427.1 MB, free: 2.793 MB / 298.7 MB
Notification: Performance of preOpt clockPartitioning (simulation): time 0.0001833/0.09768, allocations: 104.6 kB / 427.2 MB, free: 2.672 MB / 298.7 MB
Notification: Performance of preOpt findStateOrder (simulation): time 1.105e-05/0.0977, allocations: 0 / 427.2 MB, free: 2.672 MB / 298.7 MB
Notification: Performance of preOpt replaceEdgeChange (simulation): time 1.409e-05/0.09772, allocations: 11.94 kB / 427.2 MB, free: 2.66 MB / 298.7 MB
Notification: Performance of preOpt inlineArrayEqn (simulation): time 5.961e-06/0.09773, allocations: 4 kB / 427.3 MB, free: 2.656 MB / 298.7 MB
Notification: Performance of preOpt removeEqualRHS (simulation): time 0.000103/0.09783, allocations: 43.91 kB / 427.3 MB, free: 2.613 MB / 298.7 MB
Notification: Performance of preOpt removeSimpleEquations (simulation): time 0.0006148/0.09846, allocations: 0.8198 MB / 428.1 MB, free: 1.691 MB / 298.7 MB
Notification: Performance of preOpt comSubExp (simulation): time 0.0001687/0.09864, allocations: 54.56 kB / 428.2 MB, free: 1.629 MB / 298.7 MB
Notification: Performance of preOpt resolveLoops (simulation): time 3.737e-05/0.09869, allocations: 20.97 kB / 428.2 MB, free: 1.605 MB / 298.7 MB
Notification: Performance of preOpt evalFunc (simulation): time 2.132e-05/0.09872, allocations: 0 / 428.2 MB, free: 1.605 MB / 298.7 MB
Notification: Performance of preOpt encapsulateWhenConditions (simulation): time 1.479e-05/0.09874, allocations: 34.56 kB / 428.2 MB, free: 1.562 MB / 298.7 MB
Notification: Performance of pre-optimization done (n=6): time 1.192e-06/0.09874, allocations: 0 / 428.2 MB, free: 1.562 MB / 298.7 MB
Notification: Performance of matching and sorting (n=6): time 0.0002515/0.099, allocations: 119.1 kB / 428.3 MB, free: 1.434 MB / 298.7 MB
Notification: Performance of inlineWhenForInitialization (initialization): time 2.526e-05/0.09904, allocations: 89.11 kB / 428.4 MB, free: 1.328 MB / 298.7 MB
Notification: Performance of selectInitializationVariablesDAE (initialization): time 0.0001188/0.09916, allocations: 170.2 kB / 428.6 MB, free: 1.152 MB / 298.7 MB
Notification: Performance of collectPreVariables (initialization): time 9.117e-06/0.09918, allocations: 29.7 kB / 428.6 MB, free: 1.117 MB / 298.7 MB
Notification: Performance of collectInitialEqns (initialization): time 5.1e-05/0.09923, allocations: 111.9 kB / 428.7 MB, free: 1.004 MB / 298.7 MB
Notification: Performance of collectInitialBindings (initialization): time 1.318e-05/0.09925, allocations: 15.81 kB / 428.7 MB, free: 0.9883 MB / 298.7 MB
Notification: Performance of simplifyInitialFunctions (initialization): time 4.975e-05/0.09931, allocations: 33.61 kB / 428.8 MB, free: 0.9492 MB / 298.7 MB
Notification: Performance of setup shared object (initialization): time 4.943e-05/0.09936, allocations: 322.8 kB / 429.1 MB, free: 0.625 MB / 298.7 MB
Notification: Performance of preBalanceInitialSystem (initialization): time 4.87e-05/0.09942, allocations: 23.98 kB / 429.1 MB, free: 0.6016 MB / 298.7 MB
Notification: Performance of partitionIndependentBlocks (initialization): time 5.395e-05/0.09948, allocations: 56.33 kB / 429.2 MB, free: 0.5312 MB / 298.7 MB
Notification: Performance of analyzeInitialSystem (initialization): time 0.0001044/0.09959, allocations: 127.6 kB / 429.3 MB, free: 388 kB / 298.7 MB
Notification: Performance of solveInitialSystemEqSystem (initialization): time 2.405e-06/0.0996, allocations: 4 kB / 429.3 MB, free: 384 kB / 298.7 MB
Notification: Performance of matching and sorting (n=12) (initialization): time 0.0001922/0.0998, allocations: 139.1 kB / 429.4 MB, free: 232 kB / 298.7 MB
Notification: Performance of prepare postOptimizeDAE: time 2.615e-05/0.09983, allocations: 37.69 kB / 429.5 MB, free: 188 kB / 298.7 MB
Notification: Performance of postOpt simplifyComplexFunction (initialization): time 4.639e-06/0.09984, allocations: 3.844 kB / 429.5 MB, free: 188 kB / 298.7 MB
Notification: Performance of postOpt tearingSystem (initialization): time 1.45e-05/0.09986, allocations: 7.938 kB / 429.5 MB, free: 180 kB / 298.7 MB
Notification: Performance of postOpt solveSimpleEquations (initialization): time 7.436e-05/0.09994, allocations: 8 kB / 429.5 MB, free: 172 kB / 298.7 MB
Notification: Performance of postOpt calculateStrongComponentJacobians (initialization): time 6.532e-06/0.09996, allocations: 7.938 kB / 429.5 MB, free: 164 kB / 298.7 MB
Notification: Performance of postOpt simplifyAllExpressions (initialization): time 5.03e-05/0.1, allocations: 19.83 kB / 429.5 MB, free: 144 kB / 298.7 MB
Notification: Performance of postOpt collapseArrayExpressions (initialization): time 1.4e-05/0.1, allocations: 8.125 kB / 429.5 MB, free: 136 kB / 298.7 MB
Notification: Model statistics after passing the back-end for initialization:
 * Number of independent subsystems: 5
 * Number of states: 0 ()
 * Number of discrete variables: 5 (T1.firingCon,T1.fire_,T1.activation.NoTokens,T1.activation.active,T1.fire)
 * Number of discrete states: 0 ()
 * Number of clocked states: 0 ()
 * Top-level inputs: 0
Notification: Strong component statistics for initialization (11):
 * Single equations (assignments): 10
 * Array equations: 0
 * Algorithm blocks: 1
 * Record equations: 0
 * When equations: 0
 * If-equations: 0
 * Equation systems (not torn): 0
 * Torn equation systems: 0
 * Mixed (continuous/discrete) equation systems: 0
Notification: Performance of prepare postOptimizeDAE: time 0.0001195/0.1002, allocations: 147.5 kB / 429.7 MB, free: 15.97 MB / 314.7 MB
Notification: Performance of postOpt lateInlineFunction (simulation): time 4.613e-05/0.1002, allocations: 15.89 kB / 429.7 MB, free: 15.96 MB / 314.7 MB
Notification: Performance of postOpt wrapFunctionCalls (simulation): time 0.0002467/0.1005, allocations: 129.4 kB / 429.8 MB, free: 15.82 MB / 314.7 MB
Notification: Performance of postOpt inlineArrayEqn (simulation): time 2.504e-06/0.1005, allocations: 0 / 429.8 MB, free: 15.82 MB / 314.7 MB
Notification: Performance of postOpt constantLinearSystem (simulation): time 3.827e-06/0.1005, allocations: 0 / 429.8 MB, free: 15.82 MB / 314.7 MB
Notification: Performance of postOpt simplifysemiLinear (simulation): time 2.635e-06/0.1005, allocations: 0 / 429.8 MB, free: 15.82 MB / 314.7 MB
Notification: Performance of postOpt removeSimpleEquations (simulation): time 0.0001936/0.1007, allocations: 189.6 kB / 430 MB, free: 15.59 MB / 314.7 MB
Notification: Performance of postOpt simplifyComplexFunction (simulation): time 1.212e-06/0.1007, allocations: 0 / 430 MB, free: 15.59 MB / 314.7 MB
Notification: Performance of postOpt solveSimpleEquations (simulation): time 0.0001983/0.1009, allocations: 8 kB / 430 MB, free: 15.58 MB / 314.7 MB
Notification: Performance of postOpt tearingSystem (simulation): time 2.164e-06/0.1009, allocations: 0 / 430 MB, free: 15.58 MB / 314.7 MB
Notification: Performance of postOpt inputDerivativesUsed (simulation): time 9.578e-06/0.1009, allocations: 8.188 kB / 430 MB, free: 15.57 MB / 314.7 MB
Notification: Performance of postOpt calculateStrongComponentJacobians (simulation): time 1.934e-06/0.1009, allocations: 4 kB / 430 MB, free: 15.57 MB / 314.7 MB
Notification: Performance of postOpt calculateStateSetsJacobians (simulation): time 9.22e-07/0.1009, allocations: 0 / 430 MB, free: 15.57 MB / 314.7 MB
Notification: Performance of postOpt symbolicJacobian (simulation): time 0.0001321/0.1011, allocations: 130.7 kB / 430.1 MB, free: 15.41 MB / 314.7 MB
Notification: Performance of postOpt removeConstants (simulation): time 2.476e-05/0.1011, allocations: 88.86 kB / 430.2 MB, free: 15.31 MB / 314.7 MB
Notification: Performance of postOpt simplifyTimeIndepFuncCalls (simulation): time 2.251e-05/0.1011, allocations: 7.938 kB / 430.2 MB, free: 15.3 MB / 314.7 MB
Notification: Performance of postOpt simplifyAllExpressions (simulation): time 2.68e-05/0.1012, allocations: 4 kB / 430.2 MB, free: 15.3 MB / 314.7 MB
Notification: Performance of postOpt findZeroCrossings (simulation): time 2.997e-05/0.1012, allocations: 7.938 kB / 430.3 MB, free: 15.29 MB / 314.7 MB
Notification: Performance of postOpt collapseArrayExpressions (simulation): time 5.421e-06/0.1012, allocations: 3.984 kB / 430.3 MB, free: 15.29 MB / 314.7 MB
Notification: Performance of sorting global known variables: time 7.249e-05/0.1013, allocations: 127.8 kB / 430.4 MB, free: 15.16 MB / 314.7 MB
Notification: Performance of sort global known variables: time 1.6e-07/0.1013, allocations: 0 / 430.4 MB, free: 15.16 MB / 314.7 MB
Notification: Performance of remove unused functions: time 0.0002654/0.1016, allocations: 20 kB / 430.4 MB, free: 15.14 MB / 314.7 MB
Notification: Model statistics after passing the back-end for simulation:
 * Number of independent subsystems: 1
 * Number of states: 0 ()
 * Number of discrete variables: 3 (T1.fire,T1.activation.active,T1.activation.NoTokens)
 * Number of discrete states: 2 (T1.activation.active,T1.activation.NoTokens)
 * Number of clocked states: 0 ()
 * Top-level inputs: 0
Notification: Strong component statistics for simulation (4):
 * Single equations (assignments): 3
 * Array equations: 0
 * Algorithm blocks: 1
 * Record equations: 0
 * When equations: 0
 * If-equations: 0
 * Equation systems (not torn): 0
 * Torn equation systems: 0
 * Mixed (continuous/discrete) equation systems: 0
Notification: Performance of Backend phase and start with SimCode phase: time 0.0001166/0.1017, allocations: 119.2 kB / 430.5 MB, free: 15.01 MB / 314.7 MB
Notification: Performance of simCode: created initialization part: time 0.0001694/0.1019, allocations: 115.5 kB / 430.6 MB, free: 14.89 MB / 314.7 MB
Notification: Performance of simCode: created event and clocks part: time 2.034e-06/0.1019, allocations: 0 / 430.6 MB, free: 14.89 MB / 314.7 MB
Notification: Performance of simCode: created simulation system equations: time 4.288e-05/0.1019, allocations: 71.41 kB / 430.7 MB, free: 14.8 MB / 314.7 MB
Notification: Performance of simCode: created of all other equations (e.g. parameter, nominal, assert, etc): time 0.0002346/0.1022, allocations: 14.22 kB / 430.7 MB, free: 14.8 MB / 314.7 MB
Notification: Performance of simCode: created linear, non-linear and system jacobian parts: time 0.0004231/0.1026, allocations: 237.6 kB / 430.9 MB, free: 14.54 MB / 314.7 MB
Notification: Performance of simCode: some other stuff during SimCode phase: time 0.0001156/0.1027, allocations: 0.7002 MB / 431.6 MB, free: 13.81 MB / 314.7 MB
Notification: Performance of simCode: alias equations: time 0.0001117/0.1029, allocations: 44.31 kB / 431.7 MB, free: 13.77 MB / 314.7 MB
Notification: Performance of simCode: all other stuff during SimCode phase: time 3.515e-05/0.1029, allocations: 19.42 kB / 431.7 MB, free: 13.75 MB / 314.7 MB
Notification: Performance of SimCode: time 2.91e-07/0.1029, allocations: 3.281 kB / 431.7 MB, free: 13.75 MB / 314.7 MB
Notification: Performance of Templates: time 0.003978/0.1069, allocations: 0.8791 MB / 432.6 MB, free: 12.88 MB / 314.7 MB
make -j1 -f PNlib_master_PNlib.Examples.ConTest.SingleTC.makefile
(rm -f PNlib_master_PNlib.Examples.ConTest.SingleTC.pipe ; mkfifo PNlib_master_PNlib.Examples.ConTest.SingleTC.pipe ; head -c 1048576 < PNlib_master_PNlib.Examples.ConTest.SingleTC.pipe >> ../files/PNlib_master_PNlib.Examples.ConTest.SingleTC.sim & ./PNlib_master_PNlib.Examples.ConTest.SingleTC  -abortSlowSimulation -alarm=480  -emit_protected -lv LOG_STATS > PNlib_master_PNlib.Examples.ConTest.SingleTC.pipe 2>&1)
diffSimulationResults("PNlib_master_PNlib.Examples.ConTest.SingleTC_res.mat","/home/runner/work/PNlib/PNlib/ReferenceFiles/PNlib.Examples.ConTest.SingleTC.mat","../files/PNlib_master_PNlib.Examples.ConTest.SingleTC.diff",relTol=0.003,relTolDiffMinMax=0.003,rangeDelta=0.001)
Reference file matches
