Running: ./testmodel.py --libraries=/home/runner/.openmodelica/libraries/ --ompython_omhome= PNlib_master_PNlib.Examples.ConTest.LoopAndArcweight.conf.json
loadFile("/home/runner/.openmodelica/libraries/ModelicaServices 4.0.0+maint.om/package.mo", uses=false)
loadFile("/home/runner/.openmodelica/libraries/Complex 4.0.0+maint.om/package.mo", uses=false)
loadFile("/home/runner/.openmodelica/libraries/Modelica 4.0.0+maint.om/package.mo", uses=false)
loadFile("/home/runner/work/PNlib/PNlib/PNlib/package.mo", uses=false)
Using package PNlib with version 2.2 (/home/runner/work/PNlib/PNlib/PNlib/package.mo)
Using package Modelica with version 4.0.0 (/home/runner/.openmodelica/libraries/Modelica 4.0.0+maint.om/package.mo)
Using package Complex with version 4.0.0 (/home/runner/.openmodelica/libraries/Complex 4.0.0+maint.om/package.mo)
Using package ModelicaServices with version 4.0.0 (/home/runner/.openmodelica/libraries/ModelicaServices 4.0.0+maint.om/package.mo)
Running command: translateModel(PNlib.Examples.ConTest.LoopAndArcweight,tolerance=1e-06,outputFormat="mat",numberOfIntervals=5000,variableFilter="P1.t|P2.t|T1.fire|T1.instantaneousSpeed|T1.maximumSpeed|time",fileNamePrefix="PNlib_master_PNlib.Examples.ConTest.LoopAndArcweight")
translateModel(PNlib.Examples.ConTest.LoopAndArcweight,tolerance=1e-06,outputFormat="mat",numberOfIntervals=5000,variableFilter="P1.t|P2.t|T1.fire|T1.instantaneousSpeed|T1.maximumSpeed|time",fileNamePrefix="PNlib_master_PNlib.Examples.ConTest.LoopAndArcweight")
Notification: Performance of loadFile(/home/runner/.openmodelica/libraries/ModelicaServices 4.0.0+maint.om/package.mo): time 0.0009836/0.0009837, allocations: 96.62 kB / 15.59 MB, free: 5.219 MB / 13.93 MB
Notification: Performance of loadFile(/home/runner/.openmodelica/libraries/Complex 4.0.0+maint.om/package.mo): time 0.001018/0.001018, allocations: 175.7 kB / 16.51 MB, free: 4.621 MB / 13.93 MB
Notification: Performance of loadFile(/home/runner/.openmodelica/libraries/Modelica 4.0.0+maint.om/package.mo): time 1.656/1.656, allocations: 222.1 MB / 239.4 MB, free: 11.1 MB / 202.7 MB
Notification: Performance of loadFile(/home/runner/work/PNlib/PNlib/PNlib/package.mo): time 0.09482/0.09482, allocations: 16.58 MB / 306.2 MB, free: 10.6 MB / 250.7 MB
Notification: Performance of FrontEnd - loaded program: time 0.0004598/0.0004599, allocations: 13.09 kB / 370.6 MB, free: 45 MB / 298.7 MB
Notification: Performance of FrontEnd - Absyn->SCode: time 0.08642/0.08689, allocations: 53.47 MB / 424.1 MB, free: 5.977 MB / 298.7 MB
Notification: Performance of NFInst.instantiate(PNlib.Examples.ConTest.LoopAndArcweight): time 0.00488/0.09182, allocations: 2.712 MB / 426.8 MB, free: 3.258 MB / 298.7 MB
Notification: Performance of NFInst.instExpressions: time 0.005451/0.0973, allocations: 2.262 MB / 429 MB, free: 0.9961 MB / 298.7 MB
Notification: Performance of NFInst.updateImplicitVariability: time 0.0005242/0.09785, allocations: 19.94 kB / 429.1 MB, free: 0.9766 MB / 298.7 MB
Notification: Performance of NFTyping.typeComponents: time 0.0006027/0.09846, allocations: 214.3 kB / 429.3 MB, free: 0.7656 MB / 298.7 MB
Notification: Performance of NFTyping.typeBindings: time 0.0009095/0.09941, allocations: 218.2 kB / 429.5 MB, free: 0.5508 MB / 298.7 MB
Notification: Performance of NFTyping.typeClassSections: time 0.003017/0.1024, allocations: 1.044 MB / 430.5 MB, free: 15.51 MB / 314.7 MB
Notification: Performance of NFFlatten.flatten: time 0.003574/0.106, allocations: 2.63 MB / 433.1 MB, free: 12.88 MB / 314.7 MB
Notification: Performance of NFFlatten.resolveConnections: time 0.0008385/0.1069, allocations: 363.3 kB / 433.5 MB, free: 12.52 MB / 314.7 MB
Notification: Performance of NFEvalConstants.evaluate: time 0.001017/0.1079, allocations: 0.9777 MB / 434.5 MB, free: 11.54 MB / 314.7 MB
Notification: Performance of NFSimplifyModel.simplify: time 0.001237/0.1092, allocations: 0.7661 MB / 435.2 MB, free: 10.77 MB / 314.7 MB
Notification: Performance of NFPackage.collectConstants: time 0.0003671/0.1096, allocations: 208 kB / 435.5 MB, free: 10.56 MB / 314.7 MB
Notification: Performance of NFFlatten.collectFunctions: time 0.001186/0.1108, allocations: 0.5775 MB / 436 MB, free: 9.984 MB / 314.7 MB
Notification: Performance of NFScalarize.scalarize: time 0.0004248/0.1112, allocations: 378.8 kB / 436.4 MB, free: 9.613 MB / 314.7 MB
Notification: Performance of NFVerifyModel.verify: time 0.001208/0.1124, allocations: 0.8673 MB / 437.3 MB, free: 8.742 MB / 314.7 MB
Notification: Performance of NFConvertDAE.convert: time 0.002729/0.1152, allocations: 2.24 MB / 439.5 MB, free: 6.496 MB / 314.7 MB
Notification: Performance of FrontEnd - DAE generated: time 4.97e-06/0.1152, allocations: 0 / 439.5 MB, free: 6.496 MB / 314.7 MB
Notification: Performance of FrontEnd: time 2.024e-06/0.1152, allocations: 8 kB / 439.5 MB, free: 6.488 MB / 314.7 MB
Notification: Performance of Transformations before backend: time 1.665e-05/0.1152, allocations: 0 / 439.5 MB, free: 6.488 MB / 314.7 MB
Notification: Model statistics after passing the front-end and creating the data structures used by the back-end:
 * Number of equations: 415
 * Number of variables: 415
Notification: Performance of Generate backend data structure: time 0.004205/0.1194, allocations: 2.36 MB / 441.9 MB, free: 3.945 MB / 314.7 MB
Notification: Performance of prepare preOptimizeDAE: time 4.459e-05/0.1195, allocations: 12.03 kB / 441.9 MB, free: 3.934 MB / 314.7 MB
Notification: Performance of preOpt normalInlineFunction (simulation): time 0.003127/0.1226, allocations: 350.9 kB / 442.2 MB, free: 3.59 MB / 314.7 MB
Notification: Performance of preOpt evaluateParameters (simulation): time 0.001592/0.1243, allocations: 0.7518 MB / 443 MB, free: 2.797 MB / 314.7 MB
Notification: Performance of preOpt simplifyIfEquations (simulation): time 0.000278/0.1246, allocations: 389.8 kB / 443.4 MB, free: 2.359 MB / 314.7 MB
Notification: Performance of preOpt expandDerOperator (simulation): time 0.0002949/0.1249, allocations: 188 kB / 443.5 MB, free: 2.176 MB / 314.7 MB
Notification: Performance of preOpt clockPartitioning (simulation): time 0.005222/0.1301, allocations: 3.056 MB / 446.6 MB, free: 15.02 MB / 330.7 MB
Notification: Performance of preOpt findStateOrder (simulation): time 3.982e-05/0.1301, allocations: 3.938 kB / 446.6 MB, free: 15.02 MB / 330.7 MB
Notification: Performance of preOpt replaceEdgeChange (simulation): time 0.0002168/0.1304, allocations: 87.97 kB / 446.7 MB, free: 14.93 MB / 330.7 MB
Notification: Performance of preOpt inlineArrayEqn (simulation): time 0.0002501/0.1306, allocations: 158.4 kB / 446.8 MB, free: 14.77 MB / 330.7 MB
Notification: Performance of preOpt removeEqualRHS (simulation): time 0.003807/0.1344, allocations: 2.22 MB / 449.1 MB, free: 12.55 MB / 330.7 MB
Notification: Performance of preOpt removeSimpleEquations (simulation): time 0.007884/0.1423, allocations: 5.797 MB / 454.9 MB, free: 6.578 MB / 330.7 MB
Notification: Performance of preOpt comSubExp (simulation): time 0.003256/0.1456, allocations: 2.93 MB / 457.8 MB, free: 3.629 MB / 330.7 MB
Notification: Performance of preOpt resolveLoops (simulation): time 0.003129/0.1488, allocations: 2.753 MB / 460.5 MB, free: 0.8711 MB / 330.7 MB
Notification: Performance of preOpt evalFunc (simulation): time 0.00455/0.1533, allocations: 5.821 MB / 466.4 MB, free: 9.773 MB / 346.7 MB
Notification: Performance of preOpt encapsulateWhenConditions (simulation): time 0.00263/0.156, allocations: 1.716 MB / 468.1 MB, free: 8.016 MB / 346.7 MB
Notification: Performance of pre-optimization done (n=148): time 3.316e-06/0.156, allocations: 0 / 468.1 MB, free: 8.016 MB / 346.7 MB
Notification: Performance of matching and sorting (n=148): time 0.00911/0.1651, allocations: 5.443 MB / 473.5 MB, free: 2.445 MB / 346.7 MB
Notification: Performance of inlineWhenForInitialization (initialization): time 0.0005265/0.1657, allocations: 1.066 MB / 474.6 MB, free: 1.18 MB / 346.7 MB
Notification: Performance of selectInitializationVariablesDAE (initialization): time 0.0007282/0.1664, allocations: 0.693 MB / 475.3 MB, free: 484 kB / 346.7 MB
Notification: Performance of collectPreVariables (initialization): time 0.0001465/0.1666, allocations: 101.7 kB / 475.4 MB, free: 376 kB / 346.7 MB
Notification: Performance of collectInitialEqns (initialization): time 0.0005511/0.1671, allocations: 0.5036 MB / 475.9 MB, free: 15.85 MB / 362.7 MB
Notification: Performance of collectInitialBindings (initialization): time 0.0005788/0.1677, allocations: 403.2 kB / 476.3 MB, free: 15.45 MB / 362.7 MB
Notification: Performance of simplifyInitialFunctions (initialization): time 0.0006184/0.1683, allocations: 467.8 kB / 476.7 MB, free: 14.99 MB / 362.7 MB
Notification: Performance of setup shared object (initialization): time 4.89e-05/0.1684, allocations: 333.9 kB / 477.1 MB, free: 14.66 MB / 362.7 MB
Notification: Performance of preBalanceInitialSystem (initialization): time 0.00142/0.1698, allocations: 0.9173 MB / 478 MB, free: 13.74 MB / 362.7 MB
Notification: Performance of partitionIndependentBlocks (initialization): time 0.001922/0.1718, allocations: 1.632 MB / 479.6 MB, free: 11.79 MB / 362.7 MB
Notification: Performance of analyzeInitialSystem (initialization): time 0.006014/0.1778, allocations: 3.611 MB / 483.2 MB, free: 7.648 MB / 362.7 MB
Notification: Performance of solveInitialSystemEqSystem (initialization): time 2.314e-05/0.1778, allocations: 8 kB / 483.2 MB, free: 7.641 MB / 362.7 MB
Notification: Performance of matching and sorting (n=285) (initialization): time 0.008042/0.1859, allocations: 3.564 MB / 486.8 MB, free: 3.938 MB / 362.7 MB
Notification: Performance of prepare postOptimizeDAE: time 0.0006752/0.1866, allocations: 0.7012 MB / 487.5 MB, free: 3.109 MB / 362.7 MB
Notification: Performance of postOpt simplifyComplexFunction (initialization): time 0.00543/0.192, allocations: 1.952 MB / 489.4 MB, free: 1.082 MB / 362.7 MB
Notification: Performance of postOpt tearingSystem (initialization): time 0.002196/0.1943, allocations: 288.6 kB / 489.7 MB, free: 0.7969 MB / 362.7 MB
Notification: Performance of postOpt solveSimpleEquations (initialization): time 0.001442/0.1957, allocations: 227.5 kB / 490 MB, free: 0.5742 MB / 362.7 MB
Notification: Performance of postOpt calculateStrongComponentJacobians (initialization): time 0.001459/0.1972, allocations: 0.8214 MB / 490.8 MB, free: 15.73 MB / 378.7 MB
Notification: Performance of postOpt simplifyAllExpressions (initialization): time 0.002118/0.1993, allocations: 254.1 kB / 491 MB, free: 15.48 MB / 378.7 MB
Notification: Performance of postOpt collapseArrayExpressions (initialization): time 0.0003639/0.1997, allocations: 119.9 kB / 491.1 MB, free: 15.36 MB / 378.7 MB
Warning: Assuming fixed start value for the following 36 variables:
         P2.enableOut.Index:DISCRETE(fixed = true protected = true )  type: Integer
         P2.enableOut.endWhile:DISCRETE(fixed = true protected = true )  type: Boolean
         P2.enableOut.sumEnablingProbTAout:DISCRETE(fixed = true protected = true )  "sum of the enabling probabilities of the active output transitions" type: Real
         P2.enableOut.posTE:DISCRETE(fixed = true protected = true )  "possible enabled transition" type: Integer
         P2.enableOut.k:DISCRETE(fixed = true protected = true )  "iteration index" type: Integer
         P2.enableOut.nTAout:DISCRETE(fixed = true protected = true )  "number of active output transitions" type: Integer
         P2.enableOut.nremTAout:DISCRETE(fixed = true protected = true )  "number of remaining active output transitions" type: Integer
         P2.enableOut.arcWeightSum:DISCRETE(fixed = true protected = true )  "arc weight sum" type: Real
         P2.enableIn.posTE:DISCRETE(fixed = true protected = true )  "possible enabled transition" type: Integer
         P2.enableIn.k:DISCRETE(fixed = true protected = true )  "iteration index" type: Integer
         P2.enableIn.endWhile:DISCRETE(fixed = true protected = true )  type: Boolean
         P2.enableIn.sumEnablingProbTAin:DISCRETE(fixed = true protected = true )  "sum of the enabling probabilities of the active input transitions" type: Real
         P2.enableIn.nTAin:DISCRETE(fixed = true protected = true )  "number ofactive input transitions" type: Integer
         P2.enableIn.nremTAin:DISCRETE(fixed = true protected = true )  "number of remaining active input transitions" type: Integer
         P2.enableIn.Index:DISCRETE(fixed = true protected = true )  "priority Index" type: Integer
         P2.enableIn.arcWeightSum:DISCRETE(fixed = true protected = true )  "arc weight sum" type: Real
         P1.enableOut.posTE:DISCRETE(fixed = true protected = true )  "possible enabled transition" type: Integer
         P1.enableOut.k:DISCRETE(fixed = true protected = true )  "iteration index" type: Integer
         P1.enableOut.endWhile:DISCRETE(fixed = true protected = true )  type: Boolean
         P1.enableOut.sumEnablingProbTAout:DISCRETE(fixed = true protected = true )  "sum of the enabling probabilities of the active output transitions" type: Real
         P1.enableOut.nTAout:DISCRETE(fixed = true protected = true )  "number of active output transitions" type: Integer
         P1.enableOut.nremTAout:DISCRETE(fixed = true protected = true )  "number of remaining active output transitions" type: Integer
         P1.enableOut.Index:DISCRETE(fixed = true protected = true )  type: Integer
         P1.enableOut.arcWeightSum:DISCRETE(fixed = true protected = true )  "arc weight sum" type: Real
         P1.enableIn.posTE:DISCRETE(fixed = true protected = true )  "possible enabled transition" type: Integer
         P1.enableIn.k:DISCRETE(fixed = true protected = true )  "iteration index" type: Integer
         P1.enableIn.endWhile:DISCRETE(fixed = true protected = true )  type: Boolean
         P1.enableIn.sumEnablingProbTAin:DISCRETE(fixed = true protected = true )  "sum of the enabling probabilities of the active input transitions" type: Real
         P1.enableIn.nTAin:DISCRETE(fixed = true protected = true )  "number ofactive input transitions" type: Integer
         P1.enableIn.nremTAin:DISCRETE(fixed = true protected = true )  "number of remaining active input transitions" type: Integer
         P1.enableIn.Index:DISCRETE(fixed = true protected = true )  "priority Index" type: Integer
         P1.enableIn.arcWeightSum:DISCRETE(fixed = true protected = true )  "arc weight sum" type: Real
         P2.disMarksIn.anytrue:DISCRETE(fixed = true protected = true )  type: Boolean
         P2.disMarksOut.anytrue:DISCRETE(fixed = true protected = true )  type: Boolean
         P1.disMarksIn.anytrue:DISCRETE(fixed = true protected = true )  type: Boolean
         P1.disMarksOut.anytrue:DISCRETE(fixed = true protected = true )  type: Boolean
Notification: Model statistics after passing the back-end for initialization:
 * Number of independent subsystems: 96
 * Number of states: 0 ()
 * Number of discrete variables: 231 ($PRE.P2.enableOut.Index,P2.enableOut.Index,$PRE.P2.enableOut.endWhile,P2.enableOut.endWhile,$PRE.P2.enableOut.sumEnablingProbTAout,P2.enableOut.sumEnablingProbTAout,P2.enableOut.randNum,$PRE.P2.enableOut.randNum,P2.enableOut.state128[4],$PRE.P2.enableOut.state128[4],P2.enableOut.state128[3],$PRE.P2.enableOut.state128[3],P2.enableOut.state128[2],$PRE.P2.enableOut.state128[2],P2.enableOut.state128[1],$PRE.P2.enableOut.state128[1],$PRE.P2.enableOut.posTE,P2.enableOut.posTE,$PRE.P2.enableOut.k,P2.enableOut.k,$PRE.P2.enableOut.nTAout,P2.enableOut.nTAout,$PRE.P2.enableOut.nremTAout,P2.enableOut.nremTAout,$PRE.P2.enableOut.arcWeightSum,P2.enableOut.arcWeightSum,P2.delayPassedOut.numtrue,P2.delayPassedOut.anytrue,$whenCondition6,$PRE.P2.enableIn.posTE,P2.enableIn.posTE,$PRE.P2.enableIn.k,P2.enableIn.k,$PRE.P2.enableIn.endWhile,P2.enableIn.endWhile,P2.enableIn.randNum,$PRE.P2.enableIn.randNum,P2.enableIn.state128[4],$PRE.P2.enableIn.state128[4],P2.enableIn.state128[3],$PRE.P2.enableIn.state128[3],P2.enableIn.state128[2],$PRE.P2.enableIn.state128[2],P2.enableIn.state128[1],$PRE.P2.enableIn.state128[1],P2.enableIn.cumEnablingProb[1],$PRE.P2.enableIn.cumEnablingProb[1],$PRE.P2.enableIn.sumEnablingProbTAin,P2.enableIn.sumEnablingProbTAin,$PRE.P2.enableIn.nTAin,P2.enableIn.nTAin,$PRE.P2.enableIn.nremTAin,P2.enableIn.nremTAin,P2.enableIn.remTAin[1],$PRE.P2.enableIn.remTAin[1],$PRE.P2.enableIn.Index,P2.enableIn.Index,$PRE.P2.enableIn.arcWeightSum,P2.enableIn.arcWeightSum,P2.enableIn.disTAin[1],$PRE.P2.enableIn.disTAin[1],$PRE.P1.enableOut.posTE,P1.enableOut.posTE,$PRE.P1.enableOut.k,P1.enableOut.k,$PRE.P1.enableOut.endWhile,P1.enableOut.endWhile,P1.enableOut.randNum,$PRE.P1.enableOut.randNum,P1.enableOut.state128[4],$PRE.P1.enableOut.state128[4],P1.enableOut.state128[3],$PRE.P1.enableOut.state128[3],P1.enableOut.state128[2],$PRE.P1.enableOut.state128[2],P1.enableOut.state128[1],$PRE.P1.enableOut.state128[1],P1.enableOut.cumEnablingProb[1],$PRE.P1.enableOut.cumEnablingProb[1],$PRE.P1.enableOut.sumEnablingProbTAout,P1.enableOut.sumEnablingProbTAout,$PRE.P1.enableOut.nTAout,P1.enableOut.nTAout,$PRE.P1.enableOut.nremTAout,P1.enableOut.nremTAout,P1.enableOut.remTAout[1],$PRE.P1.enableOut.remTAout[1],$PRE.P1.enableOut.Index,P1.enableOut.Index,$PRE.P1.enableOut.arcWeightSum,P1.enableOut.arcWeightSum,P1.enableOut.disTAout[1],$PRE.P1.enableOut.disTAout[1],$PRE.P1.enableIn.posTE,P1.enableIn.posTE,$PRE.P1.enableIn.k,P1.enableIn.k,$PRE.P1.enableIn.endWhile,P1.enableIn.endWhile,P1.enableIn.randNum,$PRE.P1.enableIn.randNum,P1.enableIn.state128[4],$PRE.P1.enableIn.state128[4],P1.enableIn.state128[3],$PRE.P1.enableIn.state128[3],P1.enableIn.state128[2],$PRE.P1.enableIn.state128[2],P1.enableIn.state128[1],$PRE.P1.enableIn.state128[1],P1.enableIn.cumEnablingProb[1],$PRE.P1.enableIn.cumEnablingProb[1],$PRE.P1.enableIn.sumEnablingProbTAin,P1.enableIn.sumEnablingProbTAin,$PRE.P1.enableIn.nTAin,P1.enableIn.nTAin,$PRE.P1.enableIn.nremTAin,P1.enableIn.nremTAin,P1.enableIn.remTAin[1],$PRE.P1.enableIn.remTAin[1],$PRE.P1.enableIn.Index,P1.enableIn.Index,$PRE.P1.enableIn.arcWeightSum,P1.enableIn.arcWeightSum,P1.enableIn.disTAin[1],$PRE.P1.enableIn.disTAin[1],$PRE.P1.disMarksInOut,P1.outTransition[1].tokenInOut,$PRE.P2.disMarksIn.anytrue,$PRE.P2.disMarksOut.anytrue,P2.disMarksInOut,$whenCondition5,$PRE.P1.disMarksIn.anytrue,$PRE.P1.disMarksOut.anytrue,P1.disMarksInOut,$whenCondition4,P2.disMarksOut.numtrue,P2.disMarksOut.anytrue,P2.inTransition[1].disPlace,P2.inTransition[1].maxTokensint,P2.inTransition[1].tint,T1.outPlaces[2].disTransition,T1.outPlaces[2].enabledByInPlaces,P2.reStart,T1.firingCon,T1.outPlaces[1].disTransition,T1.outPlaces[1].enabledByInPlaces,P1.inTransition[1].disPlace,P1.inTransition[1].maxTokensint,P1.inTransition[1].tint,T1.inPlaces[1].disTransition,P1.outTransition[1].normalArc,P1.outTransition[1].testValueint,P1.outTransition[1].arcType,P1.outTransition[1].disPlace,P1.outTransition[1].minTokensint,P1.outTransition[1].tint,P1.reStart,P1.disMarksOut.vec[1],P1.disMarksOut.numtrue,P1.disMarksOut.anytrue,P1.disMarksIn.vec[1],P1.disMarksIn.numtrue,P1.disMarksIn.anytrue,P2.disMarksIn.vec[1],P2.disMarksIn.numtrue,P2.disMarksIn.anytrue,P1.delayPassedOut.vec[1],P1.delayPassedIn.vec[1],T1.activation.arcWeightIntIn[1],T1.activation.arcWeightIntOut[1],T1.activation.arcWeightIntOut[2],P2.delayPassedIn.vec[1],T1.activation.disPlaceOut[2],T1.activation.maxTokensInt[2],T1.activation.tIntOut[2],T1.activation.disPlaceOut[1],T1.activation.maxTokensInt[1],T1.activation.tIntOut[1],T1.activation.normalArc[1],T1.activation.testValueInt[1],T1.activation.arcType[1],T1.activation.disPlaceIn[1],T1.activation.minTokensInt[1],T1.activation.tIntIn[1],P2.emptying.numtrue,P2.emptying.anytrue,P2.feeding.numtrue,P2.feeding.anytrue,P2.feeding.vec[1],P2.delayPassedIn.numtrue,P2.delayPassedIn.anytrue,P2.enableIn.TEin[1],$PRE.P2.enableIn.TEin[1],P2.enableIn.TEin_[1],P2.enableIn.active[1],P2.fireIn[1],$PRE.P2.fireIn[1],T1.fire_,T1.activation.NoTokens,T1.activation.weaklyOutputActiveVec[2],T1.activation.weaklyOutputActiveVec[1],T1.activation.weaklyInputActiveVec[1],T1.activation.active,T1.activation.emptied[2],T1.activation.emptied[1],T1.activation.fed[1],P1.emptying.numtrue,P1.emptying.anytrue,P1.emptying.vec[1],P1.feeding.numtrue,P1.feeding.anytrue,P1.feeding.vec[1],P1.delayPassedIn.numtrue,P1.delayPassedIn.anytrue,P1.delayPassedOut.numtrue,P1.delayPassedOut.anytrue,P1.enableOut.TEout[1],$PRE.P1.enableOut.TEout[1],P1.enableOut.TEout_[1],P1.enableOut.TAout[1],P1.enableIn.TEin[1],$PRE.P1.enableIn.TEin[1],P1.enableIn.TEin_[1],P1.enableIn.active[1],P1.fireOut[1],$PRE.P1.fireOut[1],P1.fireIn[1],$PRE.P1.fireIn[1],$whenCondition3,$whenCondition2,$whenCondition1)
 * Number of discrete states: 0 ()
 * Number of clocked states: 0 ()
 * Top-level inputs: 0
Notification: Strong component statistics for initialization (240):
 * Single equations (assignments): 218
 * Array equations: 0
 * Algorithm blocks: 21
 * Record equations: 0
 * When equations: 0
 * If-equations: 0
 * Equation systems (not torn): 0
 * Torn equation systems: 1
 * Mixed (continuous/discrete) equation systems: 0
Notification: Torn system details for strict tearing set:
 * Linear torn systems (#iteration vars, #inner vars, density): 0 systems
 * Non-linear torn systems (#iteration vars, #inner vars): 1 system
   {(1,9)}
Notification: Performance of prepare postOptimizeDAE: time 0.003113/0.2028, allocations: 1.471 MB / 492.6 MB, free: 13.77 MB / 378.7 MB
Notification: Performance of postOpt lateInlineFunction (simulation): time 0.0007073/0.2036, allocations: 150.8 kB / 492.8 MB, free: 13.62 MB / 378.7 MB
Notification: Performance of postOpt wrapFunctionCalls (simulation): time 0.008525/0.2121, allocations: 4.371 MB / 497.1 MB, free: 9.152 MB / 378.7 MB
Notification: Performance of postOpt inlineArrayEqn (simulation): time 1.803e-05/0.2121, allocations: 8 kB / 497.1 MB, free: 9.145 MB / 378.7 MB
Notification: Performance of postOpt constantLinearSystem (simulation): time 6.152e-06/0.2122, allocations: 0 / 497.1 MB, free: 9.145 MB / 378.7 MB
Notification: Performance of postOpt simplifysemiLinear (simulation): time 9.548e-06/0.2122, allocations: 3.984 kB / 497.1 MB, free: 9.141 MB / 378.7 MB
Notification: Performance of postOpt removeSimpleEquations (simulation): time 0.009472/0.2217, allocations: 6.409 MB / 0.4917 GB, free: 2.574 MB / 378.7 MB
Notification: Performance of postOpt simplifyComplexFunction (simulation): time 0.2176/0.4393, allocations: 4.224 MB / 0.4959 GB, free: 76.49 MB / 378.7 MB
Notification: Performance of postOpt solveSimpleEquations (simulation): time 0.0003212/0.4397, allocations: 52.36 kB / 0.4959 GB, free: 76.49 MB / 378.7 MB
Notification: Performance of postOpt tearingSystem (simulation): time 0.0006106/0.4403, allocations: 185.7 kB / 0.4961 GB, free: 76.48 MB / 378.7 MB
Notification: Performance of postOpt inputDerivativesUsed (simulation): time 0.0002361/0.4406, allocations: 92.66 kB / 0.4962 GB, free: 76.48 MB / 378.7 MB
Notification: Performance of postOpt calculateStrongComponentJacobians (simulation): time 0.0006555/0.4412, allocations: 0.7852 MB / 0.497 GB, free: 75.96 MB / 378.7 MB
Notification: Performance of postOpt calculateStateSetsJacobians (simulation): time 3.055e-06/0.4412, allocations: 1.688 kB / 0.497 GB, free: 75.96 MB / 378.7 MB
Notification: Performance of postOpt symbolicJacobian (simulation): time 0.01064/0.4519, allocations: 6.511 MB / 0.5033 GB, free: 75.25 MB / 378.7 MB
Notification: Performance of postOpt removeConstants (simulation): time 0.0001749/0.4521, allocations: 175.7 kB / 0.5035 GB, free: 75.15 MB / 378.7 MB
Notification: Performance of postOpt simplifyTimeIndepFuncCalls (simulation): time 0.0004512/0.4526, allocations: 157.5 kB / 0.5036 GB, free: 75.15 MB / 378.7 MB
Notification: Performance of postOpt simplifyAllExpressions (simulation): time 0.001215/0.4538, allocations: 147 kB / 0.5038 GB, free: 75.15 MB / 378.7 MB
Notification: Performance of postOpt findZeroCrossings (simulation): time 0.0007268/0.4545, allocations: 342.7 kB / 0.5041 GB, free: 75.15 MB / 378.7 MB
Notification: Performance of postOpt collapseArrayExpressions (simulation): time 0.0002806/0.4548, allocations: 102.8 kB / 0.5042 GB, free: 75.15 MB / 378.7 MB
Notification: Performance of sorting global known variables: time 0.0004917/0.4553, allocations: 381.4 kB / 0.5046 GB, free: 75.06 MB / 378.7 MB
Notification: Performance of sort global known variables: time 1.71e-07/0.4553, allocations: 0 / 0.5046 GB, free: 75.06 MB / 378.7 MB
Notification: Performance of remove unused functions: time 0.001848/0.4572, allocations: 0.594 MB / 0.5051 GB, free: 75.05 MB / 378.7 MB
Notification: Model statistics after passing the back-end for simulation:
 * Number of independent subsystems: 2
 * Number of states: 2 (P1.t_,P2.t_)
 * Number of discrete variables: 119 (P2.disMarksInOut,$cse3[1],$whenCondition5,$whenCondition4,$whenCondition1,$whenCondition2,$whenCondition3,P1.outTransition[1].tokenInOut,P1.disMarksInOut,P1.fireIn[1],P1.fireOut[1],P1.enableIn.active[1],P1.enableIn.TEin_[1],P1.enableIn.state128[1],P1.enableIn.state128[2],P1.enableIn.state128[3],P1.enableIn.state128[4],P1.enableIn.TEin[1],P1.enableIn.disTAin[1],P1.enableIn.remTAin[1],P1.enableIn.cumEnablingProb[1],P1.enableIn.arcWeightSum,P1.enableIn.nremTAin,P1.enableIn.nTAin,P1.enableIn.k,P1.enableIn.posTE,P1.enableIn.randNum,P1.enableIn.sumEnablingProbTAin,P1.enableIn.endWhile,P1.enableIn.Index,P1.enableOut.TAout[1],P1.enableOut.TEout_[1],P1.enableOut.state128[1],P1.enableOut.state128[2],P1.enableOut.state128[3],P1.enableOut.state128[4],P1.enableOut.TEout[1],P1.enableOut.disTAout[1],P1.enableOut.remTAout[1],P1.enableOut.cumEnablingProb[1],P1.enableOut.arcWeightSum,P1.enableOut.nremTAout,P1.enableOut.nTAout,P1.enableOut.k,P1.enableOut.posTE,P1.enableOut.randNum,P1.enableOut.sumEnablingProbTAout,P1.enableOut.endWhile,P1.enableOut.Index,P1.delayPassedOut.anytrue,P1.delayPassedOut.numtrue,P1.delayPassedIn.anytrue,P1.delayPassedIn.numtrue,P1.disMarksOut.anytrue,P1.disMarksOut.numtrue,P1.disMarksIn.anytrue,P1.disMarksIn.numtrue,P1.feeding.vec[1],P1.feeding.anytrue,P1.feeding.numtrue,P1.emptying.vec[1],P1.emptying.anytrue,P1.emptying.numtrue,T1.activation.fed[1],T1.activation.emptied[1],T1.activation.emptied[2],T1.activation.active,T1.activation.weaklyInputActiveVec[1],T1.activation.weaklyOutputActiveVec[1],T1.activation.weaklyOutputActiveVec[2],T1.activation.NoTokens,T1.fire_,P2.fireIn[1],P2.enableIn.active[1],P2.enableIn.TEin_[1],P2.enableIn.state128[1],P2.enableIn.state128[2],P2.enableIn.state128[3],P2.enableIn.state128[4],P2.enableIn.TEin[1],P2.enableIn.disTAin[1],P2.enableIn.remTAin[1],P2.enableIn.cumEnablingProb[1],P2.enableIn.arcWeightSum,P2.enableIn.nremTAin,P2.enableIn.nTAin,P2.enableIn.k,P2.enableIn.posTE,P2.enableIn.randNum,P2.enableIn.sumEnablingProbTAin,P2.enableIn.endWhile,P2.enableIn.Index,P2.delayPassedIn.anytrue,P2.delayPassedIn.numtrue,P2.disMarksOut.anytrue,P2.disMarksOut.numtrue,P2.disMarksIn.anytrue,P2.disMarksIn.numtrue,P2.feeding.vec[1],P2.feeding.anytrue,P2.feeding.numtrue,P2.emptying.anytrue,P2.emptying.numtrue,$whenCondition6,P2.enableOut.state128[1],P2.enableOut.state128[2],P2.enableOut.state128[3],P2.enableOut.state128[4],P2.enableOut.arcWeightSum,P2.enableOut.nremTAout,P2.enableOut.nTAout,P2.enableOut.k,P2.enableOut.posTE,P2.enableOut.randNum,P2.enableOut.sumEnablingProbTAout,P2.enableOut.endWhile,P2.enableOut.Index,P2.delayPassedOut.anytrue,P2.delayPassedOut.numtrue)
 * Number of discrete states: 106 (P2.delayPassedOut.numtrue,P2.delayPassedOut.anytrue,P2.enableOut.Index,P2.enableOut.endWhile,P2.enableOut.sumEnablingProbTAout,P2.enableOut.state128[4],P2.enableOut.state128[3],P2.enableOut.state128[2],P2.enableOut.state128[1],P2.enableOut.randNum,P2.enableOut.posTE,P2.enableOut.k,P2.enableOut.nTAout,P2.enableOut.nremTAout,P2.enableOut.arcWeightSum,$whenCondition6,P1.disMarksInOut,P2.fireIn[1],P2.disMarksOut.anytrue,P2.disMarksIn.anytrue,P1.fireIn[1],P1.fireOut[1],P1.disMarksOut.anytrue,P1.disMarksIn.anytrue,P2.emptying.numtrue,P2.emptying.anytrue,P2.feeding.numtrue,P2.feeding.anytrue,P2.disMarksIn.numtrue,P2.disMarksOut.numtrue,P2.delayPassedIn.numtrue,P2.delayPassedIn.anytrue,P1.emptying.numtrue,P1.emptying.anytrue,P1.feeding.numtrue,P1.feeding.anytrue,T1.activation.weaklyOutputActiveVec[2],T1.activation.weaklyOutputActiveVec[1],T1.activation.weaklyInputActiveVec[1],T1.activation.active,T1.activation.NoTokens,P2.enableIn.TEin_[1],P2.enableIn.posTE,P2.enableIn.k,P2.enableIn.endWhile,P2.enableIn.state128[4],P2.enableIn.state128[3],P2.enableIn.state128[2],P2.enableIn.state128[1],P2.enableIn.randNum,P2.enableIn.cumEnablingProb[1],P2.enableIn.sumEnablingProbTAin,P2.enableIn.nTAin,P2.enableIn.nremTAin,P2.enableIn.remTAin[1],P2.enableIn.Index,P2.enableIn.arcWeightSum,P2.enableIn.disTAin[1],$whenCondition3,P2.enableIn.TEin[1],P1.disMarksIn.numtrue,P1.disMarksOut.numtrue,P1.delayPassedIn.numtrue,P1.delayPassedIn.anytrue,P1.delayPassedOut.numtrue,P1.delayPassedOut.anytrue,P1.enableOut.TEout_[1],P1.enableOut.posTE,P1.enableOut.k,P1.enableOut.endWhile,P1.enableOut.state128[4],P1.enableOut.state128[3],P1.enableOut.state128[2],P1.enableOut.state128[1],P1.enableOut.randNum,P1.enableOut.cumEnablingProb[1],P1.enableOut.sumEnablingProbTAout,P1.enableOut.nTAout,P1.enableOut.nremTAout,P1.enableOut.remTAout[1],P1.enableOut.Index,P1.enableOut.arcWeightSum,P1.enableOut.disTAout[1],$whenCondition2,P1.enableOut.TEout[1],P1.enableIn.TEin_[1],P1.enableIn.posTE,P1.enableIn.k,P1.enableIn.endWhile,P1.enableIn.state128[4],P1.enableIn.state128[3],P1.enableIn.state128[2],P1.enableIn.state128[1],P1.enableIn.randNum,P1.enableIn.cumEnablingProb[1],P1.enableIn.sumEnablingProbTAin,P1.enableIn.nTAin,P1.enableIn.nremTAin,P1.enableIn.remTAin[1],P1.enableIn.Index,P1.enableIn.arcWeightSum,P1.enableIn.disTAin[1],$whenCondition1,P1.enableIn.TEin[1],P2.disMarkChange,P1.disMarkChange)
 * Number of clocked states: 0 ()
 * Top-level inputs: 0
Notification: Strong component statistics for simulation (59):
 * Single equations (assignments): 40
 * Array equations: 1
 * Algorithm blocks: 17
 * Record equations: 0
 * When equations: 0
 * If-equations: 0
 * Equation systems (not torn): 0
 * Torn equation systems: 1
 * Mixed (continuous/discrete) equation systems: 0
Notification: Torn system details for strict tearing set:
 * Linear torn systems (#iteration vars, #inner vars, density): 0 systems
 * Non-linear torn systems (#iteration vars, #inner vars): 1 system
   {(1,11)}
Notification: Performance of Backend phase and start with SimCode phase: time 0.001064/0.4582, allocations: 0.4939 MB / 0.5056 GB, free: 74.93 MB / 378.7 MB
Notification: Performance of simCode: created initialization part: time 0.006809/0.4651, allocations: 4.857 MB / 0.5104 GB, free: 73.21 MB / 378.7 MB
Notification: Performance of simCode: created event and clocks part: time 4.248e-06/0.4651, allocations: 0 / 0.5104 GB, free: 73.21 MB / 378.7 MB
Notification: Performance of simCode: created simulation system equations: time 0.004224/0.4693, allocations: 5.783 MB / 0.516 GB, free: 69.02 MB / 378.7 MB
Notification: Performance of simCode: created of all other equations (e.g. parameter, nominal, assert, etc): time 0.0009527/0.4703, allocations: 196.5 kB / 0.5162 GB, free: 68.97 MB / 378.7 MB
Notification: Performance of simCode: created linear, non-linear and system jacobian parts: time 0.005159/0.4755, allocations: 3.469 MB / 0.5196 GB, free: 66.03 MB / 378.7 MB
Notification: Performance of simCode: some other stuff during SimCode phase: time 0.0006655/0.4761, allocations: 1.278 MB / 0.5208 GB, free: 64.74 MB / 378.7 MB
Notification: Performance of simCode: alias equations: time 0.0005989/0.4768, allocations: 255.9 kB / 0.5211 GB, free: 64.5 MB / 378.7 MB
Notification: Performance of simCode: all other stuff during SimCode phase: time 0.0001453/0.4769, allocations: 71.42 kB / 0.5211 GB, free: 64.43 MB / 378.7 MB
Notification: Performance of SimCode: time 7.62e-07/0.4769, allocations: 4 kB / 0.5212 GB, free: 64.43 MB / 378.7 MB
Notification: Performance of Templates: time 0.03436/0.5113, allocations: 25.31 MB / 0.5459 GB, free: 38.95 MB / 378.7 MB
make -j1 -f PNlib_master_PNlib.Examples.ConTest.LoopAndArcweight.makefile
(rm -f PNlib_master_PNlib.Examples.ConTest.LoopAndArcweight.pipe ; mkfifo PNlib_master_PNlib.Examples.ConTest.LoopAndArcweight.pipe ; head -c 1048576 < PNlib_master_PNlib.Examples.ConTest.LoopAndArcweight.pipe >> ../files/PNlib_master_PNlib.Examples.ConTest.LoopAndArcweight.sim & ./PNlib_master_PNlib.Examples.ConTest.LoopAndArcweight  -abortSlowSimulation -alarm=480  -emit_protected -lv LOG_STATS > PNlib_master_PNlib.Examples.ConTest.LoopAndArcweight.pipe 2>&1)
diffSimulationResults("PNlib_master_PNlib.Examples.ConTest.LoopAndArcweight_res.mat","/home/runner/work/PNlib/PNlib/ReferenceFiles/PNlib.Examples.ConTest.LoopAndArcweight.mat","../files/PNlib_master_PNlib.Examples.ConTest.LoopAndArcweight.diff",relTol=0.003,relTolDiffMinMax=0.003,rangeDelta=0.001)
Reference file matches
